time, response_time_p95, response_time, worker_number, request_rate,CPU0User%, CPU0Idle%, CPU0Total%, CPU1User%, CPU1Idle%, CPU1Total%,[DSK:sda]Reads, [DSK:sda]RMerge, [DSK:sda]RKBytes, [DSK:sda]WaitR, [DSK:sda]Writes, [DSK:sda]WMerge, [DSK:sda]WKBytes, [DSK:sda]WaitW, [DSK:sda]Request, [DSK:sda]QueLen, [DSK:sda]Wait, [DSK:sda]SvcTim, [DSK:sda]Util,[NUMA:0]Used, [NUMA:0]Free, [NUMA:0]Slab, [NUMA:0]Mapped, [NUMA:0]Anon, [NUMA:0]AnonH, [NUMA:0]Inactive, [NUMA:0]Hits,[TCPD]InReceives, [TCPD]InDelivers, [TCPD]OutRequests, [TCPD]InSegs, [TCPD]OutSegs
15:35:5,238.402,238.402,1,0.1,5.4,93.9,6.1,6.5,92.9,6.9,0.7,1.6,9.2,0.4,1.8,4.0,26.0,0.8,4.4,0.2,0.9,0.8,0.5,3574013.2,456526.8,219494.8,230644.4,1230468.0,0.0,1138380.8,100.0,3.5,3.5,3.8,3.5,3.8
15:36:0,2875.2261,1273.3612750000004,1,8.0,85.9,12.7,87.3,85.3,12.8,87.1,0.0,0.0,0.0,0.0,0.5,1.6,10.0,0.9,6.0,0.1,0.9,1.6,0.2,3578811.6,451728.4,220072.8,230281.6,1233348.4,0.0,1138371.2,100.0,34.0,34.0,34.3,34.0,34.3
15:36:1,3002.274799999999,1608.553787037037,2,10.8,71.9,25.9,73.8,73.7,24.1,75.9,0.0,0.0,0.0,0.0,4.9,4.6,41.2,0.6,4.0,0.2,0.6,0.8,0.7,3562159.2,468380.8,215567.2,224720.4,1216465.2,0.0,1060130.4,100.0,27.8,27.8,27.5,27.1,26.2
15:36:2,1606.0461,745.3834535519123,3,18.3,76.8,21.5,78.5,76.5,22.7,77.3,0.0,0.0,0.0,0.0,0.7,1.5,10.8,0.8,6.6,0.0,0.8,1.9,0.3,3501598.4,528941.6,181080.8,229055.6,1220491.6,0.0,1224358.8,100.0,29.5,29.5,30.0,28.8,29.0
15:36:3,286.0786,172.8153668341708,4,19.9,70.8,27.9,72.1,70.0,27.5,72.5,0.0,0.0,0.0,0.0,1.8,1.4,14.4,0.9,5.5,0.2,0.9,1.8,0.2,3457217.2,573314.8,210994.8,233253.6,1217967.6,0.0,1092910.8,100.0,20.1,20.1,23.5,19.4,22.8
15:36:4,347.0800999999999,178.05838974358966,5,19.5,79.1,17.6,82.3,83.8,13.9,86.0,0.0,0.0,0.0,0.0,2.5,2.4,24.8,1.2,6.8,0.1,1.2,1.6,0.6,3669553.2,360978.8,216886.4,228488.8,1219381.6,0.0,1111011.2,100.0,14.8,14.8,17.3,14.1,16.7
15:36:5,360.1439999999999,182.0522772277227,6,20.2,60.7,37.3,62.0,58.4,38.2,61.1,15.9,9.2,243.1,0.2,9.5,1.3,50.5,0.4,5.5,0.1,0.5,1.2,4.9,3421884.8,608655.2,164514.8,242085.2,1235713.6,0.0,1180964.0,100.0,17.1,17.1,20.1,16.6,19.6
15:37:0,357.07775,183.4133724489796,6,19.6,70.6,26.3,73.4,70.0,25.2,74.6,5.9,0.0,58.0,0.4,2.0,16.7,78.0,1.0,5.1,0.1,1.0,1.7,2.8,3431324.8,599215.2,164953.2,245986.8,1240988.4,0.0,1180610.4,100.0,19.3,19.3,25.0,18.7,24.2
15:37:1,325.7854999999999,184.38652820512817,7,19.5,71.0,26.7,73.3,71.7,26.5,73.4,0.8,5.9,29.3,0.3,1.2,1.2,11.2,0.6,8.8,0.1,0.9,1.6,0.5,3516657.2,513882.8,269908.0,274215.2,1230007.6,0.0,1089646.0,100.0,19.3,19.3,22.5,18.8,21.6
15:37:2,314.541,180.56640816326532,7,19.6,58.1,38.8,61.1,57.3,40.7,59.3,1.7,5.9,63.3,0.6,1.2,19.7,83.6,0.7,15.2,0.0,1.0,1.6,1.2,3523936.8,506603.2,270390.8,274228.8,1234764.0,0.0,1089966.8,100.0,17.7,17.7,22.1,16.6,21.0
15:37:3,342.4883999999996,183.3845126903553,7,19.7,47.8,50.5,49.5,48.1,50.8,49.1,0.0,0.0,0.0,0.0,0.8,2.0,14.8,0.7,7.9,0.0,0.7,1.9,0.4,3521089.6,509450.4,270118.8,273340.0,1232274.0,0.0,1089992.0,100.0,14.0,14.0,17.3,14.0,17.4
15:37:4,343.7668999999999,185.32858974358973,7,19.5,48.2,50.4,49.6,45.8,52.4,47.5,0.0,0.0,0.0,0.0,2.3,3.6,27.1,0.5,6.4,0.1,0.5,1.3,0.5,3522324.0,508216.0,270268.0,273645.6,1233196.0,0.0,1089998.0,100.0,13.5,13.5,15.8,13.5,15.8
15:37:5,331.76575,182.6461632653061,7,19.6,47.1,50.9,49.1,50.3,48.1,51.9,0.0,0.0,0.0,0.0,26.7,4.5,142.4,0.8,8.4,0.1,0.8,1.6,0.7,3522168.4,508371.6,270218.4,273647.6,1233330.4,0.0,1089992.8,100.0,15.6,15.6,17.2,15.6,17.3
15:38:0,336.25519999999995,187.66528643216094,7,19.9,52.8,45.2,54.8,54.0,44.6,55.3,0.0,0.0,0.0,0.0,0.8,2.4,17.9,0.5,6.8,0.0,0.5,1.5,0.4,3520076.0,510464.0,270246.0,273701.6,1231522.8,0.0,1089999.6,100.0,14.0,14.0,17.3,14.0,17.2
15:38:1,342.77025000000003,191.54949489795925,7,19.6,51.5,47.0,53.0,51.9,46.9,53.1,0.0,0.0,0.0,0.0,10.4,6.9,71.0,0.6,7.0,0.0,0.6,0.8,0.3,3522640.0,507900.0,270397.2,273715.6,1233396.4,0.0,1090035.2,100.0,15.3,15.3,16.4,15.3,16.1
15:38:2,345.4515,182.5792551020409,7,19.6,46.3,52.1,47.9,47.9,50.5,49.2,0.0,0.0,0.0,0.0,25.2,2.3,122.1,0.6,6.5,0.2,0.6,0.8,0.6,3521266.0,509274.0,270419.6,273722.8,1232038.8,0.0,1090030.0,100.0,17.6,17.6,18.7,17.1,18.2
15:38:3,367.1269999999995,202.00008808290153,7,19.3,49.1,49.3,50.7,46.6,52.4,47.6,0.0,0.0,0.0,0.0,14.1,1.5,73.6,0.5,5.4,0.1,0.5,0.9,0.3,3521581.6,508958.4,270380.4,274124.8,1232722.0,0.0,1090032.8,100.0,15.2,15.2,15.8,15.2,15.8
15:38:4,336.26525,185.86239795918374,7,19.6,47.9,50.0,50.0,47.5,50.8,49.2,0.0,0.0,0.0,0.0,0.8,3.3,23.2,0.9,11.7,0.0,0.9,2.3,0.5,3522078.0,508462.0,270376.8,274142.8,1232983.2,0.0,1090032.0,100.0,18.1,18.1,19.0,17.4,18.1
15:38:5,361.8009999999996,184.07685128205134,7,19.5,47.9,50.1,49.8,45.9,52.8,47.2,0.0,0.0,0.0,0.0,3.7,3.8,31.6,1.2,5.9,0.1,1.2,1.5,0.5,3522342.0,508198.0,270379.6,273507.6,1233166.4,0.0,1090034.4,100.0,15.8,15.8,16.8,15.8,17.0
15:39:0,340.58299999999997,184.2282577319588,7,19.4,46.5,52.4,47.6,46.5,51.7,48.3,0.0,0.0,0.0,0.0,23.9,3.3,124.7,0.7,9.1,0.0,0.7,1.9,0.5,3522462.0,508078.0,270346.8,273516.0,1233550.4,0.0,1090036.0,100.0,14.9,14.9,16.8,14.9,16.9
15:39:1,354.47975,185.70762755102038,7,19.6,49.7,48.4,51.5,48.8,48.8,51.2,0.0,0.0,0.0,0.0,0.5,1.8,11.2,0.7,5.0,0.0,0.7,1.3,0.4,3523058.8,507481.2,270478.8,273535.6,1233780.0,0.0,1090061.6,100.0,14.0,14.0,17.1,14.0,17.2
15:39:2,315.5288499999999,183.0405707070706,7,19.8,49.5,48.7,51.2,51.9,46.5,53.5,0.0,0.0,0.0,0.0,0.5,1.7,10.8,0.7,4.8,0.1,0.7,1.0,0.2,3522437.6,508102.4,270589.6,273817.2,1233126.4,0.0,1090063.6,100.0,14.4,14.4,18.3,13.9,17.9
15:39:3,341.4381999999998,183.2420304568527,7,19.7,47.2,51.4,48.6,46.2,51.9,48.0,0.0,0.0,0.0,0.0,0.4,1.7,10.0,0.4,5.0,0.1,0.4,0.8,0.1,3521674.4,508865.6,270542.0,273827.6,1232308.4,0.0,1090066.0,100.0,13.5,13.5,17.2,13.5,17.2
15:39:4,348.929,181.3112040816326,7,19.6,46.7,51.3,48.5,46.9,51.3,48.7,0.0,0.0,0.0,0.0,26.9,3.6,136.3,0.5,4.3,0.1,0.5,0.6,0.4,3524088.0,506452.0,270712.4,273831.2,1234187.6,0.0,1090065.2,100.0,13.7,13.7,16.5,13.7,16.4
15:39:5,226.37499999999997,169.93291752577326,7,19.4,47.1,51.0,48.8,44.6,53.4,46.6,0.0,0.0,0.0,0.0,2.0,3.6,24.8,1.0,5.8,0.2,1.0,1.4,0.7,3521114.0,509426.0,270600.0,274208.0,1231778.8,0.0,1090084.8,100.0,13.1,13.1,15.4,13.1,15.4
15:40:0,190.8405,154.94990816326532,7,19.6,42.3,55.2,44.8,41.5,56.9,43.1,0.0,0.0,0.0,0.0,0.7,2.3,15.2,0.9,8.4,0.2,0.9,1.8,0.2,3521348.8,509191.2,270577.6,274218.8,1232280.4,0.0,1090086.8,100.0,13.4,13.4,15.0,13.4,15.2
15:40:1,197.9982,158.57613513513516,7,3.7,3.5,95.8,4.0,3.2,96.3,3.7,0.0,0.0,0.0,0.0,3.4,3.0,29.2,0.7,9.2,0.1,0.7,1.4,0.2,3522110.4,508429.6,270536.8,274342.0,1233056.4,0.0,1090114.0,100.0,4.0,4.0,4.4,3.3,3.7
15:40:2,200.65259999999998,161.76967567567564,6,3.7,10.0,87.8,12.0,9.7,88.6,11.4,0.0,0.0,0.0,0.0,26.2,2.1,130.0,0.6,6.7,0.1,0.6,1.0,0.2,3526275.6,504264.4,270844.4,274815.6,1236367.2,0.0,1090130.4,100.0,8.2,8.2,8.8,7.7,8.6
15:40:3,205.23075,166.88986956521737,5,4.6,10.4,88.3,11.6,8.2,90.7,9.3,0.0,0.0,0.0,0.0,0.8,2.4,16.0,0.9,9.2,0.1,0.9,2.2,0.2,3523996.0,506544.0,270839.2,274070.0,1234003.6,0.0,1090244.4,100.0,5.6,5.6,6.2,5.6,6.4
15:40:4,201.4389,163.1088333333333,4,4.8,12.0,86.4,13.4,7.5,91.2,8.8,0.0,0.0,0.0,0.0,0.6,2.6,16.8,0.8,11.0,0.1,0.8,2.0,0.2,3523946.4,506593.6,270872.0,273620.0,1233971.2,0.0,1090246.8,100.0,5.0,5.0,5.0,5.0,5.2
15:40:5,199.39884999999998,174.08202272727272,3,4.4,24.0,74.6,24.9,24.2,74.0,25.7,0.0,0.0,0.0,0.0,25.0,5.2,135.9,0.6,6.3,0.3,0.6,1.1,0.7,3522152.4,508387.6,270883.6,273634.8,1232173.2,0.0,1090248.8,100.0,9.3,9.3,10.0,9.3,10.2
15:41:0,273.96739999999977,171.53359574468084,2,4.7,34.6,63.9,36.1,31.9,66.3,33.7,0.0,0.0,0.0,0.0,0.4,1.7,11.6,0.6,7.8,0.0,0.6,1.6,0.2,3520426.0,510114.0,270852.8,273641.6,1230695.6,0.0,1090244.4,100.0,12.1,12.1,13.1,12.1,13.3
15:41:1,295.8519999999999,181.9712448979592,1,4.9,66.0,32.3,67.6,65.8,31.7,68.3,0.0,0.0,0.0,0.0,0.5,2.1,12.0,0.9,7.0,0.0,0.9,1.6,0.2,3521701.2,508838.8,270881.6,273939.2,1231791.2,0.0,1090271.6,100.0,15.7,15.7,20.5,15.7,20.5
15:41:2,308.625,186.29534693877548,1,4.9,69.7,28.1,71.9,69.6,28.3,71.7,0.0,0.0,0.0,0.0,2.8,3.2,27.2,1.0,9.0,0.0,1.0,2.2,0.3,3521746.0,508794.0,270981.6,273950.0,1232196.0,0.0,1090274.4,100.0,17.3,17.3,23.0,16.8,22.8
15:41:3,198.03900000000002,162.1158913043478,2,4.6,61.3,37.4,62.6,59.2,38.2,61.7,0.0,0.0,0.0,0.0,26.6,2.9,130.4,0.9,8.6,0.2,0.9,1.6,0.4,3523132.4,507407.6,270912.8,273992.4,1233339.6,0.0,1090272.8,100.0,14.8,14.8,20.0,14.8,20.2
15:41:4,269.9705,172.3573137254902,2,5.1,40.6,57.9,42.0,40.1,58.0,42.0,0.0,0.0,0.0,0.0,0.6,2.4,15.2,0.9,10.0,0.1,0.9,2.0,0.2,3522831.6,507708.4,270985.6,274003.2,1233206.8,0.0,1090276.4,100.0,12.7,12.7,15.1,12.7,15.3
15:41:5,212.26549999999992,171.04276595744682,2,4.7,35.8,62.0,37.9,36.2,62.1,37.9,0.0,0.0,0.0,0.0,1.8,4.0,27.9,0.6,6.5,0.1,0.6,1.2,0.6,3523869.6,506670.4,271020.8,273728.0,1233580.8,0.0,1090278.0,100.0,11.1,11.1,13.8,11.1,14.0
15:42:0,433.07399999999984,229.7008775510204,1,4.9,65.1,33.0,67.0,64.5,34.3,65.7,0.0,0.0,0.0,0.0,2.5,2.6,23.3,0.6,7.5,0.1,0.6,1.0,0.2,3522674.0,507866.0,271149.6,273747.2,1232919.2,0.0,1090312.8,100.0,15.7,15.7,20.5,15.7,20.7
15:42:1,329.48999999999995,211.74457142857145,1,4.9,67.8,30.2,69.8,68.6,29.3,70.2,0.0,0.0,0.0,0.0,26.6,3.2,134.1,0.3,3.3,0.3,0.3,0.5,0.4,3523246.4,507293.6,271106.0,274044.8,1233056.4,0.0,1090349.2,100.0,17.2,17.2,22.8,16.5,22.1
15:42:2,253.1175,177.00282608695653,1,4.6,66.0,32.1,67.9,68.4,29.8,70.1,0.0,0.0,0.0,0.0,0.7,2.3,15.3,0.5,4.3,0.0,0.5,1.0,0.3,3521856.8,508683.2,271036.0,274042.4,1231895.2,0.0,1090352.4,100.0,17.7,17.7,23.0,17.2,22.8
15:42:3,510.6125499999997,233.9108653846154,1,5.2,77.6,20.6,79.4,79.8,17.9,81.9,0.0,0.0,0.0,0.0,3.6,3.1,32.4,0.2,1.8,0.1,0.2,0.2,0.3,3521240.0,509300.0,271098.4,274062.8,1231271.6,0.0,1090350.8,100.0,16.2,16.2,21.9,16.2,22.1
15:42:4,204.95419999999996,163.18706666666662,2,4.5,38.4,59.9,40.1,37.6,61.4,38.6,0.0,0.0,0.0,0.0,21.5,3.7,115.2,0.4,5.2,0.2,0.4,0.8,0.4,3521278.0,509262.0,271169.2,274070.0,1231474.8,0.0,1090356.4,100.0,11.0,11.0,14.5,11.0,14.7
15:42:5,293.84995,178.36412499999997,2,4.8,37.2,61.6,38.4,35.5,62.7,37.1,0.0,0.0,0.0,0.0,1.8,3.7,25.2,1.0,7.9,0.1,1.0,1.8,0.5,3522929.2,507610.8,271190.4,274086.0,1232848.4,0.0,1090481.6,100.0,10.1,10.1,13.5,10.1,13.5
15:43:0,295.13759999999996,185.1204489795918,1,4.9,65.7,32.6,67.4,64.5,33.5,66.4,0.0,0.0,0.0,0.0,0.5,2.6,14.4,1.3,7.4,0.1,1.3,1.8,0.3,3522398.0,508142.0,271192.8,274084.0,1232111.2,0.0,1090490.4,100.0,16.6,16.6,20.8,16.6,21.0
15:43:1,358.2538499999999,207.18200000000002,1,1.0,19.5,79.1,20.8,16.9,81.9,18.1,0.0,0.0,0.0,0.0,26.0,2.7,131.0,1.4,5.3,0.1,1.4,1.4,0.4,3523310.0,507230.0,271171.2,274094.8,1232910.4,0.0,1090521.6,100.0,6.9,6.9,8.2,6.9,8.4
15:43:2,343.58500000000004,199.57481818181816,1,1.1,19.0,80.2,19.8,17.4,80.8,19.1,0.0,0.0,0.0,0.0,0.5,2.1,12.4,0.8,7.4,0.1,0.8,1.6,0.2,3522240.8,508299.2,271184.4,274107.6,1232332.4,0.0,1090517.6,100.0,9.7,9.7,11.8,8.5,10.9
15:43:3,259.7095,229.1733636363636,1,1.1,24.4,74.2,25.8,23.3,75.5,24.3,0.0,0.0,0.0,0.0,23.8,3.8,123.6,0.6,4.2,0.2,0.6,1.1,0.7,3524351.2,506188.8,271337.6,273821.2,1233514.0,0.0,1090524.4,100.0,7.5,7.5,9.0,7.5,9.2
15:43:4,258.4807999999999,206.66023076923082,1,1.3,20.6,78.8,21.2,22.4,76.6,23.2,0.0,0.0,0.0,0.0,0.5,2.4,14.0,0.9,8.4,0.1,0.9,1.8,0.3,3524203.6,506336.4,271393.2,274466.8,1233517.6,0.0,1090534.8,100.0,7.0,7.0,8.0,7.0,8.0
15:43:5,420.349,233.06838461538462,1,1.3,23.2,75.3,24.7,24.9,73.3,26.5,0.0,0.0,0.0,0.0,2.0,3.8,26.8,1.1,8.0,0.2,1.1,1.8,0.5,3526288.8,504251.2,271356.4,274711.6,1236232.4,0.0,1090648.8,100.0,7.7,7.7,9.0,7.7,9.2
15:44:0,284.5927999999998,213.38576923076923,1,1.3,24.1,74.6,25.4,24.5,74.2,25.7,0.0,0.0,0.0,0.0,0.7,3.0,18.7,1.1,9.6,0.1,1.1,2.0,0.3,3524275.2,506264.8,271364.4,274512.8,1234043.2,0.0,1090654.8,100.0,8.3,8.3,9.7,8.3,9.9
15:44:1,341.93359999999996,212.01225,1,1.2,21.8,77.0,23.0,19.9,78.6,21.2,0.0,0.0,0.0,0.0,29.8,1.9,137.6,1.2,4.2,0.1,1.2,1.4,0.4,3524020.4,506519.6,271348.4,274523.6,1234056.8,0.0,1090679.2,100.0,7.8,7.8,9.3,7.8,9.5
15:44:2,350.23925,220.78087499999998,1,1.6,20.9,78.5,21.5,23.1,76.0,23.8,0.0,0.0,0.0,0.0,0.5,1.9,12.0,0.8,7.4,0.1,0.8,1.2,0.2,3522192.0,508348.0,271277.6,274106.8,1232446.4,0.0,1090677.2,100.0,8.2,8.2,10.1,7.7,9.7
15:44:3,354.47419999999994,216.08323076923077,1,1.3,23.2,75.0,24.9,28.9,67.8,31.8,0.0,0.0,0.0,0.0,21.0,2.0,102.4,0.5,3.0,0.1,0.5,0.8,0.4,3525957.6,504582.4,271570.8,274171.2,1235396.0,0.0,1090681.2,100.0,7.8,7.8,9.4,7.8,9.6
15:44:4,387.2343,221.50160000000002,1,1.5,24.3,74.4,25.6,25.7,72.8,27.1,0.0,0.0,0.0,0.0,0.4,2.4,11.2,0.9,5.6,0.1,0.9,1.4,0.3,3523028.4,507511.6,271363.2,274178.4,1233216.4,0.0,1090677.6,100.0,7.9,7.9,9.2,7.9,9.4
15:44:5,366.04159999999996,223.67406666666673,1,1.5,23.9,75.1,24.8,25.4,72.1,27.6,0.0,0.0,0.0,0.0,1.4,3.2,21.1,0.6,6.0,0.1,0.6,1.3,0.4,3521733.2,508806.8,271559.2,274176.0,1232121.2,0.0,1090699.6,100.0,7.4,7.4,8.9,7.4,8.9
15:45:0,379.33775,247.7358125,1,1.6,24.2,75.0,25.0,24.3,74.2,25.7,0.0,0.0,0.0,0.0,0.6,1.9,15.6,0.5,7.5,0.1,0.5,0.9,0.2,3522870.0,507670.0,271455.6,274546.0,1232830.8,0.0,1090703.6,100.0,8.6,8.6,9.8,8.6,10.0
15:48:1,315.1873999999999,205.5883076923077,1,1.3,1.2,98.5,1.5,1.3,98.4,1.4,0.0,0.0,0.0,0.0,0.8,1.6,11.6,0.9,7.4,0.1,0.9,2.2,0.2,3518413.2,512126.8,271403.2,274186.4,1228589.2,0.0,1090827.6,100.0,2.5,2.5,2.4,2.0,1.9
