time,response_time_p95,response_time,worker_number,request_rate,CPU0User%,CPU0Idle%,CPU0Total%,CPU1User%,CPU1Idle%,CPU1Total%,[DSK:sda]Reads,[DSK:sda]RMerge,[DSK:sda]RKBytes,[DSK:sda]WaitR,[DSK:sda]Writes,[DSK:sda]WMerge,[DSK:sda]WKBytes,[DSK:sda]WaitW,[DSK:sda]Request,[DSK:sda]QueLen,[DSK:sda]Wait,[DSK:sda]SvcTim,[DSK:sda]Util,[NUMA:0]Used,[NUMA:0]Free,[NUMA:0]Slab,[NUMA:0]Mapped,[NUMA:0]Anon,[NUMA:0]AnonH,[NUMA:0]Inactive,[NUMA:0]Hits,[TCPD]InReceives,[TCPD]InDelivers,[TCPD]OutRequests,[TCPD]InSegs,[TCPD]OutSegs
19:57:2,289.71545,253.4675,1,0.2,10.1,85.9,11.3,0.0,5.2,0.7,5.1,912117.2,92594.8,86677.2,58510.8,692752.8,0.0,46912.4,100.0,0.0,0.0,3.6,0.0,0.0,0.0,0.0,0.0,3.6,3.6,0.0,0.0,0.0,0.0,0.0,0.0,0.0
19:57:3,246.1806,233.23940000000002,1,0.5,18.3,72.8,21.8,0.0,51.6,0.4,9.4,908586.4,96125.6,85830.8,54979.2,696051.6,0.0,39202.0,100.0,0.0,0.0,6.1,0.0,0.0,0.0,0.0,0.0,6.1,5.9,0.0,0.0,0.0,0.0,0.0,0.0,0.0
19:57:4,1743.4665,1153.4069545454547,1,4.4,91.6,5.7,94.1,0.0,6.0,0.8,1.4,911920.8,92791.2,86158.0,55769.6,695470.0,0.0,36036.0,100.0,0.0,0.0,27.6,0.0,0.0,0.0,0.0,0.0,27.6,27.0,0.0,0.0,0.0,0.0,0.0,0.0,0.0
19:57:5,1095.3085999999998,680.6314678899084,2,10.9,93.0,4.9,95.1,0.0,40.0,0.5,8.1,921655.2,83056.8,80280.0,49658.8,688896.4,0.0,56466.8,100.0,0.0,0.0,35.9,0.0,0.0,0.0,0.0,0.0,35.9,35.2,0.0,0.0,0.0,0.0,0.0,0.0,0.0
19:58:0,1620.40445,952.3930304878055,3,16.4,95.8,0.6,99.3,0.0,43.0,0.7,18.9,934202.4,70509.6,79684.8,45631.2,749086.8,0.0,38467.6,100.0,0.0,0.0,35.1,0.0,0.0,0.0,0.0,0.0,35.1,34.2,0.0,0.0,0.0,0.0,0.0,0.0,0.0
19:58:1,1312.3075000000001,629.8128349514566,4,20.6,74.5,23.2,76.7,0.0,5.2,1.4,3.7,922061.2,82650.8,82711.2,53095.2,669206.0,0.0,74053.6,100.0,0.0,0.0,24.6,0.0,0.0,0.0,0.0,0.0,24.6,24.1,0.0,0.0,0.0,0.0,0.0,0.0,0.0
19:58:2,335.36905,196.33664400000006,5,25.0,74.0,23.4,76.0,0.0,5.2,1.1,4.9,912860.4,91851.6,82591.6,54190.8,691935.2,0.0,41783.6,100.0,0.0,0.0,25.3,0.0,0.0,0.0,0.0,0.0,25.3,24.9,0.0,0.0,0.0,0.0,0.0,0.0,0.0
20:00:2,359.6755499999999,253.39615454545458,4,11.0,2.5,93.2,3.8,0.0,2.8,1.0,5.3,892886.0,111826.0,80808.4,48425.2,694542.4,0.0,32274.4,100.0,0.0,0.0,1.9,0.0,0.0,0.0,0.0,0.0,1.9,1.7,0.0,0.0,0.0,0.0,0.0,0.0,0.0
20:00:3,230.5728,220.01699999999997,4,0.3,6.4,85.0,9.0,0.0,6.0,0.8,9.9,898647.6,106064.4,81101.6,48610.8,697249.6,0.0,32367.2,100.0,0.0,0.0,3.0,0.0,0.0,0.0,0.0,0.0,3.0,2.7,0.0,0.0,0.0,0.0,0.0,0.0,0.0
20:00:4,238.50725,220.58466666666666,4,0.6,1.2,98.4,1.4,0.0,6.4,0.8,0.2,899813.2,104898.8,81395.6,48152.8,694899.2,0.0,28283.6,100.0,0.0,0.0,1.1,0.0,0.0,0.0,0.0,0.0,1.1,1.0,0.0,0.0,0.0,0.0,0.0,0.0,0.0
20:00:5,442.33924999999994,254.220125,4,4.0,21.1,75.8,24.1,0.0,14.4,0.9,0.5,901918.4,102793.6,81479.2,48967.6,696636.4,0.0,28148.0,100.0,0.0,0.0,8.2,0.0,0.0,0.0,0.0,0.0,8.2,8.1,0.0,0.0,0.0,0.0,0.0,0.0,0.0
20:01:0,228.29439999999997,182.71630508474576,4,11.8,14.1,84.0,15.8,0.0,86.4,0.9,0.4,902186.4,102525.6,81485.6,49107.2,697023.2,0.0,28090.4,100.0,0.0,0.0,5.4,0.0,0.0,0.0,0.0,0.0,5.4,5.2,0.0,0.0,0.0,0.0,0.0,0.0,0.0
20:01:1,266.2235999999999,186.28244242424253,3,16.5,83.5,15.4,84.6,0.0,37.2,0.8,0.2,902888.0,101824.0,81507.6,48913.6,697108.0,0.0,28200.8,100.0,0.0,0.0,29.9,0.0,0.0,0.0,0.0,0.0,29.9,29.6,0.0,0.0,0.0,0.0,0.0,0.0,0.0
20:01:2,2448.6594999999984,1083.220231292517,2,14.7,97.0,1.1,98.9,0.0,10.4,0.8,0.3,905817.6,98894.4,81791.6,49461.2,699096.4,0.0,28286.4,100.0,0.0,0.0,41.4,0.0,0.0,0.0,0.0,0.0,41.4,38.8,0.0,0.0,0.0,0.0,0.0,0.0,0.0
20:01:3,5390.774199999999,2905.1045986394547,3,14.7,97.7,0.9,99.1,0.0,97.6,0.9,0.4,908805.2,95906.8,81913.2,49580.8,700675.6,0.0,28476.8,100.0,0.0,0.0,32.6,0.0,0.0,0.0,0.0,0.0,32.6,33.0,0.0,0.0,0.0,0.0,0.0,0.0,0.0
20:01:4,3504.7003999999993,2125.9786908212554,4,20.7,96.5,0.9,99.1,0.0,7.6,0.8,0.2,910346.4,94365.6,81982.4,49644.4,701846.8,0.0,28463.6,100.0,0.0,0.0,33.1,0.0,0.0,0.0,0.0,0.0,33.1,33.2,0.0,0.0,0.0,0.0,0.0,0.0,0.0
20:01:5,2637.5356999999995,1733.9797868217047,5,25.8,96.4,0.9,99.1,0.0,10.4,0.8,0.2,908646.0,96066.0,82020.8,49232.4,700225.2,0.0,28450.4,100.0,0.0,0.0,32.6,0.0,0.0,0.0,0.0,0.0,32.6,32.5,0.0,0.0,0.0,0.0,0.0,0.0,0.0
20:02:0,2010.3052499999994,1398.0653083832342,6,33.4,95.5,2.4,97.6,0.0,6.4,1.0,6.6,928179.6,76532.4,82004.8,49157.6,675495.6,0.0,60145.2,100.0,0.0,0.0,44.6,0.0,0.0,0.0,0.0,0.0,44.6,40.3,0.0,0.0,0.0,0.0,0.0,0.0,0.0
20:02:1,1679.9008,984.6898222811676,7,37.7,79.6,18.1,81.9,0.0,4.4,0.2,0.2,903592.4,101119.6,83249.6,57742.0,672585.6,0.0,44608.0,100.0,0.0,0.0,37.3,0.0,0.0,0.0,0.0,0.0,37.3,33.7,0.0,0.0,0.0,0.0,0.0,0.0,0.0
20:02:2,449.9947999999996,225.33250000000004,7,36.4,94.8,3.4,96.6,0.0,63.6,1.3,1.1,904658.0,100054.0,83256.0,57260.0,673005.2,0.0,44606.0,100.0,0.0,0.0,43.1,0.0,0.0,0.0,0.0,0.0,43.1,38.9,0.0,0.0,0.0,0.0,0.0,0.0,0.0
20:02:3,239.15255,177.00063271604944,7,32.4,91.7,6.7,93.3,0.0,9.2,0.5,0.4,904845.2,99866.8,83227.2,57616.0,673334.0,0.0,44619.2,100.0,0.0,0.0,40.9,0.0,0.0,0.0,0.0,0.0,40.9,36.9,0.0,0.0,0.0,0.0,0.0,0.0,0.0
20:02:4,216.57620000000003,164.44768771929807,6,28.5,89.3,9.0,91.0,0.0,11.2,0.7,0.3,904350.0,100362.0,83272.0,57418.0,672517.2,0.0,44839.6,100.0,0.0,0.0,40.2,0.0,0.0,0.0,0.0,0.0,40.2,36.9,0.0,0.0,0.0,0.0,0.0,0.0,0.0
20:02:5,218.7876,169.11508835341374,5,24.9,89.2,9.0,91.0,0.0,93.6,1.3,0.6,903922.8,100789.2,83300.4,57738.0,672008.4,0.0,44842.4,100.0,0.0,0.0,39.6,0.0,0.0,0.0,0.0,0.0,39.6,36.1,0.0,0.0,0.0,0.0,0.0,0.0,0.0
20:03:0,252.59414999999996,175.20822596153832,4,20.8,93.2,4.9,95.1,0.0,6.4,0.8,0.2,907499.6,97212.4,83358.0,57437.2,675741.6,0.0,44859.2,100.0,0.0,0.0,41.8,0.0,0.0,0.0,0.0,0.0,41.8,38.2,0.0,0.0,0.0,0.0,0.0,0.0,0.0
20:03:1,255.01829999999998,178.14372352941177,3,17.0,91.4,7.2,92.8,0.0,8.4,0.9,0.3,907770.8,96941.2,83396.0,57729.6,675746.4,0.0,44879.6,100.0,0.0,0.0,40.9,0.0,0.0,0.0,0.0,0.0,40.9,37.9,0.0,0.0,0.0,0.0,0.0,0.0,0.0
20:03:2,445.02975,298.2817769230769,2,13.0,96.3,1.7,98.3,0.0,13.6,0.6,0.3,905064.4,99647.6,83514.0,57508.0,672896.8,0.0,44877.2,100.0,0.0,0.0,44.6,0.0,0.0,0.0,0.0,0.0,44.6,41.8,0.0,0.0,0.0,0.0,0.0,0.0,0.0
20:03:3,277.3767999999997,170.1696666666667,2,9.3,74.2,24.4,75.5,0.0,100.8,0.5,0.3,905444.4,99267.6,83540.0,57519.2,673114.4,0.0,44880.8,100.0,0.0,0.0,32.2,0.0,0.0,0.0,0.0,0.0,32.2,30.1,0.0,0.0,0.0,0.0,0.0,0.0,0.0
20:03:4,245.20969999999994,162.23466666666667,1,5.4,80.7,17.3,82.6,0.0,12.4,0.6,0.3,905188.0,99524.0,83572.4,57882.4,673205.2,0.0,44886.4,100.0,0.0,0.0,36.0,0.0,0.0,0.0,0.0,0.0,36.0,33.2,0.0,0.0,0.0,0.0,0.0,0.0,0.0
20:03:5,278.73459999999994,190.64121739130442,1,2.3,43.3,55.6,44.3,0.0,7.6,0.7,0.3,910672.8,94039.2,83598.0,58208.4,678301.2,0.0,44952.8,100.0,0.0,0.0,17.9,0.0,0.0,0.0,0.0,0.0,17.9,16.5,0.0,0.0,0.0,0.0,0.0,0.0,0.0
20:04:0,278.5955,174.37698039215687,1,5.1,85.9,12.4,87.5,0.0,13.6,1.1,0.2,904776.4,99935.6,83618.4,57658.8,670384.8,0.0,44955.2,100.0,0.0,0.0,36.4,0.0,0.0,0.0,0.0,0.0,36.4,33.9,0.0,0.0,0.0,0.0,0.0,0.0,0.0
20:04:1,2022.8131999999998,958.1915733333334,1,7.5,96.2,1.0,99.0,0.0,101.6,1.1,1.6,906349.2,98362.8,83789.6,57513.2,674708.8,0.0,45070.0,100.0,0.0,0.0,49.3,0.0,0.0,0.0,0.0,0.0,49.3,43.5,0.0,0.0,0.0,0.0,0.0,0.0,0.0
20:04:2,4198.132199999999,2437.6268691588784,2,10.7,97.0,0.7,99.3,0.0,8.8,1.0,5.2,899633.6,105078.4,81864.0,55923.6,679717.6,0.0,42968.0,100.0,0.0,0.0,41.4,0.0,0.0,0.0,0.0,0.0,41.4,38.8,0.0,0.0,0.0,0.0,0.0,0.0,0.0
20:04:3,4012.87525,2276.5000405405403,3,14.8,96.8,0.8,99.2,0.0,7.6,1.2,4.9,905093.6,99618.4,82665.6,56064.4,680503.2,0.0,45260.8,100.0,0.0,0.0,41.6,0.0,0.0,0.0,0.0,0.0,41.6,37.9,0.0,0.0,0.0,0.0,0.0,0.0,0.0
20:04:4,2356.9696999999996,1064.507980295567,4,20.3,97.2,0.7,99.3,0.0,18.0,1.1,0.2,902224.0,102488.0,82692.0,55750.0,677368.0,0.0,45402.8,100.0,0.0,0.0,39.2,0.0,0.0,0.0,0.0,0.0,39.2,37.0,0.0,0.0,0.0,0.0,0.0,0.0,0.0
20:04:5,307.21835,207.93572131147542,5,24.4,96.6,1.7,98.3,0.0,105.2,1.0,0.3,899021.6,105690.4,82627.6,55773.6,674220.8,0.0,45381.6,100.0,0.0,0.0,42.7,0.0,0.0,0.0,0.0,0.0,42.7,39.8,0.0,0.0,0.0,0.0,0.0,0.0,0.0
20:05:0,363.0662,223.60859566787005,5,27.7,98.0,0.8,99.2,0.0,8.0,0.8,0.2,899920.8,104791.2,82672.8,55779.2,675121.2,0.0,45384.0,100.0,0.0,0.0,43.9,0.0,0.0,0.0,0.0,0.0,43.9,40.9,0.0,0.0,0.0,0.0,0.0,0.0,0.0
20:05:1,559.2251999999999,364.69802912621316,5,30.9,98.1,0.3,99.7,0.0,85.5,0.8,0.4,900787.2,103924.8,83245.2,56162.8,675490.0,0.0,45415.2,100.0,0.0,0.0,44.4,0.0,0.0,0.0,0.0,0.0,44.4,40.6,0.0,0.0,0.0,0.0,0.0,0.0,0.0
20:05:2,1596.4927,943.6392817337459,5,32.3,96.9,1.0,99.0,0.0,8.8,1.1,0.3,903007.6,101704.4,83273.2,55923.6,677115.2,0.0,45492.0,100.0,0.0,0.0,43.5,0.0,0.0,0.0,0.0,0.0,43.5,40.0,0.0,0.0,0.0,0.0,0.0,0.0,0.0
20:05:3,2039.6596,1401.768402332362,6,34.3,96.8,1.0,99.0,0.0,6.0,0.8,0.2,903455.2,101256.8,83288.0,55928.8,677561.2,0.0,45495.2,100.0,0.0,0.0,37.7,0.0,0.0,0.0,0.0,0.0,37.7,36.2,0.0,0.0,0.0,0.0,0.0,0.0,0.0
20:05:4,1499.4821999999997,650.8354357541899,7,35.8,96.3,2.1,97.9,0.0,6.0,0.8,0.3,901678.4,103033.6,83273.6,55979.2,675872.0,0.0,45543.6,100.0,0.0,0.0,37.7,0.0,0.0,0.0,0.0,0.0,37.7,36.1,0.0,0.0,0.0,0.0,0.0,0.0,0.0
20:05:5,218.26420000000002,167.88548307692318,7,32.5,92.4,6.4,93.6,0.0,105.2,0.9,0.3,902065.2,102646.8,83275.2,56048.8,676846.4,0.0,45544.0,100.0,0.0,0.0,37.3,0.0,0.0,0.0,0.0,0.0,37.3,35.6,0.0,0.0,0.0,0.0,0.0,0.0,0.0
20:06:0,220.84525000000002,168.95980069930076,6,28.6,92.1,6.8,93.2,0.0,6.0,1.4,0.3,899559.2,105152.8,83348.0,56064.8,673716.0,0.0,45546.4,100.0,0.0,0.0,35.8,0.0,0.0,0.0,0.0,0.0,35.8,34.5,0.0,0.0,0.0,0.0,0.0,0.0,0.0
20:06:1,232.01039999999986,172.28711428571427,5,24.5,90.9,7.8,92.2,0.0,83.2,1.3,0.5,899942.4,104769.6,83357.6,56076.8,673942.0,0.0,45568.4,100.0,0.0,0.0,38.1,0.0,0.0,0.0,0.0,0.0,38.1,35.6,0.0,0.0,0.0,0.0,0.0,0.0,0.0
20:06:2,226.97259999999997,167.9041207729469,4,20.7,88.8,9.8,90.2,0.0,6.0,0.8,0.2,899934.4,104777.6,83392.0,56088.8,673970.0,0.0,45564.0,100.0,0.0,0.0,34.7,0.0,0.0,0.0,0.0,0.0,34.7,33.8,0.0,0.0,0.0,0.0,0.0,0.0,0.0
20:06:3,283.32265,185.1470892857143,3,16.8,95.2,3.3,96.7,0.0,6.0,0.8,0.3,900213.6,104498.4,83374.4,56155.2,674027.2,0.0,45685.6,100.0,0.0,0.0,38.3,0.0,0.0,0.0,0.0,0.0,38.3,36.6,0.0,0.0,0.0,0.0,0.0,0.0,0.0
20:06:4,314.5429,235.48336153846154,2,13.0,97.6,1.0,99.0,0.0,8.0,0.9,0.2,902146.4,102565.6,83374.0,56170.0,676487.2,0.0,45688.8,100.0,0.0,0.0,40.5,0.0,0.0,0.0,0.0,0.0,40.5,38.9,0.0,0.0,0.0,0.0,0.0,0.0,0.0
20:06:5,276.48105,171.142902173913,2,9.2,76.2,22.4,77.4,0.0,108.0,0.6,0.5,903804.8,100907.2,83411.2,56232.8,677539.2,0.0,45684.0,100.0,0.0,0.0,30.9,0.0,0.0,0.0,0.0,0.0,30.9,30.0,0.0,0.0,0.0,0.0,0.0,0.0,0.0
20:07:0,264.4795999999999,171.20869230769227,1,5.2,79.6,19.3,80.7,0.0,6.0,2.3,0.6,899596.4,105115.6,83450.0,56235.6,673600.0,0.0,45686.0,100.0,0.0,0.0,30.2,0.0,0.0,0.0,0.0,0.0,30.2,29.6,0.0,0.0,0.0,0.0,0.0,0.0,0.0
20:07:1,236.68329999999997,183.79173913043482,1,2.3,40.4,58.3,41.6,0.0,8.0,0.7,0.3,902188.8,102523.2,83510.4,56958.4,675762.4,0.0,45475.2,100.0,0.0,0.0,15.0,0.0,0.0,0.0,0.0,0.0,15.0,14.1,0.0,0.0,0.0,0.0,0.0,0.0,0.0
20:07:2,287.1869,188.83897999999996,1,5.0,83.9,14.5,85.4,0.0,102.4,0.7,0.6,906575.6,98136.4,83512.0,57278.8,680184.4,0.0,43387.2,100.0,0.0,0.0,30.1,0.0,0.0,0.0,0.0,0.0,30.1,29.5,0.0,0.0,0.0,0.0,0.0,0.0,0.0
20:07:3,2683.13925,1325.2679736842103,1,7.6,96.5,1.1,98.9,0.0,4.0,1.0,0.3,907632.8,97079.2,83637.6,57146.4,680739.2,0.0,43491.2,100.0,0.0,0.0,44.8,0.0,0.0,0.0,0.0,0.0,44.8,40.8,0.0,0.0,0.0,0.0,0.0,0.0,0.0
20:07:4,5832.922999999998,2836.3672127659574,2,9.4,97.1,0.6,99.4,0.0,6.0,1.0,1.9,906518.4,98193.6,82252.8,53962.8,688577.2,0.0,43006.8,100.0,0.0,0.0,35.5,0.0,0.0,0.0,0.0,0.0,35.5,34.8,0.0,0.0,0.0,0.0,0.0,0.0,0.0
20:07:5,4671.166349999998,2343.1762323943663,3,14.2,96.8,0.8,99.2,0.0,8.8,1.0,0.8,902972.8,101739.2,82072.8,53574.0,686070.4,0.0,42644.4,100.0,0.0,0.0,35.2,0.0,0.0,0.0,0.0,0.0,35.2,34.2,0.0,0.0,0.0,0.0,0.0,0.0,0.0
20:08:0,2785.1724999999983,1405.0389802955665,4,20.3,96.7,0.8,99.2,0.0,103.6,0.9,0.5,906126.8,98585.2,82192.8,53796.8,688971.6,0.0,42824.0,100.0,0.0,0.0,34.5,0.0,0.0,0.0,0.0,0.0,34.5,34.2,0.0,0.0,0.0,0.0,0.0,0.0,0.0
20:08:1,825.7005499999999,302.7837438016531,5,24.2,96.9,1.8,98.2,0.0,6.4,1.0,0.4,905453.6,99258.4,83100.4,53136.0,687542.4,0.0,42834.4,100.0,0.0,0.0,38.2,0.0,0.0,0.0,0.0,0.0,38.2,36.8,0.0,0.0,0.0,0.0,0.0,0.0,0.0
20:08:2,306.76185000000004,202.9453035714287,5,28.0,99.0,0.0,100.0,0.0,6.0,0.8,0.2,906112.0,98600.0,83122.4,53016.8,688115.2,0.0,42819.2,100.0,0.0,0.0,38.9,0.0,0.0,0.0,0.0,0.0,38.9,37.4,0.0,0.0,0.0,0.0,0.0,0.0,0.0
20:08:3,493.4665,307.7649745222931,5,31.4,98.4,0.1,99.9,0.0,10.0,1.0,0.3,906176.8,98535.2,83125.6,53035.2,688072.0,0.0,42843.6,100.0,0.0,0.0,41.4,0.0,0.0,0.0,0.0,0.0,41.4,39.2,0.0,0.0,0.0,0.0,0.0,0.0,0.0
20:08:4,1299.1386,748.604657142857,5,31.5,97.7,0.7,99.3,0.0,102.0,3.6,0.8,906208.8,98503.2,83169.2,53051.6,687632.8,0.0,43048.0,100.0,0.0,0.0,37.5,0.0,0.0,0.0,0.0,0.0,37.5,36.0,0.0,0.0,0.0,0.0,0.0,0.0,0.0
20:08:5,1849.1997999999999,1316.208680672268,6,35.7,97.1,1.1,98.9,0.0,6.0,1.0,0.3,906674.0,98038.0,83233.6,53063.6,687922.0,0.0,43047.2,100.0,0.0,0.0,37.7,0.0,0.0,0.0,0.0,0.0,37.7,36.4,0.0,0.0,0.0,0.0,0.0,0.0,0.0
20:09:0,1419.418,654.1940692520773,7,36.1,95.4,2.6,97.4,0.0,10.0,0.8,0.2,906337.2,98374.8,83184.0,53067.2,687776.4,0.0,43045.2,100.0,0.0,0.0,36.7,0.0,0.0,0.0,0.0,0.0,36.7,35.5,0.0,0.0,0.0,0.0,0.0,0.0,0.0
20:09:1,217.52374999999995,164.2939814814815,7,32.4,90.7,7.9,92.1,0.0,13.2,1.0,0.2,906911.2,97800.8,83178.0,53108.8,688304.4,0.0,43048.0,100.0,0.0,0.0,38.1,0.0,0.0,0.0,0.0,0.0,38.1,36.4,0.0,0.0,0.0,0.0,0.0,0.0,0.0
20:09:2,212.753,160.61162283737013,6,28.9,88.8,10.4,89.6,0.0,98.0,0.9,0.3,906183.6,98528.4,83207.2,53179.6,687694.0,0.0,43042.4,100.0,0.0,0.0,35.1,0.0,0.0,0.0,0.0,0.0,35.1,33.6,0.0,0.0,0.0,0.0,0.0,0.0,0.0
20:09:3,218.5664,168.07105737704921,5,24.4,87.5,10.9,88.9,0.0,10.0,1.2,1.2,907255.6,97456.4,83305.2,53545.2,688482.8,0.0,42890.8,100.0,0.0,0.0,35.1,0.0,0.0,0.0,0.0,0.0,35.1,33.3,0.0,0.0,0.0,0.0,0.0,0.0,0.0
20:09:4,224.28974999999994,166.05800000000002,4,20.8,83.5,14.8,85.0,0.0,10.0,1.0,1.2,907829.2,96882.8,83340.8,53566.0,688750.8,0.0,41562.0,100.0,0.0,0.0,30.7,0.0,0.0,0.0,0.0,0.0,30.7,29.7,0.0,0.0,0.0,0.0,0.0,0.0,0.0
20:09:5,226.13039999999995,159.89175147928995,3,16.9,82.0,16.9,83.0,0.0,12.8,0.5,0.4,907615.2,97096.8,83304.8,53276.8,688440.8,0.0,41558.0,100.0,0.0,0.0,33.0,0.0,0.0,0.0,0.0,0.0,33.0,31.9,0.0,0.0,0.0,0.0,0.0,0.0,0.0
20:10:0,291.74,196.7511221374046,2,13.1,96.1,2.3,97.7,0.0,101.6,0.7,0.3,906978.8,97733.2,83330.8,53283.6,687849.6,0.0,41560.0,100.0,0.0,0.0,38.4,0.0,0.0,0.0,0.0,0.0,38.4,37.5,0.0,0.0,0.0,0.0,0.0,0.0,0.0
20:10:1,1486.7712,799.5710259740259,1,7.7,97.7,0.9,99.1,0.0,6.4,0.8,0.3,907560.8,97151.2,83370.8,53342.8,688094.4,0.0,41588.0,100.0,0.0,0.0,38.6,0.0,0.0,0.0,0.0,0.0,38.6,36.9,0.0,0.0,0.0,0.0,0.0,0.0,0.0
20:10:2,1878.2987499999995,536.0091346153847,2,5.2,78.2,20.3,79.7,0.0,7.2,0.8,0.3,908174.0,96538.0,83404.8,53419.6,688644.0,0.0,41627.2,100.0,0.0,0.0,27.7,0.0,0.0,0.0,0.0,0.0,27.7,27.6,0.0,0.0,0.0,0.0,0.0,0.0,0.0
20:10:3,270.18175,204.43949999999992,3,2.2,45.9,53.1,46.8,0.0,16.4,0.9,0.2,908292.8,96419.2,83433.6,53839.6,688766.8,0.0,41628.8,100.0,0.0,0.0,13.9,0.0,0.0,0.0,0.0,0.0,13.9,13.3,0.0,0.0,0.0,0.0,0.0,0.0,0.0
20:10:4,244.418,173.76647058823525,3,5.1,74.7,23.4,76.6,0.0,101.2,1.0,0.3,909016.0,95696.0,83515.2,54185.6,689475.2,0.0,41632.8,100.0,0.0,0.0,27.6,0.0,0.0,0.0,0.0,0.0,27.6,27.0,0.0,0.0,0.0,0.0,0.0,0.0,0.0
20:10:5,207.84175,164.81553488372094,2,8.6,77.3,20.8,79.1,0.0,6.0,0.9,0.3,909089.6,95622.4,83527.2,54222.0,689496.8,0.0,41643.6,100.0,0.0,0.0,29.0,0.0,0.0,0.0,0.0,0.0,29.0,28.2,0.0,0.0,0.0,0.0,0.0,0.0,0.0
20:11:0,5476.451,1957.7592916666665,1,9.6,96.5,0.9,99.0,0.0,10.8,2.1,4.5,910503.2,94208.8,83688.4,53884.4,692137.2,0.0,41044.8,100.0,0.0,0.0,43.7,0.0,0.0,0.0,0.0,0.0,43.7,39.6,0.0,0.0,0.0,0.0,0.0,0.0,0.0
20:11:1,9448.5804,4195.690145161291,2,6.2,96.2,0.4,99.5,0.0,100.4,0.9,12.0,908098.4,96613.6,82780.4,51925.6,699999.2,0.0,37776.0,100.0,0.0,0.0,26.5,0.0,0.0,0.0,0.0,0.0,26.5,28.4,0.0,0.0,0.0,0.0,0.0,0.0,0.0
20:11:2,4948.511899999998,2663.6424285714284,3,14.0,96.5,0.8,99.2,0.0,10.4,1.1,5.8,911462.0,93250.0,83052.0,51306.8,701273.2,0.0,36659.6,100.0,0.0,0.0,33.7,0.0,0.0,0.0,0.0,0.0,33.7,34.1,0.0,0.0,0.0,0.0,0.0,0.0,0.0
20:11:3,3143.6288999999997,2021.9500676328507,4,20.7,96.7,0.9,99.1,0.0,7.2,0.8,0.3,911364.4,93347.6,83021.2,50755.2,701126.8,0.0,33000.8,100.0,0.0,0.0,33.4,0.0,0.0,0.0,0.0,0.0,33.4,33.1,0.0,0.0,0.0,0.0,0.0,0.0,0.0
20:11:4,2348.4909,1423.0421740740733,5,27.0,97.0,0.9,99.1,0.0,8.8,0.9,0.2,911516.8,93195.2,83032.0,50766.0,701218.8,0.0,32964.8,100.0,0.0,0.0,33.6,0.0,0.0,0.0,0.0,0.0,33.6,33.6,0.0,0.0,0.0,0.0,0.0,0.0,0.0
20:11:5,1251.2872499999999,515.9706107594931,6,31.6,96.3,2.1,97.9,0.0,110.8,1.3,0.4,908731.6,95980.4,82972.0,49850.0,698820.0,0.0,32916.0,100.0,0.0,0.0,35.7,0.0,0.0,0.0,0.0,0.0,35.7,35.1,0.0,0.0,0.0,0.0,0.0,0.0,0.0
20:12:0,257.0,176.43382584269654,7,35.6,91.3,8.2,91.8,0.0,6.0,0.8,0.3,907859.2,96852.8,82902.4,49883.6,697890.0,0.0,33012.0,100.0,0.0,0.0,33.0,0.0,0.0,0.0,0.0,0.0,33.0,31.8,0.0,0.0,0.0,0.0,0.0,0.0,0.0
20:12:1,297.8958,221.63418251928022,6,38.9,98.6,0.0,100.0,0.0,6.4,0.7,0.2,908515.2,96196.8,83346.0,49887.6,697990.0,0.0,32968.0,100.0,0.0,0.0,42.6,0.0,0.0,0.0,0.0,0.0,42.6,40.1,0.0,0.0,0.0,0.0,0.0,0.0,0.0
20:12:2,289.76399999999995,189.71750137741057,6,36.3,96.2,2.6,97.4,0.0,88.6,0.8,1.6,909240.8,95471.2,83374.4,49960.4,698649.2,0.0,32984.4,100.0,0.0,0.0,37.4,0.0,0.0,0.0,0.0,0.0,37.4,36.6,0.0,0.0,0.0,0.0,0.0,0.0,0.0
20:12:3,304.66125,237.6244718750002,5,32.0,98.4,0.3,99.7,0.0,53.3,0.7,2.0,909400.0,95312.0,83422.4,50052.8,698572.8,0.0,32968.0,100.0,0.0,0.0,39.5,0.0,0.0,0.0,0.0,0.0,39.5,37.6,0.0,0.0,0.0,0.0,0.0,0.0,0.0
20:12:4,304.43925,201.65358802816905,5,28.4,90.0,8.5,91.0,0.0,7.2,0.8,1.1,910472.8,94239.2,83434.8,50820.4,698642.0,0.0,33047.6,100.0,0.0,0.0,34.2,0.0,0.0,0.0,0.0,0.0,34.2,33.3,0.0,0.0,0.0,0.0,0.0,0.0,0.0
20:12:5,218.83,164.58198780487797,5,24.6,86.2,12.3,87.6,0.0,90.4,0.2,0.6,910293.2,94418.8,83445.2,51231.6,697984.8,0.0,33088.0,100.0,0.0,0.0,35.2,0.0,0.0,0.0,0.0,0.0,35.2,34.1,0.0,0.0,0.0,0.0,0.0,0.0,0.0
20:13:0,209.29619999999997,163.70922488038272,4,20.9,83.3,15.3,84.7,0.0,6.0,0.8,0.2,910304.4,94407.6,83445.6,51263.6,698014.8,0.0,33068.0,100.0,0.0,0.0,33.3,0.0,0.0,0.0,0.0,0.0,33.3,31.5,0.0,0.0,0.0,0.0,0.0,0.0,0.0
20:13:1,249.9665,173.39611111111105,3,17.1,85.5,13.5,86.5,0.0,7.6,1.0,0.3,911144.0,93568.0,83460.0,51272.8,698692.8,0.0,33094.0,100.0,0.0,0.0,32.4,0.0,0.0,0.0,0.0,0.0,32.4,31.6,0.0,0.0,0.0,0.0,0.0,0.0,0.0
20:13:2,288.977,187.04783206106865,2,13.1,95.3,3.3,96.7,0.0,10.4,0.8,0.2,911296.8,93415.2,83475.2,51324.8,698684.4,0.0,33096.0,100.0,0.0,0.0,37.8,0.0,0.0,0.0,0.0,0.0,37.8,37.0,0.0,0.0,0.0,0.0,0.0,0.0,0.0
20:13:3,2208.723,1104.5585263157895,1,7.6,97.2,0.9,99.1,0.0,101.2,0.8,0.3,910952.8,93759.2,83682.8,51682.8,698050.0,0.0,33100.8,100.0,0.0,0.0,38.5,0.0,0.0,0.0,0.0,0.0,38.5,37.0,0.0,0.0,0.0,0.0,0.0,0.0,0.0
20:13:4,2668.2226,708.6790000000002,2,5.3,77.0,21.1,78.9,0.0,10.0,0.8,0.2,912798.8,91913.2,83691.2,52039.6,699921.6,0.0,33102.8,100.0,0.0,0.0,26.1,0.0,0.0,0.0,0.0,0.0,26.1,27.4,0.0,0.0,0.0,0.0,0.0,0.0,0.0
20:13:5,234.21749999999997,176.80254166666668,3,2.4,40.8,57.2,42.6,0.0,10.4,1.1,0.4,911970.0,92742.0,83628.8,51748.4,699103.2,0.0,33101.6,100.0,0.0,0.0,16.4,0.0,0.0,0.0,0.0,0.0,16.4,16.0,0.0,0.0,0.0,0.0,0.0,0.0,0.0
20:14:0,273.2271999999999,179.9578571428571,2,4.9,77.1,21.3,78.5,0.0,15.2,0.9,0.2,912628.0,92084.0,83634.4,52150.4,699826.8,0.0,33107.2,100.0,0.0,0.0,26.0,0.0,0.0,0.0,0.0,0.0,26.0,25.3,0.0,0.0,0.0,0.0,0.0,0.0,0.0
20:14:1,1741.5837,818.6852266666667,1,7.5,97.3,0.9,99.1,0.0,98.4,1.0,0.3,913158.0,91554.0,83793.2,52239.2,699866.4,0.0,33139.6,100.0,0.0,0.0,42.2,0.0,0.0,0.0,0.0,0.0,42.2,39.5,0.0,0.0,0.0,0.0,0.0,0.0,0.0
20:14:2,3743.354,1999.2460594059407,2,10.1,97.3,0.8,99.2,0.0,9.2,1.1,0.2,914392.8,90319.2,83831.6,52298.0,700724.8,0.0,33256.8,100.0,0.0,0.0,36.4,0.0,0.0,0.0,0.0,0.0,36.4,35.4,0.0,0.0,0.0,0.0,0.0,0.0,0.0
20:14:3,2784.5901,1266.5466168831163,3,15.4,97.4,0.8,99.2,0.0,7.2,0.8,0.2,913738.0,90974.0,83765.6,51922.0,700053.6,0.0,33253.6,100.0,0.0,0.0,33.2,0.0,0.0,0.0,0.0,0.0,33.2,33.6,0.0,0.0,0.0,0.0,0.0,0.0,0.0
20:14:4,939.8863999999996,345.2721274509803,4,20.4,97.5,1.2,98.8,0.0,12.4,0.9,0.2,912656.4,92055.6,83729.6,51948.4,699259.6,0.0,33250.0,100.0,0.0,0.0,35.4,0.0,0.0,0.0,0.0,0.0,35.4,35.1,0.0,0.0,0.0,0.0,0.0,0.0,0.0
20:14:5,360.68109999999996,239.1913305785125,4,24.2,98.6,0.1,99.9,0.0,117.2,0.9,0.3,912316.8,92395.2,83656.8,51613.2,699137.2,0.0,33252.8,100.0,0.0,0.0,39.2,0.0,0.0,0.0,0.0,0.0,39.2,37.9,0.0,0.0,0.0,0.0,0.0,0.0,0.0
20:15:0,1024.5774999999996,554.3276937984496,4,25.8,97.5,0.6,99.4,0.0,8.0,0.8,0.3,913284.4,91427.6,83777.2,51998.0,699564.8,0.0,33390.4,100.0,0.0,0.0,37.9,0.0,0.0,0.0,0.0,0.0,37.9,36.1,0.0,0.0,0.0,0.0,0.0,0.0,0.0
20:15:1,1611.4718,1060.673864238411,5,30.2,97.0,1.0,99.0,0.0,86.9,0.7,0.3,912830.4,91881.6,83791.6,51651.6,699022.8,0.0,33413.2,100.0,0.0,0.0,35.4,0.0,0.0,0.0,0.0,0.0,35.4,34.4,0.0,0.0,0.0,0.0,0.0,0.0,0.0
20:15:2,1721.443,1206.6392756598234,6,34.1,96.8,0.9,99.1,0.0,10.4,0.8,0.2,913265.6,91446.4,83840.8,51984.0,699277.6,0.0,33548.0,100.0,0.0,0.0,38.5,0.0,0.0,0.0,0.0,0.0,38.5,37.3,0.0,0.0,0.0,0.0,0.0,0.0,0.0
20:15:3,1445.6607999999997,863.4839766233758,7,38.5,97.7,0.8,99.2,0.0,6.0,0.8,0.2,913153.2,91558.8,83830.0,52023.6,699244.8,0.0,33546.8,100.0,0.0,0.0,35.3,0.0,0.0,0.0,0.0,0.0,35.3,35.0,0.0,0.0,0.0,0.0,0.0,0.0,0.0
20:15:4,289.2715,186.6829408450705,7,35.5,91.0,8.3,91.7,0.0,7.2,0.8,0.2,913491.2,91220.8,83796.8,51746.4,699598.8,0.0,33541.6,100.0,0.0,0.0,35.1,0.0,0.0,0.0,0.0,0.0,35.1,33.1,0.0,0.0,0.0,0.0,0.0,0.0,0.0
20:15:5,269.2102,176.51035493827158,6,32.4,91.1,7.8,92.2,0.0,114.0,1.3,0.4,912774.8,91937.2,83802.0,51755.6,699023.2,0.0,33540.0,100.0,0.0,0.0,33.8,0.0,0.0,0.0,0.0,0.0,33.8,32.3,0.0,0.0,0.0,0.0,0.0,0.0,0.0
20:16:0,298.6932,199.63010283687936,5,28.2,94.8,3.7,96.2,0.0,6.0,0.9,0.2,912965.6,91746.4,83868.0,51771.6,699020.4,0.0,33534.0,100.0,0.0,0.0,35.7,0.0,0.0,0.0,0.0,0.0,35.7,34.7,0.0,0.0,0.0,0.0,0.0,0.0,0.0
20:16:1,297.76099999999997,210.85270731707305,4,24.6,98.0,0.7,99.3,0.0,7.6,0.8,0.2,913666.4,91045.6,83908.4,51780.8,699673.6,0.0,33560.0,100.0,0.0,0.0,35.9,0.0,0.0,0.0,0.0,0.0,35.9,35.4,0.0,0.0,0.0,0.0,0.0,0.0,0.0
20:16:2,284.2246,200.71116585365857,4,20.5,87.3,11.4,88.6,0.0,102.8,0.6,0.3,913808.8,90903.2,83901.6,51844.8,699774.0,0.0,33564.0,100.0,0.0,0.0,31.3,0.0,0.0,0.0,0.0,0.0,31.3,30.9,0.0,0.0,0.0,0.0,0.0,0.0,0.0
20:16:3,211.5685,164.39319883040937,4,17.1,80.2,18.8,81.2,0.0,6.0,0.8,0.2,913812.0,90900.0,83952.8,51852.8,699780.0,0.0,33561.6,100.0,0.0,0.0,29.0,0.0,0.0,0.0,0.0,0.0,29.0,28.6,0.0,0.0,0.0,0.0,0.0,0.0,0.0
20:16:4,225.325,167.06012213740453,3,13.1,75.2,23.4,76.6,0.0,7.2,0.9,0.3,914068.8,90643.2,83938.4,51912.8,699776.4,0.0,33600.0,100.0,0.0,0.0,28.2,0.0,0.0,0.0,0.0,0.0,28.2,27.5,0.0,0.0,0.0,0.0,0.0,0.0,0.0
20:16:5,317.4107999999995,172.8290215053764,2,9.3,76.1,22.8,77.2,0.0,17.2,0.9,0.2,913349.2,91362.8,83975.2,51919.6,699134.4,0.0,33603.6,100.0,0.0,0.0,27.0,0.0,0.0,0.0,0.0,0.0,27.0,26.4,0.0,0.0,0.0,0.0,0.0,0.0,0.0
20:17:0,204.6062,163.99320000000003,1,5.5,82.6,16.0,83.9,0.0,101.6,0.8,0.3,913408.0,91304.0,84031.6,51931.6,699167.2,0.0,33609.6,100.0,0.0,0.0,31.3,0.0,0.0,0.0,0.0,0.0,31.3,30.5,0.0,0.0,0.0,0.0,0.0,0.0,0.0
20:17:1,217.0638,184.0221304347826,1,2.3,43.4,55.0,44.8,0.0,8.8,1.0,1.3,914256.4,90455.6,83926.8,52598.0,700369.6,0.0,33808.4,100.0,0.0,0.0,13.5,0.0,0.0,0.0,0.0,0.0,13.5,13.3,0.0,0.0,0.0,0.0,0.0,0.0,0.0
20:17:2,321.3605499999999,175.35602000000006,1,5.0,82.0,16.4,83.4,0.0,48.1,1.0,3.2,910889.2,93822.8,82529.2,52261.2,701705.2,0.0,34940.4,100.0,0.0,0.0,29.7,0.0,0.0,0.0,0.0,0.0,29.7,29.0,0.0,0.0,0.0,0.0,0.0,0.0,0.0
20:17:3,2561.66605,1281.240088235294,1,6.8,96.9,1.0,99.0,0.0,8.0,0.5,0.1,911830.8,92881.2,83347.6,52059.2,700361.2,0.0,35399.6,100.0,0.0,0.0,39.0,0.0,0.0,0.0,0.0,0.0,39.0,36.7,0.0,0.0,0.0,0.0,0.0,0.0,0.0
20:17:4,5159.082349999999,2755.03831,2,10.0,97.0,0.8,99.2,0.0,72.4,0.8,0.3,913024.0,91688.0,83313.2,52060.0,701530.4,0.0,34627.6,100.0,0.0,0.0,33.8,0.0,0.0,0.0,0.0,0.0,33.8,33.7,0.0,0.0,0.0,0.0,0.0,0.0,0.0
20:17:5,4493.41955,2234.445415584417,3,15.4,96.9,0.8,99.2,0.0,10.0,0.9,0.2,912925.2,91786.8,83313.6,52043.2,701350.8,0.0,34695.6,100.0,0.0,0.0,31.8,0.0,0.0,0.0,0.0,0.0,31.8,32.1,0.0,0.0,0.0,0.0,0.0,0.0,0.0
20:18:0,2565.5625999999997,1393.708152631579,4,19.0,96.7,0.7,99.3,0.0,86.0,0.8,0.4,916154.8,88557.2,83382.8,53007.6,704322.0,0.0,34700.8,100.0,0.0,0.0,31.6,0.0,0.0,0.0,0.0,0.0,31.6,32.1,0.0,0.0,0.0,0.0,0.0,0.0,0.0
20:18:1,858.867,304.5145062240664,5,24.1,95.0,3.3,96.7,0.0,8.4,1.0,0.4,912418.4,92293.6,83650.4,52119.6,701001.6,0.0,34692.8,100.0,0.0,0.0,32.9,0.0,0.0,0.0,0.0,0.0,32.9,32.9,0.0,0.0,0.0,0.0,0.0,0.0,0.0
20:18:2,329.5306500000001,212.56436428571428,5,28.0,98.5,0.1,99.9,0.0,83.0,0.8,0.3,912232.0,92480.0,83649.6,52130.4,700756.0,0.0,34704.8,100.0,0.0,0.0,35.7,0.0,0.0,0.0,0.0,0.0,35.7,35.2,0.0,0.0,0.0,0.0,0.0,0.0,0.0
20:18:3,433.9918,279.59619047619026,5,31.5,97.5,0.2,99.8,0.0,9.2,0.9,0.3,914367.2,90344.8,83674.4,52377.6,702381.6,0.0,34820.0,100.0,0.0,0.0,36.5,0.0,0.0,0.0,0.0,0.0,36.5,35.6,0.0,0.0,0.0,0.0,0.0,0.0,0.0
20:18:4,1290.77475,725.9747246835444,5,31.6,97.5,0.8,99.2,0.0,6.0,0.8,0.2,911641.2,93070.8,83660.8,51468.4,699772.8,0.0,34828.0,100.0,0.0,0.0,37.0,0.0,0.0,0.0,0.0,0.0,37.0,35.6,0.0,0.0,0.0,0.0,0.0,0.0,0.0
20:18:5,1867.2954,1317.141882352941,6,35.7,97.0,1.0,99.0,0.0,8.8,0.8,0.2,912167.6,92544.4,83767.2,51475.6,699898.4,0.0,34830.8,100.0,0.0,0.0,36.5,0.0,0.0,0.0,0.0,0.0,36.5,36.2,0.0,0.0,0.0,0.0,0.0,0.0,0.0
20:19:0,1395.2250000000001,634.5596054794518,7,36.5,95.2,3.4,96.6,0.0,112.8,0.8,0.3,911641.2,93070.8,83714.8,51486.4,699708.8,0.0,34832.0,100.0,0.0,0.0,32.9,0.0,0.0,0.0,0.0,0.0,32.9,33.5,0.0,0.0,0.0,0.0,0.0,0.0,0.0
20:19:1,225.137,167.76503076923072,7,32.5,90.7,8.1,91.9,0.0,6.4,0.8,0.2,912145.6,92566.4,83733.6,51512.8,700145.6,0.0,34852.0,100.0,0.0,0.0,32.9,0.0,0.0,0.0,0.0,0.0,32.9,32.2,0.0,0.0,0.0,0.0,0.0,0.0,0.0
20:19:2,213.19975,163.63053846153838,6,28.6,89.6,9.7,90.3,0.0,6.0,0.8,0.2,912267.2,92444.8,83762.0,51524.8,700180.8,0.0,34862.0,100.0,0.0,0.0,32.2,0.0,0.0,0.0,0.0,0.0,32.2,32.0,0.0,0.0,0.0,0.0,0.0,0.0,0.0
20:19:3,214.1755,164.42657894736828,5,24.7,87.2,11.6,88.3,0.0,99.6,0.8,0.3,911525.2,93186.8,83759.6,51535.6,699540.8,0.0,34864.0,100.0,0.0,0.0,31.2,0.0,0.0,0.0,0.0,0.0,31.2,30.8,0.0,0.0,0.0,0.0,0.0,0.0,0.0
20:19:4,224.18679999999998,166.5759377990431,4,20.9,86.6,12.4,87.6,0.0,6.0,0.8,0.2,911544.4,93167.6,83809.6,51547.6,699559.2,0.0,34863.6,100.0,0.0,0.0,32.0,0.0,0.0,0.0,0.0,0.0,32.0,31.2,0.0,0.0,0.0,0.0,0.0,0.0,0.0
20:19:5,278.65749999999997,168.47681176470584,3,17.0,84.4,14.2,85.7,0.0,6.0,0.8,0.2,911546.0,93166.0,83775.6,51555.6,699570.0,0.0,34861.6,100.0,0.0,0.0,32.0,0.0,0.0,0.0,0.0,0.0,32.0,31.4,0.0,0.0,0.0,0.0,0.0,0.0,0.0
20:20:0,436.66129999999987,256.7741290322582,2,12.4,96.6,2.0,98.0,0.0,101.2,0.9,0.3,912540.0,92172.0,83812.8,51564.8,700329.2,0.0,34864.0,100.0,0.0,0.0,35.2,0.0,0.0,0.0,0.0,0.0,35.2,34.9,0.0,0.0,0.0,0.0,0.0,0.0,0.0
20:20:1,223.91374999999996,166.06077777777773,2,9.0,76.3,22.5,77.4,0.0,7.6,0.8,0.2,912552.8,92159.2,83863.2,51576.8,700282.8,0.0,34887.6,100.0,0.0,0.0,26.5,0.0,0.0,0.0,0.0,0.0,26.5,26.3,0.0,0.0,0.0,0.0,0.0,0.0,0.0
20:20:2,289.1938999999999,210.81165454545453,1,5.5,81.6,17.2,82.8,0.0,82.0,0.5,0.3,913273.2,91438.8,83954.4,52289.6,701073.6,0.0,34890.4,100.0,0.0,0.0,27.4,0.0,0.0,0.0,0.0,0.0,27.4,27.1,0.0,0.0,0.0,0.0,0.0,0.0,0.0
20:20:3,301.72679999999986,189.0731304347826,1,2.3,42.1,56.1,43.9,0.0,9.2,0.8,0.2,915087.2,89624.8,83937.6,52540.0,702768.8,0.0,34888.8,100.0,0.0,0.0,15.3,0.0,0.0,0.0,0.0,0.0,15.3,14.9,0.0,0.0,0.0,0.0,0.0,0.0,0.0
20:20:4,298.74659999999994,213.22757142857134,1,4.9,86.2,12.1,87.8,0.0,6.0,2.0,0.4,913195.6,91516.4,83977.6,52306.8,700964.4,0.0,34888.4,100.0,0.0,0.0,29.1,0.0,0.0,0.0,0.0,0.0,29.1,29.0,0.0,0.0,0.0,0.0,0.0,0.0,0.0
20:20:5,2445.5477999999994,1242.4998571428573,1,7.0,97.7,0.9,99.1,0.0,7.6,0.7,0.3,913198.4,91513.6,84119.2,51978.8,700376.0,0.0,34885.6,100.0,0.0,0.0,39.0,0.0,0.0,0.0,0.0,0.0,39.0,36.9,0.0,0.0,0.0,0.0,0.0,0.0,0.0
20:21:0,4614.850199999999,2588.274929203539,2,11.3,97.3,0.9,99.1,0.0,6.0,0.8,0.2,913392.4,91319.6,84106.8,52325.6,700628.8,0.0,34895.2,100.0,0.0,0.0,34.0,0.0,0.0,0.0,0.0,0.0,34.0,33.9,0.0,0.0,0.0,0.0,0.0,0.0,0.0
20:21:1,4510.055,2249.300947019867,3,15.1,97.0,0.8,99.2,0.0,7.2,0.8,0.2,915194.4,89517.6,84141.6,52688.4,702106.4,0.0,35024.8,100.0,0.0,0.0,33.9,0.0,0.0,0.0,0.0,0.0,33.9,34.7,0.0,0.0,0.0,0.0,0.0,0.0,0.0
20:21:2,1853.3491,792.9597931034484,4,20.3,97.6,0.6,99.4,0.0,83.6,0.5,0.3,913502.8,91209.2,84072.0,51992.8,700705.6,0.0,35039.2,100.0,0.0,0.0,35.0,0.0,0.0,0.0,0.0,0.0,35.0,34.8,0.0,0.0,0.0,0.0,0.0,0.0,0.0
20:21:3,295.1478,186.25407024793378,5,24.2,92.6,6.1,93.9,0.0,9.2,0.7,0.3,913132.8,91579.2,84000.8,51688.8,700404.0,0.0,35036.0,100.0,0.0,0.0,33.5,0.0,0.0,0.0,0.0,0.0,33.5,33.0,0.0,0.0,0.0,0.0,0.0,0.0,0.0
20:21:4,735.2230999999999,396.2278838951312,4,26.7,97.8,0.4,99.6,0.0,6.0,0.8,0.2,913513.2,91198.8,84064.0,52335.2,700638.8,0.0,35035.6,100.0,0.0,0.0,37.9,0.0,0.0,0.0,0.0,0.0,37.9,36.9,0.0,0.0,0.0,0.0,0.0,0.0,0.0
20:21:5,2154.393,1305.7456568265688,4,27.1,97.0,1.0,99.0,0.0,8.8,0.8,0.2,913642.4,91069.6,84145.2,52070.4,700302.0,0.0,35033.6,100.0,0.0,0.0,36.0,0.0,0.0,0.0,0.0,0.0,36.0,35.2,0.0,0.0,0.0,0.0,0.0,0.0,0.0
20:22:0,2423.5695,1698.5947536231877,5,27.6,97.1,1.0,99.0,0.0,110.0,2.9,0.7,914382.8,90329.2,84178.0,52082.4,700926.8,0.0,35039.2,100.0,0.0,0.0,33.7,0.0,0.0,0.0,0.0,0.0,33.7,33.7,0.0,0.0,0.0,0.0,0.0,0.0,0.0
20:22:1,1970.8883,1366.7466169590632,6,34.2,97.1,1.0,99.0,0.0,6.4,0.8,0.2,914312.8,90399.2,84179.6,51733.2,700904.8,0.0,35063.6,100.0,0.0,0.0,35.1,0.0,0.0,0.0,0.0,0.0,35.1,34.8,0.0,0.0,0.0,0.0,0.0,0.0,0.0
20:22:2,1528.7089999999976,719.3267353760443,7,35.9,96.9,1.6,98.4,0.0,83.0,1.4,0.4,913143.6,91568.4,84106.4,51738.8,700010.4,0.0,35073.2,100.0,0.0,0.0,34.2,0.0,0.0,0.0,0.0,0.0,34.2,33.9,0.0,0.0,0.0,0.0,0.0,0.0,0.0
20:22:3,217.77089999999995,167.95116207951077,7,32.7,88.4,10.7,89.3,0.0,65.6,0.6,1.0,913448.8,91263.2,84090.4,51748.8,700494.4,0.0,35080.0,100.0,0.0,0.0,32.9,0.0,0.0,0.0,0.0,0.0,32.9,31.7,0.0,0.0,0.0,0.0,0.0,0.0,0.0
20:22:4,216.5553,169.58296515679433,6,28.7,87.1,11.3,88.7,0.0,10.4,0.7,0.4,913708.8,91003.2,84126.8,51764.8,700552.8,0.0,35077.6,100.0,0.0,0.0,32.2,0.0,0.0,0.0,0.0,0.0,32.2,31.4,0.0,0.0,0.0,0.0,0.0,0.0,0.0
20:22:5,237.68774999999994,174.58542338709668,5,24.8,86.9,12.2,87.8,0.0,90.4,1.1,0.5,913723.2,90988.8,84168.8,51820.8,700546.4,0.0,35076.0,100.0,0.0,0.0,31.3,0.0,0.0,0.0,0.0,0.0,31.3,31.0,0.0,0.0,0.0,0.0,0.0,0.0,0.0
20:23:0,271.2039999999999,178.78931707317062,4,20.5,84.8,13.8,86.1,0.0,6.0,0.9,0.2,913739.2,90972.8,84192.0,51828.8,700533.2,0.0,35083.6,100.0,0.0,0.0,29.8,0.0,0.0,0.0,0.0,0.0,29.8,29.2,0.0,0.0,0.0,0.0,0.0,0.0,0.0
20:23:1,282.305,173.05326900584797,3,17.1,85.8,12.9,87.1,0.0,7.6,0.9,0.2,913903.2,90808.8,84262.4,51844.8,700524.8,0.0,35105.2,100.0,0.0,0.0,31.8,0.0,0.0,0.0,0.0,0.0,31.8,31.0,0.0,0.0,0.0,0.0,0.0,0.0,0.0
20:23:2,288.28785,182.552090909091,2,13.2,95.2,3.1,96.9,0.0,13.2,0.5,0.2,913939.6,90772.4,84245.6,51848.8,700546.0,0.0,35104.0,100.0,0.0,0.0,35.3,0.0,0.0,0.0,0.0,0.0,35.3,34.9,0.0,0.0,0.0,0.0,0.0,0.0,0.0
20:23:3,2434.1612,1194.585189189189,1,7.4,97.6,0.9,99.1,0.0,8.8,1.0,0.4,913428.4,91283.6,84409.6,52153.6,699797.2,0.0,35108.0,100.0,0.0,0.0,35.6,0.0,0.0,0.0,0.0,0.0,35.6,34.2,0.0,0.0,0.0,0.0,0.0,0.0,0.0
20:23:4,2689.1848999999997,882.3387499999997,2,5.2,77.8,20.7,79.3,0.0,10.0,0.9,0.3,913690.4,91021.6,84333.6,52164.4,700219.6,0.0,35108.8,100.0,0.0,0.0,25.3,0.0,0.0,0.0,0.0,0.0,25.3,26.0,0.0,0.0,0.0,0.0,0.0,0.0,0.0
20:23:5,254.8133,203.75163636363632,3,2.2,45.5,52.7,47.1,0.0,8.8,0.8,0.2,913329.2,91382.8,84344.4,51875.6,699951.2,0.0,35104.0,100.0,0.0,0.0,15.5,0.0,0.0,0.0,0.0,0.0,15.5,15.0,0.0,0.0,0.0,0.0,0.0,0.0,0.0
20:24:0,229.599,169.06441176470588,3,5.1,75.3,23.3,76.7,0.0,14.4,0.9,0.2,914082.4,90629.6,84345.6,51888.8,700626.0,0.0,35106.8,100.0,0.0,0.0,26.9,0.0,0.0,0.0,0.0,0.0,26.9,26.5,0.0,0.0,0.0,0.0,0.0,0.0,0.0
20:24:1,261.7141,172.86778409090908,2,8.8,74.3,24.4,75.5,0.0,108.4,0.7,0.3,914248.0,90464.0,84406.4,51896.8,700626.8,0.0,35132.8,100.0,0.0,0.0,25.6,0.0,0.0,0.0,0.0,0.0,25.6,25.0,0.0,0.0,0.0,0.0,0.0,0.0,0.0
20:24:2,4799.98935,1894.8464124999998,1,8.0,97.2,1.0,99.0,0.0,6.8,0.9,0.2,913500.0,91212.0,84633.6,52255.6,699440.0,0.0,35128.0,100.0,0.0,0.0,44.0,0.0,0.0,0.0,0.0,0.0,44.0,39.9,0.0,0.0,0.0,0.0,0.0,0.0,0.0
20:24:3,7719.128749999999,3862.548971153845,2,10.4,97.9,0.6,99.4,0.0,91.2,2.5,0.7,914896.8,89815.2,84517.6,52637.2,700766.4,0.0,35260.4,100.0,0.0,0.0,28.2,0.0,0.0,0.0,0.0,0.0,28.2,30.0,0.0,0.0,0.0,0.0,0.0,0.0,0.0
20:24:4,5704.7069,2892.948251798561,3,13.9,97.2,0.9,99.1,0.0,93.2,0.8,0.5,915983.6,88728.4,84542.8,53000.4,701644.8,0.0,35319.2,100.0,0.0,0.0,34.6,0.0,0.0,0.0,0.0,0.0,34.6,34.8,0.0,0.0,0.0,0.0,0.0,0.0,0.0
20:24:5,3415.4503999999997,2108.498346341464,4,20.5,96.8,1.0,99.0,0.0,6.0,0.8,0.3,914732.8,89979.2,84567.6,52336.4,700398.0,0.0,35328.8,100.0,0.0,0.0,33.4,0.0,0.0,0.0,0.0,0.0,33.4,33.5,0.0,0.0,0.0,0.0,0.0,0.0,0.0
20:25:0,2447.2022,1550.2741710037174,5,26.9,97.4,0.9,99.1,0.0,6.0,1.0,0.3,915642.8,89069.2,84627.2,52032.4,701044.0,0.0,35333.6,100.0,0.0,0.0,33.5,0.0,0.0,0.0,0.0,0.0,33.5,33.7,0.0,0.0,0.0,0.0,0.0,0.0,0.0
20:25:1,1463.4357499999999,629.0948860759494,6,31.6,98.1,0.8,99.2,0.0,114.0,1.0,0.3,914571.2,90140.8,84536.0,52038.8,700280.0,0.0,35356.0,100.0,0.0,0.0,32.4,0.0,0.0,0.0,0.0,0.0,32.4,32.7,0.0,0.0,0.0,0.0,0.0,0.0,0.0
20:25:2,284.077,181.4148836565095,7,36.1,89.8,9.2,90.8,0.0,7.6,1.3,0.3,914944.0,89768.0,84548.8,52056.8,700796.8,0.0,35352.0,100.0,0.0,0.0,32.3,0.0,0.0,0.0,0.0,0.0,32.3,31.6,0.0,0.0,0.0,0.0,0.0,0.0,0.0
20:25:3,343.95769999999993,259.04818041237115,6,38.8,98.5,0.2,99.8,0.0,6.0,1.0,0.2,915111.2,89600.8,84590.4,52060.8,700764.8,0.0,35353.6,100.0,0.0,0.0,38.3,0.0,0.0,0.0,0.0,0.0,38.3,37.6,0.0,0.0,0.0,0.0,0.0,0.0,0.0
20:25:4,376.22150000000005,251.45667323943692,6,35.5,95.7,3.1,96.9,0.0,100.4,1.7,0.5,915133.6,89578.4,84559.2,52076.8,700790.0,0.0,35360.8,100.0,0.0,0.0,35.2,0.0,0.0,0.0,0.0,0.0,35.2,34.1,0.0,0.0,0.0,0.0,0.0,0.0,0.0
20:25:5,275.44509999999997,179.15715789473688,6,32.3,90.8,8.3,91.7,0.0,6.0,0.8,0.2,915228.0,89484.0,84610.4,52136.8,700848.0,0.0,35359.6,100.0,0.0,0.0,32.7,0.0,0.0,0.0,0.0,0.0,32.7,32.5,0.0,0.0,0.0,0.0,0.0,0.0,0.0
20:26:0,285.162,196.06879003558734,5,28.1,94.6,4.2,95.8,0.0,6.0,1.4,0.3,915244.0,89468.0,84632.8,52140.8,700861.2,0.0,35357.6,100.0,0.0,0.0,34.9,0.0,0.0,0.0,0.0,0.0,34.9,34.7,0.0,0.0,0.0,0.0,0.0,0.0,0.0
20:26:1,310.0725,233.62900000000002,4,24.7,97.7,0.8,99.2,0.0,10.8,1.3,0.3,915343.6,89368.4,84680.8,52156.8,700893.6,0.0,35384.0,100.0,0.0,0.0,35.4,0.0,0.0,0.0,0.0,0.0,35.4,34.9,0.0,0.0,0.0,0.0,0.0,0.0,0.0
20:26:2,275.85425,179.029359223301,4,20.6,86.7,12.1,87.9,0.0,102.2,1.2,0.4,915271.2,89440.8,84699.6,52164.8,700870.8,0.0,35383.2,100.0,0.0,0.0,30.9,0.0,0.0,0.0,0.0,0.0,30.9,30.7,0.0,0.0,0.0,0.0,0.0,0.0,0.0
20:26:3,249.26339999999996,164.2768106508876,3,16.9,85.3,13.7,86.3,0.0,6.0,0.8,0.2,914718.4,89993.6,84727.6,52179.6,700220.8,0.0,35385.2,100.0,0.0,0.0,30.2,0.0,0.0,0.0,0.0,0.0,30.2,29.9,0.0,0.0,0.0,0.0,0.0,0.0,0.0
20:26:4,320.8345999999999,205.90121538461545,2,13.0,94.9,3.8,96.2,0.0,12.0,0.9,0.2,914882.4,89829.6,84755.6,52187.6,700230.8,0.0,35516.0,100.0,0.0,0.0,35.0,0.0,0.0,0.0,0.0,0.0,35.0,34.6,0.0,0.0,0.0,0.0,0.0,0.0,0.0
20:26:5,311.6511499999999,166.4594574468085,2,9.4,76.0,23.2,76.8,0.0,86.0,0.6,0.3,915693.6,89018.4,84790.4,52204.8,700896.0,0.0,35514.8,100.0,0.0,0.0,27.5,0.0,0.0,0.0,0.0,0.0,27.5,27.2,0.0,0.0,0.0,0.0,0.0,0.0,0.0
20:27:0,214.81329999999997,165.6844074074074,1,5.4,82.4,16.1,83.8,0.0,37.2,0.5,0.3,915828.0,88884.0,84800.8,52212.8,700931.6,0.0,35512.8,100.0,0.0,0.0,29.4,0.0,0.0,0.0,0.0,0.0,29.4,29.0,0.0,0.0,0.0,0.0,0.0,0.0,0.0
20:27:1,225.10930000000002,185.38659090909093,1,2.2,41.8,56.8,43.0,0.0,9.2,0.8,0.4,917303.2,87408.8,84720.0,53023.2,703166.8,0.0,35650.8,100.0,0.0,0.0,12.7,0.0,0.0,0.0,0.0,0.0,12.7,12.5,0.0,0.0,0.0,0.0,0.0,0.0,0.0
20:27:2,309.18049999999994,194.10088000000005,1,5.0,82.5,15.6,84.2,0.0,74.8,0.1,3.4,910518.4,94193.6,83162.8,51821.6,702978.8,0.0,34622.0,100.0,0.0,0.0,30.3,0.0,0.0,0.0,0.0,0.0,30.3,29.5,0.0,0.0,0.0,0.0,0.0,0.0,0.0
20:27:3,2943.8586499999997,1299.5890857142854,1,7.0,97.1,0.9,99.1,0.0,77.9,0.6,1.2,909396.8,95315.2,83824.4,50902.4,699748.4,0.0,35144.0,100.0,0.0,0.0,39.1,0.0,0.0,0.0,0.0,0.0,39.1,36.4,0.0,0.0,0.0,0.0,0.0,0.0,0.0
20:27:4,5450.638,2676.3009549549556,2,11.1,97.8,0.8,99.2,0.0,4.8,0.4,0.1,910222.0,94490.0,83822.8,50916.4,700508.4,0.0,34323.2,100.0,0.0,0.0,30.6,0.0,0.0,0.0,0.0,0.0,30.6,31.4,0.0,0.0,0.0,0.0,0.0,0.0,0.0
20:27:5,5061.275799999999,2700.710049295773,3,14.2,96.5,0.8,99.2,0.0,8.0,0.9,0.2,914172.8,90539.2,83947.2,51856.4,704100.4,0.0,34303.6,100.0,0.0,0.0,33.1,0.0,0.0,0.0,0.0,0.0,33.1,33.3,0.0,0.0,0.0,0.0,0.0,0.0,0.0
20:28:0,2927.1433999999986,1483.7971472081226,4,19.7,96.5,0.6,99.4,0.0,70.8,0.8,0.5,915414.4,89297.6,83936.0,52668.0,705464.0,0.0,34341.6,100.0,0.0,0.0,32.8,0.0,0.0,0.0,0.0,0.0,32.8,33.0,0.0,0.0,0.0,0.0,0.0,0.0,0.0
20:28:1,899.3749499999999,330.0804139344263,5,24.4,92.7,5.5,94.5,0.0,41.2,0.4,0.4,911437.2,93274.8,84286.4,51378.0,701124.4,0.0,34532.8,100.0,0.0,0.0,33.5,0.0,0.0,0.0,0.0,0.0,33.5,32.8,0.0,0.0,0.0,0.0,0.0,0.0,0.0
20:28:2,533.24175,271.75242805755397,5,27.8,98.2,0.0,100.0,0.0,7.6,0.7,0.4,911486.0,93226.0,84327.6,51716.4,701314.4,0.0,34535.2,100.0,0.0,0.0,35.2,0.0,0.0,0.0,0.0,0.0,35.2,34.8,0.0,0.0,0.0,0.0,0.0,0.0,0.0
20:28:3,833.8390499999999,441.6435993377484,5,30.2,97.9,0.4,99.6,0.0,12.8,0.6,0.3,914057.6,90654.4,84299.2,51979.2,703487.2,0.0,34648.8,100.0,0.0,0.0,36.5,0.0,0.0,0.0,0.0,0.0,36.5,35.9,0.0,0.0,0.0,0.0,0.0,0.0,0.0
20:28:4,1856.082449999999,1053.4530389610381,5,30.8,97.4,0.9,99.1,0.0,82.4,0.4,0.5,914072.8,90639.2,84362.4,52012.0,703094.8,0.0,34792.0,100.0,0.0,0.0,33.9,0.0,0.0,0.0,0.0,0.0,33.9,33.1,0.0,0.0,0.0,0.0,0.0,0.0,0.0
20:28:5,2193.4728999999998,1443.7586493902427,6,32.8,96.3,1.0,99.0,0.0,40.8,0.6,0.3,915030.4,89681.6,84435.2,52028.8,703766.4,0.0,34795.2,100.0,0.0,0.0,33.9,0.0,0.0,0.0,0.0,0.0,33.9,33.8,0.0,0.0,0.0,0.0,0.0,0.0,0.0
20:29:0,1553.44675,714.1719833333326,7,36.0,95.8,2.3,97.7,0.0,6.8,0.8,0.2,912218.0,92494.0,84354.0,51108.4,701279.2,0.0,34796.0,100.0,0.0,0.0,33.7,0.0,0.0,0.0,0.0,0.0,33.7,33.2,0.0,0.0,0.0,0.0,0.0,0.0,0.0
20:29:1,334.74974999999995,198.32335759493677,7,31.6,89.1,9.8,90.2,0.0,106.4,0.8,0.3,911791.2,92920.8,84311.2,51162.4,701070.4,0.0,34854.8,100.0,0.0,0.0,30.1,0.0,0.0,0.0,0.0,0.0,30.1,29.8,0.0,0.0,0.0,0.0,0.0,0.0,0.0
20:29:2,226.86364999999998,169.09055474452558,6,27.4,85.5,13.1,86.9,0.0,6.0,0.8,0.2,912152.0,92560.0,84320.0,51232.8,701213.2,0.0,34933.2,100.0,0.0,0.0,31.2,0.0,0.0,0.0,0.0,0.0,31.2,30.7,0.0,0.0,0.0,0.0,0.0,0.0,0.0
20:29:3,223.2813,169.63880566801615,5,24.7,84.3,14.2,85.7,0.0,6.0,0.9,0.4,912152.0,92560.0,84349.6,51240.8,701242.4,0.0,34928.0,100.0,0.0,0.0,29.1,0.0,0.0,0.0,0.0,0.0,29.1,28.6,0.0,0.0,0.0,0.0,0.0,0.0,0.0
20:29:4,283.59079999999994,182.7317853658537,4,20.5,87.4,10.9,89.1,0.0,10.4,1.1,0.3,912156.8,92555.2,84372.8,51252.8,701188.0,0.0,34931.2,100.0,0.0,0.0,31.3,0.0,0.0,0.0,0.0,0.0,31.3,30.8,0.0,0.0,0.0,0.0,0.0,0.0,0.0
20:29:5,291.60075,181.96072891566251,3,16.6,83.3,15.3,84.7,0.0,113.2,1.2,0.4,911467.2,93244.8,84392.4,51259.6,700566.0,0.0,34932.8,100.0,0.0,0.0,29.1,0.0,0.0,0.0,0.0,0.0,29.1,28.5,0.0,0.0,0.0,0.0,0.0,0.0,0.0
20:30:0,296.9915,206.09045801526716,2,13.1,97.6,0.8,99.2,0.0,6.0,0.8,0.2,912252.0,92460.0,84427.2,51272.8,701210.8,0.0,34932.0,100.0,0.0,0.0,36.0,0.0,0.0,0.0,0.0,0.0,36.0,35.6,0.0,0.0,0.0,0.0,0.0,0.0,0.0
20:30:1,287.4925999999997,167.40204301075275,2,9.3,75.8,22.6,77.2,0.0,8.4,1.3,0.4,912341.6,92370.4,84407.6,51280.8,701172.4,0.0,34958.8,100.0,0.0,0.0,27.3,0.0,0.0,0.0,0.0,0.0,27.3,27.0,0.0,0.0,0.0,0.0,0.0,0.0,0.0
20:30:2,210.53094999999996,163.22638888888886,1,5.4,80.9,16.9,83.0,0.0,110.8,0.9,0.3,911916.8,92795.2,84467.2,51644.4,700740.4,0.0,34961.6,100.0,0.0,0.0,27.6,0.0,0.0,0.0,0.0,0.0,27.6,27.3,0.0,0.0,0.0,0.0,0.0,0.0,0.0
20:30:3,343.0714999999999,199.58422727272728,1,2.2,43.2,55.0,44.9,0.0,6.0,0.9,0.2,912842.8,91869.2,84520.0,51670.0,701657.6,0.0,34956.8,100.0,0.0,0.0,14.3,0.0,0.0,0.0,0.0,0.0,14.3,13.9,0.0,0.0,0.0,0.0,0.0,0.0,0.0
20:30:4,331.373,188.1741020408163,1,4.9,79.3,18.9,81.1,0.0,6.0,0.8,0.2,913184.4,91527.6,84558.4,52023.2,701990.8,0.0,34972.8,100.0,0.0,0.0,28.8,0.0,0.0,0.0,0.0,0.0,28.8,28.5,0.0,0.0,0.0,0.0,0.0,0.0,0.0
20:30:5,1939.084749999999,932.9738783783783,1,7.4,96.9,0.8,99.1,0.0,105.1,0.9,2.6,911026.8,93685.2,84399.2,51586.4,700813.2,0.0,34458.8,100.0,0.0,0.0,38.8,0.0,0.0,0.0,0.0,0.0,38.8,36.8,0.0,0.0,0.0,0.0,0.0,0.0,0.0
20:31:0,3969.505849999999,2069.7081299999995,2,10.0,96.6,0.8,99.2,0.0,7.6,2.8,7.0,900670.8,104041.2,82243.2,47801.2,702784.4,0.0,28666.0,100.0,0.0,0.0,33.0,0.0,0.0,0.0,0.0,0.0,33.0,33.2,0.0,0.0,0.0,0.0,0.0,0.0,0.0
20:31:1,3623.94305,1801.923844155844,3,15.4,96.6,0.7,99.3,0.0,6.4,0.9,5.9,906806.8,97905.2,83553.2,47589.2,702962.8,0.0,29812.8,100.0,0.0,0.0,29.4,0.0,0.0,0.0,0.0,0.0,29.4,29.9,0.0,0.0,0.0,0.0,0.0,0.0,0.0
20:31:2,1729.0755499999998,669.7372623762379,4,20.2,96.7,0.7,99.3,0.0,7.6,1.0,0.3,906609.6,98102.4,83503.6,47986.8,703012.4,0.0,27410.8,100.0,0.0,0.0,33.2,0.0,0.0,0.0,0.0,0.0,33.2,33.7,0.0,0.0,0.0,0.0,0.0,0.0,0.0
20:31:3,290.93069999999994,185.45135802469142,5,24.3,91.5,6.8,93.2,0.0,125.2,0.8,0.4,904898.8,99813.2,83420.8,47308.4,701678.0,0.0,27328.0,100.0,0.0,0.0,32.1,0.0,0.0,0.0,0.0,0.0,32.1,31.8,0.0,0.0,0.0,0.0,0.0,0.0,0.0
20:31:4,757.3051999999998,390.2540113636366,4,26.4,97.2,1.5,98.5,0.0,11.6,0.9,0.2,907033.2,97678.8,83440.0,47864.4,703620.8,0.0,27322.8,100.0,0.0,0.0,36.3,0.0,0.0,0.0,0.0,0.0,36.3,35.3,0.0,0.0,0.0,0.0,0.0,0.0,0.0
20:31:5,2209.1030499999997,1312.150246268657,4,26.8,96.6,1.0,99.0,0.0,8.0,0.9,0.2,907230.8,97481.2,83549.2,47889.6,703534.8,0.0,27325.2,100.0,0.0,0.0,36.4,0.0,0.0,0.0,0.0,0.0,36.4,35.5,0.0,0.0,0.0,0.0,0.0,0.0,0.0
20:32:0,2533.8672499999993,1702.006471223022,5,27.8,96.8,1.0,99.0,0.0,8.4,0.9,0.4,907806.8,96905.2,83489.2,47958.0,703941.2,0.0,27317.6,100.0,0.0,0.0,32.5,0.0,0.0,0.0,0.0,0.0,32.5,32.6,0.0,0.0,0.0,0.0,0.0,0.0,0.0
20:32:1,1921.4725999999998,1380.1168403614447,6,33.2,96.9,1.0,99.0,0.0,112.4,1.0,0.5,908062.0,96650.0,83569.2,48256.8,704096.8,0.0,27331.6,100.0,0.0,0.0,34.0,0.0,0.0,0.0,0.0,0.0,34.0,33.8,0.0,0.0,0.0,0.0,0.0,0.0,0.0
20:32:2,1592.72155,658.9974944134079,7,35.8,94.8,2.9,97.1,0.0,7.6,1.0,0.4,906742.8,97969.2,83532.8,47554.8,702397.2,0.0,27524.0,100.0,0.0,0.0,31.7,0.0,0.0,0.0,0.0,0.0,31.7,32.4,0.0,0.0,0.0,0.0,0.0,0.0,0.0
20:32:3,227.5327,166.22472477064233,7,32.7,89.7,8.7,91.3,0.0,8.8,0.8,0.2,907844.8,96867.2,83486.8,48151.6,703691.6,0.0,27548.4,100.0,0.0,0.0,32.1,0.0,0.0,0.0,0.0,0.0,32.1,31.7,0.0,0.0,0.0,0.0,0.0,0.0,0.0
20:32:4,212.28364999999997,165.35404577464791,6,28.4,87.8,10.3,89.4,0.0,116.4,1.2,1.6,905968.4,98743.6,83501.2,47905.2,701869.6,0.0,27546.4,100.0,0.0,0.0,29.3,0.0,0.0,0.0,0.0,0.0,29.3,28.7,0.0,0.0,0.0,0.0,0.0,0.0,0.0
20:32:5,212.3476,166.05965461847387,5,24.9,86.9,11.3,88.7,0.0,68.4,1.2,0.6,905854.0,98858.0,83547.6,47868.0,701714.4,0.0,27549.2,100.0,0.0,0.0,31.2,0.0,0.0,0.0,0.0,0.0,31.2,30.7,0.0,0.0,0.0,0.0,0.0,0.0,0.0
20:33:0,250.64889999999988,175.13216425120777,4,20.7,86.1,12.4,87.6,0.0,7.6,0.9,0.2,905878.0,98834.0,83548.8,47902.8,701661.6,0.0,27554.8,100.0,0.0,0.0,29.5,0.0,0.0,0.0,0.0,0.0,29.5,29.0,0.0,0.0,0.0,0.0,0.0,0.0,0.0
20:33:1,227.56595,163.03683139534894,3,17.2,84.0,14.1,85.9,0.0,7.2,1.0,0.2,905989.2,98722.8,83588.0,47615.2,701666.0,0.0,27574.0,100.0,0.0,0.0,30.7,0.0,0.0,0.0,0.0,0.0,30.7,30.4,0.0,0.0,0.0,0.0,0.0,0.0,0.0
20:33:2,287.8588,196.4047293233083,2,13.3,96.1,2.4,97.6,0.0,83.0,1.0,0.4,906104.8,98607.2,83584.4,47647.6,701628.0,0.0,27592.4,100.0,0.0,0.0,35.5,0.0,0.0,0.0,0.0,0.0,35.5,35.0,0.0,0.0,0.0,0.0,0.0,0.0,0.0
20:33:3,1962.413,972.1274691358022,1,8.1,97.0,0.9,99.1,0.0,39.6,0.8,0.2,905577.6,99134.4,83739.6,47649.6,700764.0,0.0,27624.4,100.0,0.0,0.0,36.8,0.0,0.0,0.0,0.0,0.0,36.8,35.8,0.0,0.0,0.0,0.0,0.0,0.0,0.0
20:33:4,2719.7340000000004,953.3698823529415,2,5.1,76.0,21.6,78.4,0.0,8.4,0.8,0.2,907604.8,97107.2,83713.2,48326.8,702883.2,0.0,27622.8,100.0,0.0,0.0,22.9,0.0,0.0,0.0,0.0,0.0,22.9,23.9,0.0,0.0,0.0,0.0,0.0,0.0,0.0
20:33:5,272.17,182.525,3,2.1,39.5,58.8,41.2,0.0,6.0,1.4,0.3,906358.8,98353.2,83678.0,47678.8,701746.0,0.0,27748.8,100.0,0.0,0.0,14.1,0.0,0.0,0.0,0.0,0.0,14.1,14.3,0.0,0.0,0.0,0.0,0.0,0.0,0.0
20:34:0,213.93025,164.15552,2,5.0,74.6,23.8,76.2,0.0,80.4,0.7,0.3,906330.8,98381.2,83674.0,47701.2,701483.6,0.0,27750.0,100.0,0.0,0.0,26.0,0.0,0.0,0.0,0.0,0.0,26.0,25.8,0.0,0.0,0.0,0.0,0.0,0.0,0.0
20:34:1,1840.616299999999,757.4249864864865,1,7.4,97.9,0.8,99.2,0.0,37.2,0.9,0.4,905588.0,99124.0,83730.4,47675.2,700581.2,0.0,27773.2,100.0,0.0,0.0,38.2,0.0,0.0,0.0,0.0,0.0,38.2,36.3,0.0,0.0,0.0,0.0,0.0,0.0,0.0
20:34:2,2883.8720000000003,1804.3152702702707,2,11.1,96.8,0.9,99.1,0.0,59.2,0.8,0.3,906536.0,98176.0,83826.0,47638.4,701148.8,0.0,27776.0,100.0,0.0,0.0,33.7,0.0,0.0,0.0,0.0,0.0,33.7,33.6,0.0,0.0,0.0,0.0,0.0,0.0,0.0
20:34:3,2827.285199999999,1378.7988089171974,3,15.7,96.6,0.9,99.1,0.0,60.0,5.0,1.1,907264.0,97448.0,83798.4,47999.6,701830.4,0.0,27775.6,100.0,0.0,0.0,33.9,0.0,0.0,0.0,0.0,0.0,33.9,34.1,0.0,0.0,0.0,0.0,0.0,0.0,0.0
20:34:4,972.9733999999999,352.8470940594061,4,20.2,96.6,2.3,97.7,0.0,18.0,1.5,0.5,906702.0,98010.0,83749.2,47780.8,701577.6,0.0,27773.2,100.0,0.0,0.0,34.7,0.0,0.0,0.0,0.0,0.0,34.7,34.5,0.0,0.0,0.0,0.0,0.0,0.0,0.0
20:34:5,348.94874999999996,239.6540454545455,4,24.2,98.5,0.0,100.0,0.0,106.8,0.4,0.4,906611.2,98100.8,83715.2,47459.2,701388.8,0.0,27776.8,100.0,0.0,0.0,36.5,0.0,0.0,0.0,0.0,0.0,36.5,36.6,0.0,0.0,0.0,0.0,0.0,0.0,0.0
20:35:0,895.7627999999999,497.2019581749048,4,26.3,97.7,0.7,99.3,0.0,6.0,0.8,0.3,906353.2,98358.8,83755.6,47859.2,701118.8,0.0,27776.4,100.0,0.0,0.0,36.0,0.0,0.0,0.0,0.0,0.0,36.0,35.5,0.0,0.0,0.0,0.0,0.0,0.0,0.0
20:35:1,2502.753,1545.6741673306772,4,25.1,97.1,1.0,99.0,0.0,6.4,1.4,0.3,906716.8,97995.2,83837.6,47535.6,701047.6,0.0,27804.0,100.0,0.0,0.0,36.5,0.0,0.0,0.0,0.0,0.0,36.5,35.4,0.0,0.0,0.0,0.0,0.0,0.0,0.0
20:35:2,2387.4614999999985,1655.532614840991,5,28.3,96.7,1.1,98.9,0.0,17.2,0.9,0.3,907444.0,97268.0,83831.2,47584.8,701642.4,0.0,27808.0,100.0,0.0,0.0,34.2,0.0,0.0,0.0,0.0,0.0,34.2,34.1,0.0,0.0,0.0,0.0,0.0,0.0,0.0
20:35:3,1987.3872,1359.2280744985687,6,34.9,96.8,1.0,99.0,0.0,114.8,0.8,0.3,907556.4,97155.6,83865.6,47610.4,701685.6,0.0,27807.2,100.0,0.0,0.0,33.2,0.0,0.0,0.0,0.0,0.0,33.2,33.2,0.0,0.0,0.0,0.0,0.0,0.0,0.0
20:35:4,1489.531,685.7977063711911,7,36.1,95.9,2.5,97.5,0.0,11.6,0.9,0.3,907184.4,97527.6,83814.8,47626.8,701580.0,0.0,27800.8,100.0,0.0,0.0,31.5,0.0,0.0,0.0,0.0,0.0,31.5,32.0,0.0,0.0,0.0,0.0,0.0,0.0,0.0
20:35:5,218.962,167.5116257668712,7,32.6,87.1,11.6,88.3,0.0,9.2,1.0,0.2,906887.2,97824.8,83824.0,47644.8,701441.2,0.0,27803.2,100.0,0.0,0.0,31.9,0.0,0.0,0.0,0.0,0.0,31.9,31.7,0.0,0.0,0.0,0.0,0.0,0.0,0.0
20:36:0,209.62675,161.31326595744687,6,28.2,86.2,12.7,87.3,0.0,13.6,0.9,0.2,906895.2,97816.8,83826.0,47656.8,701371.2,0.0,27809.2,100.0,0.0,0.0,31.2,0.0,0.0,0.0,0.0,0.0,31.2,30.8,0.0,0.0,0.0,0.0,0.0,0.0,0.0
20:36:1,211.43715,160.8659314516128,5,24.8,87.0,12.0,88.0,0.0,110.4,1.0,0.5,907145.6,97566.4,83874.4,47708.8,701410.0,0.0,27828.0,100.0,0.0,0.0,31.3,0.0,0.0,0.0,0.0,0.0,31.3,30.9,0.0,0.0,0.0,0.0,0.0,0.0,0.0
20:36:2,216.4154,162.68512077294685,4,20.7,83.1,15.3,84.7,0.0,9.2,0.9,0.2,907158.4,97553.6,83880.8,47744.8,701467.6,0.0,27830.8,100.0,0.0,0.0,30.9,0.0,0.0,0.0,0.0,0.0,30.9,30.5,0.0,0.0,0.0,0.0,0.0,0.0,0.0
20:36:3,283.07315000000006,170.02396428571433,3,16.8,87.8,10.9,89.1,0.0,88.5,1.3,0.4,906496.8,98215.2,83893.2,47758.0,700782.8,0.0,27960.8,100.0,0.0,0.0,29.7,0.0,0.0,0.0,0.0,0.0,29.7,29.4,0.0,0.0,0.0,0.0,0.0,0.0,0.0
20:36:4,286.05799999999994,171.46027131782935,2,12.9,93.4,5.4,94.6,0.0,8.8,0.8,0.2,906512.4,98199.6,83882.4,47771.6,700777.6,0.0,27956.0,100.0,0.0,0.0,33.6,0.0,0.0,0.0,0.0,0.0,33.6,33.4,0.0,0.0,0.0,0.0,0.0,0.0,0.0
20:36:5,1851.8096,1033.5041298701296,1,7.7,96.8,1.0,99.0,0.0,82.3,0.8,0.3,907196.4,97515.6,84076.8,48138.8,700785.6,0.0,28091.6,100.0,0.0,0.0,37.2,0.0,0.0,0.0,0.0,0.0,37.2,36.2,0.0,0.0,0.0,0.0,0.0,0.0,0.0
20:37:0,2124.6475,732.196823529412,2,5.1,73.2,25.5,74.5,0.0,85.9,0.8,0.3,907414.0,97298.0,83983.6,48149.6,701238.0,0.0,28092.4,100.0,0.0,0.0,24.8,0.0,0.0,0.0,0.0,0.0,24.8,25.3,0.0,0.0,0.0,0.0,0.0,0.0,0.0
20:37:1,222.52145,178.43862500000003,3,2.4,44.0,54.7,45.3,0.0,6.4,0.7,0.3,906809.2,97902.8,83952.8,47819.6,700799.2,0.0,28108.0,100.0,0.0,0.0,15.2,0.0,0.0,0.0,0.0,0.0,15.2,15.0,0.0,0.0,0.0,0.0,0.0,0.0,0.0
20:37:2,190.19399999999993,159.40825999999998,2,5.0,78.5,20.1,79.9,0.0,6.0,0.8,0.2,908056.0,96656.0,84027.6,48490.8,701954.4,0.0,28111.6,100.0,0.0,0.0,26.8,0.0,0.0,0.0,0.0,0.0,26.8,26.7,0.0,0.0,0.0,0.0,0.0,0.0,0.0
20:37:3,1814.7335999999998,816.1764533333336,1,7.5,97.4,0.8,99.2,0.0,119.2,0.9,0.3,908157.2,96554.8,84090.4,48548.0,701680.8,0.0,28112.8,100.0,0.0,0.0,40.6,0.0,0.0,0.0,0.0,0.0,40.6,38.6,0.0,0.0,0.0,0.0,0.0,0.0,0.0
20:37:4,3569.136,1723.437485148515,2,10.1,96.6,0.9,99.1,0.0,75.4,1.3,1.7,911462.8,93249.2,84191.6,48809.2,704626.0,0.0,28112.8,100.0,0.0,0.0,32.0,0.0,0.0,0.0,0.0,0.0,32.0,32.5,0.0,0.0,0.0,0.0,0.0,0.0,0.0
20:37:5,2401.2435999999993,1257.034878980891,3,15.7,96.4,0.9,99.1,0.0,10.4,1.0,0.3,912675.6,92036.4,84184.4,49612.8,705820.8,0.0,28116.0,100.0,0.0,0.0,34.4,0.0,0.0,0.0,0.0,0.0,34.4,34.9,0.0,0.0,0.0,0.0,0.0,0.0,0.0
20:38:0,985.7487999999996,370.41382926829255,4,20.5,96.7,1.5,98.5,0.0,10.0,1.4,0.2,908368.8,96343.2,84111.2,48257.6,701927.2,0.0,28119.2,100.0,0.0,0.0,33.2,0.0,0.0,0.0,0.0,0.0,33.2,33.2,0.0,0.0,0.0,0.0,0.0,0.0,0.0
20:38:1,352.18114999999995,238.09262184873938,4,23.8,98.4,0.0,100.0,0.0,100.8,1.6,0.4,908626.4,96085.6,84147.6,48622.0,702278.8,0.0,28240.8,100.0,0.0,0.0,36.1,0.0,0.0,0.0,0.0,0.0,36.1,35.7,0.0,0.0,0.0,0.0,0.0,0.0,0.0
20:38:2,1006.0766999999997,547.8377558139532,4,25.8,97.5,0.7,99.3,0.0,6.0,0.8,0.2,909470.4,95241.6,84158.4,48686.4,702814.0,0.0,28242.8,100.0,0.0,0.0,37.6,0.0,0.0,0.0,0.0,0.0,37.6,37.1,0.0,0.0,0.0,0.0,0.0,0.0,0.0
20:38:3,1472.644,1022.801993265993,5,29.7,96.9,0.8,99.2,0.0,10.0,0.8,0.2,909086.8,95625.2,84304.0,48286.0,702147.6,0.0,28253.2,100.0,0.0,0.0,32.4,0.0,0.0,0.0,0.0,0.0,32.4,32.1,0.0,0.0,0.0,0.0,0.0,0.0,0.0
20:38:4,1575.6322999999998,1000.1832997118162,6,34.7,96.1,0.9,99.1,0.0,16.8,1.0,0.2,909615.6,95096.4,84310.0,48656.8,702643.2,0.0,28249.6,100.0,0.0,0.0,36.1,0.0,0.0,0.0,0.0,0.0,36.1,36.0,0.0,0.0,0.0,0.0,0.0,0.0,0.0
20:38:5,1058.0447499999996,446.4949296874997,7,38.4,95.8,1.9,98.1,0.0,108.0,0.7,0.3,909147.2,95564.8,84257.2,48340.0,702363.2,0.0,28250.0,100.0,0.0,0.0,32.1,0.0,0.0,0.0,0.0,0.0,32.1,32.0,0.0,0.0,0.0,0.0,0.0,0.0,0.0
20:39:0,225.119,168.56509141274236,7,36.1,89.0,9.8,90.2,0.0,10.0,0.9,0.2,907351.6,97360.4,84195.2,47999.6,700880.4,0.0,28252.0,100.0,0.0,0.0,30.5,0.0,0.0,0.0,0.0,0.0,30.5,30.4,0.0,0.0,0.0,0.0,0.0,0.0,0.0
20:39:1,267.16459999999995,171.44393577981648,6,32.7,90.5,7.8,92.2,0.0,9.6,1.1,0.7,909017.6,95694.4,84320.0,48016.8,701614.4,0.0,28735.2,100.0,0.0,0.0,33.8,0.0,0.0,0.0,0.0,0.0,33.8,33.4,0.0,0.0,0.0,0.0,0.0,0.0,0.0
20:39:2,278.96395,181.45532394366205,5,28.4,93.4,5.1,94.8,0.0,6.0,0.8,0.3,908841.6,95870.4,84356.8,48060.8,701488.4,0.0,28728.8,100.0,0.0,0.0,35.9,0.0,0.0,0.0,0.0,0.0,35.9,35.4,0.0,0.0,0.0,0.0,0.0,0.0,0.0
20:39:3,292.9365,199.9785843621398,4,24.3,95.4,3.5,96.5,0.0,110.8,8.7,1.9,908931.2,95780.8,84381.6,48072.8,701539.6,0.0,28736.0,100.0,0.0,0.0,34.2,0.0,0.0,0.0,0.0,0.0,34.2,34.0,0.0,0.0,0.0,0.0,0.0,0.0,0.0
20:39:4,384.75779999999986,247.1111902439025,3,20.5,98.8,0.4,99.6,0.0,11.2,0.6,0.2,908991.6,95720.4,84400.0,48080.8,701550.4,0.0,28734.8,100.0,0.0,0.0,36.3,0.0,0.0,0.0,0.0,0.0,36.3,36.0,0.0,0.0,0.0,0.0,0.0,0.0,0.0
20:39:5,250.99155,165.06751764705882,3,17.0,86.8,12.0,88.0,0.0,13.1,0.6,0.3,908347.6,96364.4,84412.4,48087.6,700945.2,0.0,28732.4,100.0,0.0,0.0,32.3,0.0,0.0,0.0,0.0,0.0,32.3,32.2,0.0,0.0,0.0,0.0,0.0,0.0,0.0
20:40:0,359.03929999999997,248.503157480315,2,12.7,97.2,1.5,98.5,0.0,8.0,0.7,0.3,908482.8,96229.2,84409.2,48099.6,700904.4,0.0,28864.0,100.0,0.0,0.0,36.0,0.0,0.0,0.0,0.0,0.0,36.0,35.5,0.0,0.0,0.0,0.0,0.0,0.0,0.0
20:40:1,267.39639999999986,161.1798924731183,2,9.3,74.2,24.2,75.8,0.0,110.4,0.4,0.3,909240.8,95471.2,84449.2,48113.6,701546.8,0.0,28887.6,100.0,0.0,0.0,26.8,0.0,0.0,0.0,0.0,0.0,26.8,26.7,0.0,0.0,0.0,0.0,0.0,0.0,0.0
20:40:2,194.116,156.49253571428562,1,5.6,80.5,18.0,81.9,0.0,4.8,0.4,0.1,908511.6,96200.4,84462.4,48119.6,700872.4,0.0,28888.4,100.0,0.0,0.0,29.4,0.0,0.0,0.0,0.0,0.0,29.4,29.4,0.0,0.0,0.0,0.0,0.0,0.0,0.0
20:40:3,222.8261,179.36160869565214,1,2.3,41.3,57.6,42.3,0.0,9.6,0.5,0.2,908718.4,95993.6,84506.0,48127.6,700864.4,0.0,28892.0,100.0,0.0,0.0,14.8,0.0,0.0,0.0,0.0,0.0,14.8,14.5,0.0,0.0,0.0,0.0,0.0,0.0,0.0
20:40:4,210.18375,165.63082000000003,1,5.0,80.1,18.7,81.3,0.0,13.6,0.7,0.3,909443.2,95268.8,84556.8,48140.8,701508.0,0.0,28890.0,100.0,0.0,0.0,27.9,0.0,0.0,0.0,0.0,0.0,27.9,27.6,0.0,0.0,0.0,0.0,0.0,0.0,0.0
20:40:5,2462.4256,1061.2402133333335,1,7.5,97.0,1.0,99.0,0.0,2.4,0.8,0.2,909781.6,94930.4,84704.4,48499.2,701410.0,0.0,28888.8,100.0,0.0,0.0,40.4,0.0,0.0,0.0,0.0,0.0,40.4,38.5,0.0,0.0,0.0,0.0,0.0,0.0,0.0
20:41:0,3458.45325,1943.6666636363643,2,11.0,97.1,0.9,99.1,0.0,15.2,0.7,0.5,909529.2,95182.8,84677.2,48414.0,701174.0,0.0,28896.8,100.0,0.0,0.0,33.4,0.0,0.0,0.0,0.0,0.0,33.4,33.9,0.0,0.0,0.0,0.0,0.0,0.0,0.0
20:41:1,3045.9306999999985,1413.9591933333331,3,15.0,97.4,0.8,99.2,0.0,8.0,0.7,0.3,910443.2,94268.8,84724.0,48787.2,701977.2,0.0,28918.0,100.0,0.0,0.0,33.4,0.0,0.0,0.0,0.0,0.0,33.4,33.8,0.0,0.0,0.0,0.0,0.0,0.0,0.0
20:41:2,973.823,324.1656865671642,4,20.1,89.0,8.7,91.3,0.0,94.8,0.5,0.4,910194.4,94517.6,84662.4,48584.8,701789.6,0.0,28952.8,100.0,0.0,0.0,30.4,0.0,0.0,0.0,0.0,0.0,30.4,30.4,0.0,0.0,0.0,0.0,0.0,0.0,0.0
20:41:3,355.50229999999993,232.69684362139924,4,24.3,98.2,0.2,99.8,0.0,12.8,0.6,0.2,912373.6,92338.4,84678.8,49176.0,704111.2,0.0,28956.8,100.0,0.0,0.0,36.3,0.0,0.0,0.0,0.0,0.0,36.3,35.9,0.0,0.0,0.0,0.0,0.0,0.0,0.0
20:41:4,844.3271999999996,486.2655529411762,4,25.5,96.7,1.2,98.8,0.0,13.2,0.7,0.3,912130.0,92582.0,84734.8,49170.0,703660.8,0.0,28954.4,100.0,0.0,0.0,36.7,0.0,0.0,0.0,0.0,0.0,36.7,36.1,0.0,0.0,0.0,0.0,0.0,0.0,0.0
20:41:5,2451.8918999999996,1513.619223529412,4,25.5,96.8,1.1,98.9,0.0,70.0,0.5,0.3,912162.4,92549.6,84845.2,49180.4,703452.0,0.0,28952.8,100.0,0.0,0.0,35.9,0.0,0.0,0.0,0.0,0.0,35.9,35.3,0.0,0.0,0.0,0.0,0.0,0.0,0.0
20:42:0,2466.4802999999997,1709.5339705882348,5,27.2,96.8,0.9,99.1,0.0,35.2,0.5,0.3,913316.8,91395.2,84876.4,49234.0,704448.4,0.0,28965.6,100.0,0.0,0.0,32.5,0.0,0.0,0.0,0.0,0.0,32.5,32.7,0.0,0.0,0.0,0.0,0.0,0.0,0.0
20:42:1,2166.174799999999,1421.3731296296291,6,32.4,96.2,0.9,99.1,0.0,12.4,0.5,0.2,911265.6,93446.4,84913.6,48672.4,702333.2,0.0,28982.4,100.0,0.0,0.0,32.4,0.0,0.0,0.0,0.0,0.0,32.4,32.7,0.0,0.0,0.0,0.0,0.0,0.0,0.0
20:42:2,1616.55625,722.5224147727275,7,35.2,93.5,3.9,96.1,0.0,8.0,0.8,0.2,911805.6,92906.4,84954.0,49029.6,702925.2,0.0,28982.0,100.0,0.0,0.0,31.2,0.0,0.0,0.0,0.0,0.0,31.2,31.8,0.0,0.0,0.0,0.0,0.0,0.0,0.0
20:42:3,224.90659999999994,172.8272352941176,7,32.3,85.4,13.4,86.6,0.0,110.0,0.4,0.3,910565.6,94146.4,84898.0,48696.4,702018.8,0.0,28983.6,100.0,0.0,0.0,30.2,0.0,0.0,0.0,0.0,0.0,30.2,29.7,0.0,0.0,0.0,0.0,0.0,0.0,0.0
20:42:4,216.98209999999997,164.95731707317077,6,28.7,87.9,10.9,89.1,0.0,17.6,0.4,0.4,909493.2,95218.8,84834.4,48351.6,700939.6,0.0,28984.8,100.0,0.0,0.0,30.7,0.0,0.0,0.0,0.0,0.0,30.7,30.5,0.0,0.0,0.0,0.0,0.0,0.0,0.0
20:42:5,252.30519999999999,173.77374493927104,5,24.7,87.8,10.6,88.9,0.0,89.2,0.7,1.9,910251.2,94460.8,84892.0,48364.8,701625.2,0.0,28984.0,100.0,0.0,0.0,30.1,0.0,0.0,0.0,0.0,0.0,30.1,29.8,0.0,0.0,0.0,0.0,0.0,0.0,0.0
20:43:0,232.4153499999998,164.12931250000005,4,20.8,82.9,15.8,84.2,0.0,12.0,0.8,0.3,910508.0,94204.0,84928.0,48376.8,701655.6,0.0,28986.4,100.0,0.0,0.0,30.5,0.0,0.0,0.0,0.0,0.0,30.5,30.2,0.0,0.0,0.0,0.0,0.0,0.0,0.0
20:43:1,252.16139999999996,167.43947928994086,3,16.9,83.9,14.7,85.3,0.0,80.8,0.8,0.3,910054.0,94658.0,85022.0,48744.0,701130.8,0.0,29013.6,100.0,0.0,0.0,28.2,0.0,0.0,0.0,0.0,0.0,28.2,28.0,0.0,0.0,0.0,0.0,0.0,0.0,0.0
20:43:2,279.22515,178.00580769230777,2,13.0,96.1,2.1,97.9,0.0,11.6,0.8,0.2,910976.0,93736.0,85049.2,48752.8,702003.2,0.0,29136.8,100.0,0.0,0.0,35.1,0.0,0.0,0.0,0.0,0.0,35.1,35.1,0.0,0.0,0.0,0.0,0.0,0.0,0.0
20:43:3,1823.9855,875.7325696202531,1,7.9,97.1,0.8,99.2,0.0,8.8,0.9,0.2,911704.4,93007.6,85149.2,49120.8,702334.8,0.0,29138.8,100.0,0.0,0.0,37.1,0.0,0.0,0.0,0.0,0.0,37.1,36.0,0.0,0.0,0.0,0.0,0.0,0.0,0.0
20:43:4,2410.8387999999995,845.8302799999999,2,5.0,47.0,50.2,49.8,0.0,10.4,0.8,0.2,913788.0,90924.0,85215.6,49496.4,704267.2,0.0,29145.2,100.0,0.0,0.0,14.1,0.0,0.0,0.0,0.0,0.0,14.1,15.3,0.0,0.0,0.0,0.0,0.0,0.0,0.0
20:43:5,261.7319,208.82652173913044,3,2.3,4.4,93.4,6.4,0.0,118.3,0.9,0.4,911140.0,93572.0,85179.2,48810.4,702018.4,0.0,29144.8,100.0,0.0,0.0,3.0,0.0,0.0,0.0,0.0,0.0,3.0,3.0,0.0,0.0,0.0,0.0,0.0,0.0,0.0
20:44:0,240.35099999999994,192.14316326530607,3,4.9,32.5,65.7,34.3,0.0,8.8,0.9,0.2,911288.8,93423.2,85213.6,49138.0,702090.4,0.0,29149.2,100.0,0.0,0.0,11.1,0.0,0.0,0.0,0.0,0.0,11.1,11.1,0.0,0.0,0.0,0.0,0.0,0.0,0.0
20:44:1,225.74204999999992,167.5516477272727,2,8.8,75.8,22.2,77.6,0.0,10.8,1.4,0.3,911813.2,92898.8,85266.8,49180.0,702493.2,0.0,29172.8,100.0,0.0,0.0,26.9,0.0,0.0,0.0,0.0,0.0,26.9,26.5,0.0,0.0,0.0,0.0,0.0,0.0,0.0
20:44:2,4097.998699999998,1624.9049367088608,1,7.9,96.8,1.0,99.0,0.0,106.8,2.4,1.4,910321.6,94390.4,85201.6,48530.8,703280.8,0.0,28954.8,100.0,0.0,0.0,45.1,0.0,0.0,0.0,0.0,0.0,45.1,40.8,0.0,0.0,0.0,0.0,0.0,0.0,0.0
20:44:3,9652.80125,4137.282184210526,2,7.6,96.9,0.4,99.5,0.0,6.0,0.8,13.7,892080.8,112631.2,82035.2,41515.2,703058.8,0.0,27720.8,100.0,0.0,0.0,25.3,0.0,0.0,0.0,0.0,0.0,25.3,27.5,0.0,0.0,0.0,0.0,0.0,0.0,0.0
20:44:4,5059.637500000003,2679.038804195803,3,14.3,96.4,0.9,99.0,0.0,92.4,0.5,6.8,898808.0,105904.0,83244.0,41607.2,702545.2,0.0,28152.8,100.0,0.0,0.0,31.7,0.0,0.0,0.0,0.0,0.0,31.7,32.2,0.0,0.0,0.0,0.0,0.0,0.0,0.0
20:44:5,3477.0815999999995,2074.014718309859,4,21.3,96.8,0.9,99.1,0.0,8.0,0.8,0.3,900847.6,103864.4,83238.0,41582.4,704428.4,0.0,23609.2,100.0,0.0,0.0,32.1,0.0,0.0,0.0,0.0,0.0,32.1,32.1,0.0,0.0,0.0,0.0,0.0,0.0,0.0
20:45:0,2561.788399999999,1651.68317735849,5,26.5,96.6,0.9,99.1,0.0,6.4,0.8,0.4,898992.0,105720.0,83308.4,41437.2,702551.6,0.0,23672.0,100.0,0.0,0.0,32.0,0.0,0.0,0.0,0.0,0.0,32.0,32.1,0.0,0.0,0.0,0.0,0.0,0.0,0.0
20:45:1,1799.7031000000004,959.5016730158726,6,31.5,96.4,0.7,99.3,0.0,6.4,0.8,0.3,902342.0,102370.0,83674.0,42394.8,705364.8,0.0,23675.6,100.0,0.0,0.0,33.7,0.0,0.0,0.0,0.0,0.0,33.7,33.8,0.0,0.0,0.0,0.0,0.0,0.0,0.0
20:45:2,420.738,204.27128212290492,7,35.8,88.9,8.9,91.1,0.0,121.2,0.8,0.4,898582.0,106130.0,83641.2,41432.8,701911.2,0.0,23616.0,100.0,0.0,0.0,30.1,0.0,0.0,0.0,0.0,0.0,30.1,30.1,0.0,0.0,0.0,0.0,0.0,0.0,0.0
20:45:3,254.46539999999996,174.39199742930586,7,38.9,90.8,7.6,92.4,0.0,7.6,0.8,0.3,898482.0,106230.0,83610.8,41450.8,701897.6,0.0,23599.6,100.0,0.0,0.0,32.8,0.0,0.0,0.0,0.0,0.0,32.8,32.5,0.0,0.0,0.0,0.0,0.0,0.0,0.0
20:45:4,292.8305,177.07275842696623,6,35.6,94.3,4.6,95.4,0.0,10.8,0.9,0.3,897460.4,107251.6,83552.0,40823.6,700799.6,0.0,23572.8,100.0,0.0,0.0,35.5,0.0,0.0,0.0,0.0,0.0,35.5,34.9,0.0,0.0,0.0,0.0,0.0,0.0,0.0
20:45:5,305.051,228.649246105919,5,32.1,98.4,0.1,99.9,0.0,9.6,0.9,0.3,898210.4,106501.6,83562.8,40839.2,701426.8,0.0,23558.4,100.0,0.0,0.0,39.1,0.0,0.0,0.0,0.0,0.0,39.1,38.4,0.0,0.0,0.0,0.0,0.0,0.0,0.0
20:46:0,289.91299999999995,190.05780212014136,5,28.3,93.5,5.4,94.6,0.0,111.6,1.1,0.3,898218.4,106493.6,83606.8,40852.8,701445.6,0.0,23556.4,100.0,0.0,0.0,34.7,0.0,0.0,0.0,0.0,0.0,34.7,34.5,0.0,0.0,0.0,0.0,0.0,0.0,0.0
20:46:1,294.967,210.99253061224485,4,24.5,95.6,3.0,97.0,0.0,7.6,0.8,0.2,898484.8,106227.2,83658.0,40865.2,701440.0,0.0,23685.6,100.0,0.0,0.0,34.4,0.0,0.0,0.0,0.0,0.0,34.4,34.3,0.0,0.0,0.0,0.0,0.0,0.0,0.0
20:46:2,267.15200000000004,181.7629126213593,4,20.6,86.9,11.8,88.2,0.0,10.4,1.1,0.3,898489.6,106222.4,83653.6,40890.8,701468.8,0.0,23711.2,100.0,0.0,0.0,29.2,0.0,0.0,0.0,0.0,0.0,29.2,28.8,0.0,0.0,0.0,0.0,0.0,0.0,0.0
20:46:3,298.9225,176.30531578947372,3,17.1,84.5,14.1,85.8,0.0,110.0,0.8,0.4,898740.0,105972.0,83704.8,40980.8,701456.0,0.0,23708.0,100.0,0.0,0.0,29.3,0.0,0.0,0.0,0.0,0.0,29.3,28.7,0.0,0.0,0.0,0.0,0.0,0.0,0.0
20:46:4,295.7443,190.09000000000003,2,13.0,95.4,3.2,96.8,0.0,7.2,0.9,0.2,898767.2,105944.8,83683.2,41008.8,701426.8,0.0,23704.0,100.0,0.0,0.0,34.0,0.0,0.0,0.0,0.0,0.0,34.0,33.5,0.0,0.0,0.0,0.0,0.0,0.0,0.0
20:46:5,1876.4810999999997,959.9149599999998,1,7.5,97.4,1.0,99.0,0.0,6.0,0.8,0.2,898935.6,105776.4,83818.0,41063.6,701095.6,0.0,23710.4,100.0,0.0,0.0,35.6,0.0,0.0,0.0,0.0,0.0,35.6,34.7,0.0,0.0,0.0,0.0,0.0,0.0,0.0
20:47:0,2155.4283499999997,658.8077400000001,2,5.0,47.6,51.1,48.9,0.0,16.8,1.0,0.3,899226.8,105485.2,83757.2,41103.2,701516.8,0.0,23716.0,100.0,0.0,0.0,14.9,0.0,0.0,0.0,0.0,0.0,14.9,15.7,0.0,0.0,0.0,0.0,0.0,0.0,0.0
20:47:1,232.5186,207.47647826086953,3,2.3,2.5,95.9,3.9,0.0,113.6,0.8,0.4,899051.2,105660.8,83747.2,41196.8,701379.2,0.0,23736.0,100.0,0.0,0.0,2.9,0.0,0.0,0.0,0.0,0.0,2.9,2.8,0.0,0.0,0.0,0.0,0.0,0.0,0.0
20:47:2,226.0495,195.54102000000003,3,5.0,20.5,77.3,22.4,0.0,6.8,0.8,0.7,900503.2,104208.8,83765.6,41532.8,701456.0,0.0,24888.8,100.0,0.0,0.0,8.6,0.0,0.0,0.0,0.0,0.0,8.6,8.6,0.0,0.0,0.0,0.0,0.0,0.0,0.0
20:47:3,215.5148,167.1042696629213,2,8.9,73.0,25.2,74.7,0.0,10.4,0.8,0.4,901332.0,103380.0,83797.6,41708.8,701446.8,0.0,25172.0,100.0,0.0,0.0,25.9,0.0,0.0,0.0,0.0,0.0,25.9,25.5,0.0,0.0,0.0,0.0,0.0,0.0,0.0
20:47:4,5645.209399999998,2035.9944193548388,1,9.3,97.0,1.1,98.9,0.0,75.0,1.0,0.3,899837.6,104874.4,84110.4,41716.0,699521.6,0.0,25176.0,100.0,0.0,0.0,45.2,0.0,0.0,0.0,0.0,0.0,45.2,41.0,0.0,0.0,0.0,0.0,0.0,0.0,0.0
20:47:5,9210.72275,4356.476925531915,2,9.4,97.4,0.6,99.3,0.0,82.5,1.1,1.2,902068.0,102644.0,83954.0,41785.6,701660.0,0.0,25168.8,100.0,0.0,0.0,26.8,0.0,0.0,0.0,0.0,0.0,26.8,29.1,0.0,0.0,0.0,0.0,0.0,0.0,0.0
20:48:0,5546.817499999997,2822.3714571428577,3,14.0,96.7,0.9,99.1,0.0,13.6,0.8,0.4,903278.0,101434.0,84030.0,42170.8,702538.0,0.0,25162.0,100.0,0.0,0.0,32.4,0.0,0.0,0.0,0.0,0.0,32.4,33.0,0.0,0.0,0.0,0.0,0.0,0.0,0.0
20:48:1,3247.2560000000003,2060.123462962964,4,21.6,96.7,1.0,99.0,0.0,93.2,1.1,0.4,902749.6,101962.4,84046.8,42516.4,701989.2,0.0,25189.2,100.0,0.0,0.0,34.0,0.0,0.0,0.0,0.0,0.0,34.0,34.0,0.0,0.0,0.0,0.0,0.0,0.0,0.0
20:48:2,2373.666599999999,1457.3845114503815,5,26.2,97.2,0.9,99.1,0.0,95.2,0.9,0.3,904088.8,100623.2,84091.6,43247.6,703182.0,0.0,25158.0,100.0,0.0,0.0,34.1,0.0,0.0,0.0,0.0,0.0,34.1,34.5,0.0,0.0,0.0,0.0,0.0,0.0,0.0
20:48:3,1167.089,437.2219314641744,6,32.1,93.0,5.4,94.6,0.0,6.0,0.8,0.2,902610.4,102101.6,83982.0,42603.2,702070.8,0.0,25148.8,100.0,0.0,0.0,32.3,0.0,0.0,0.0,0.0,0.0,32.3,32.8,0.0,0.0,0.0,0.0,0.0,0.0,0.0
20:48:4,311.31075,210.7243792134831,6,35.6,95.4,3.5,96.5,0.0,100.4,0.4,0.4,902186.4,102525.6,83940.8,41988.8,701480.8,0.0,25231.2,100.0,0.0,0.0,34.9,0.0,0.0,0.0,0.0,0.0,34.9,34.6,0.0,0.0,0.0,0.0,0.0,0.0,0.0
20:48:5,460.73715,308.2346507936504,6,37.8,98.1,0.2,99.8,0.0,6.0,0.8,0.3,902181.6,102530.4,83968.0,42028.8,701510.0,0.0,25240.8,100.0,0.0,0.0,37.9,0.0,0.0,0.0,0.0,0.0,37.9,37.3,0.0,0.0,0.0,0.0,0.0,0.0,0.0
20:49:0,510.6914,314.41735911602217,6,36.2,97.4,0.6,99.4,0.0,6.0,0.8,0.2,902224.4,102487.6,83978.8,42038.4,701472.8,0.0,25241.6,100.0,0.0,0.0,35.8,0.0,0.0,0.0,0.0,0.0,35.8,35.7,0.0,0.0,0.0,0.0,0.0,0.0,0.0
20:49:1,332.2726,208.2620123076923,6,32.5,90.6,8.1,91.9,0.0,16.4,0.9,0.3,902430.4,102281.6,84021.2,42103.6,701523.6,0.0,25267.2,100.0,0.0,0.0,33.7,0.0,0.0,0.0,0.0,0.0,33.7,33.7,0.0,0.0,0.0,0.0,0.0,0.0,0.0
20:49:2,243.82209999999998,177.2927395833333,6,28.8,82.1,16.7,83.3,0.0,110.8,0.9,0.4,901640.0,103072.0,84009.2,42135.6,700820.4,0.0,25262.0,100.0,0.0,0.0,29.1,0.0,0.0,0.0,0.0,0.0,29.1,28.9,0.0,0.0,0.0,0.0,0.0,0.0,0.0
20:49:3,239.73129999999998,173.83016194331998,5,24.7,86.9,12.0,88.0,0.0,7.2,0.8,0.2,902456.0,102256.0,84040.0,42148.8,701488.8,0.0,25256.0,100.0,0.0,0.0,31.6,0.0,0.0,0.0,0.0,0.0,31.6,31.4,0.0,0.0,0.0,0.0,0.0,0.0,0.0
20:49:4,276.5391999999999,187.041806763285,4,20.7,86.6,12.4,87.6,0.0,15.6,0.9,0.2,902467.2,102244.8,84083.2,42156.8,701480.0,0.0,25258.0,100.0,0.0,0.0,30.4,0.0,0.0,0.0,0.0,0.0,30.4,30.0,0.0,0.0,0.0,0.0,0.0,0.0,0.0
20:49:5,289.0186,202.73619999999997,3,17.0,87.7,11.2,88.8,0.0,12.8,0.8,0.2,901996.4,102715.6,84108.4,42221.2,700855.2,0.0,25268.0,100.0,0.0,0.0,31.2,0.0,0.0,0.0,0.0,0.0,31.2,31.1,0.0,0.0,0.0,0.0,0.0,0.0,0.0
20:50:0,217.0076,173.94680620155046,3,12.9,73.8,24.9,75.0,0.0,107.6,0.8,0.5,901990.0,102722.0,84117.6,42385.6,700877.2,0.0,25438.4,100.0,0.0,0.0,25.0,0.0,0.0,0.0,0.0,0.0,25.0,24.9,0.0,0.0,0.0,0.0,0.0,0.0,0.0
20:50:1,210.65715,166.74208695652183,2,9.2,71.5,27.0,73.0,0.0,11.2,0.9,0.2,903344.8,101367.2,84105.6,42604.8,701543.6,0.0,25834.0,100.0,0.0,0.0,24.8,0.0,0.0,0.0,0.0,0.0,24.8,24.7,0.0,0.0,0.0,0.0,0.0,0.0,0.0
20:50:2,279.72409999999996,186.09389090909093,1,5.5,80.6,17.9,82.0,0.0,89.4,0.8,0.4,902592.0,102120.0,84141.6,42619.6,700868.0,0.0,25836.0,100.0,0.0,0.0,29.5,0.0,0.0,0.0,0.0,0.0,29.5,29.3,0.0,0.0,0.0,0.0,0.0,0.0,0.0
