time, response_time_p95, response_time, worker_number, request_rate,CPU0User%, CPU0Idle%, CPU0Total%, CPU1User%, CPU1Idle%, CPU1Total%,[DSK:sda]Reads, [DSK:sda]RMerge, [DSK:sda]RKBytes, [DSK:sda]WaitR, [DSK:sda]Writes, [DSK:sda]WMerge, [DSK:sda]WKBytes, [DSK:sda]WaitW, [DSK:sda]Request, [DSK:sda]QueLen, [DSK:sda]Wait, [DSK:sda]SvcTim, [DSK:sda]Util,[NUMA:0]Used, [NUMA:0]Free, [NUMA:0]Slab, [NUMA:0]Mapped, [NUMA:0]Anon, [NUMA:0]AnonH, [NUMA:0]Inactive, [NUMA:0]Hits,[TCPD]InReceives, [TCPD]InDelivers, [TCPD]OutRequests, [TCPD]InSegs, [TCPD]OutSegs
10:32:2,10079.6914,6123.7906111111115,1,1.8,93.2,4.0,96.0,93.6,3.9,96.1,0.0,0.0,0.0,0.0,0.6,1.8,11.6,0.9,7.2,0.0,0.9,2.4,0.4,3632697.6,397834.4,208291.6,229984.4,1244218.8,0.0,1153189.2,100.0,12.0,12.0,12.5,12.0,12.7
10:32:3,9998.091,9998.091,1,0.1,93.1,3.8,96.2,93.4,3.4,96.6,0.0,0.0,0.0,0.0,0.6,1.8,11.6,0.9,7.2,0.0,0.9,2.4,0.4,3634918.0,395614.0,208448.4,230582.0,1245883.6,0.0,1153189.2,100.0,13.4,13.4,13.9,13.4,14.3
10:32:4,13031.2361,9658.34047368421,1,1.9,93.3,4.6,95.4,93.7,4.7,95.3,0.0,0.0,0.0,0.0,1.6,3.4,24.0,0.8,6.3,0.2,0.8,1.7,0.4,3613410.8,417121.2,208401.6,228578.0,1223175.6,0.0,1153258.4,100.0,13.0,13.0,13.6,13.0,13.8
10:32:5,11522.286,11522.286,1,0.1,93.3,4.2,95.8,93.4,4.4,95.6,0.0,0.0,0.0,0.0,1.8,4.6,29.6,1.2,9.1,0.3,1.2,2.3,0.5,3614988.8,415543.2,208523.2,228978.4,1224425.6,0.0,1153258.8,100.0,14.3,14.3,14.8,14.3,15.2
10:33:0,9831.3564,4222.35796,2,2.5,92.6,5.2,94.8,93.8,4.2,95.8,0.0,0.0,0.0,0.0,32.1,3.5,182.6,0.5,5.9,0.0,0.5,1.2,0.5,3613474.8,417057.2,208444.8,228723.2,1223986.4,0.0,1153282.0,100.0,12.1,12.1,13.0,12.1,13.2
10:33:1,6476.45145,5754.061789473684,2,3.8,93.8,4.6,95.4,94.9,3.9,96.1,0.0,0.0,0.0,0.0,0.5,1.8,11.2,1.0,6.8,0.0,1.0,2.0,0.4,3612492.0,418040.0,208352.8,228227.2,1223088.8,0.0,1153416.8,100.0,11.3,11.3,12.0,11.3,12.2
10:33:2,6482.578799999999,5673.5597,2,3.0,93.5,3.6,96.4,93.3,4.6,95.4,0.0,0.0,0.0,0.0,23.8,2.4,135.2,0.9,7.3,0.0,0.9,2.0,0.5,3613954.0,416578.0,208514.8,228633.2,1224387.2,0.0,1153417.6,100.0,17.1,17.1,17.7,17.1,18.3
10:33:3,6809.0085,5822.807555555555,2,3.6,94.2,4.8,95.2,94.1,3.6,96.4,0.0,0.0,0.0,0.0,0.5,2.5,14.0,1.0,8.2,0.1,1.0,1.2,0.2,3613056.4,417475.6,208592.0,228264.0,1223069.6,0.0,1153422.0,100.0,10.2,10.2,11.0,10.2,11.2
10:33:4,6219.5549,4404.732131578947,3,3.8,94.4,3.8,96.2,93.7,3.8,96.2,0.0,0.0,0.0,0.0,0.5,1.8,11.2,0.8,6.8,0.0,0.8,1.8,0.3,3616544.0,413988.0,208846.0,228948.8,1225920.8,0.0,1153421.2,100.0,18.3,18.3,18.8,17.8,19.0
10:33:5,4453.305,3893.8066399999993,3,5.0,94.7,4.0,96.0,94.6,3.7,96.3,0.0,0.0,0.0,0.0,26.6,4.1,156.4,1.0,7.5,0.1,1.0,1.6,0.6,3606504.8,424027.2,208639.6,228324.4,1216755.6,0.0,1153424.4,100.0,13.4,13.4,13.1,13.4,13.5
10:34:0,4520.0805,3902.261531914894,3,4.7,92.8,4.7,95.3,94.1,4.0,95.9,0.0,0.0,0.0,0.0,15.6,5.7,103.6,1.4,12.4,0.2,1.4,2.3,1.1,3606146.8,424385.2,208686.4,228706.8,1216264.4,0.0,1153442.0,100.0,15.9,15.9,16.3,15.2,16.0
10:34:1,4586.5552,3603.406755102041,3,4.9,92.4,5.9,94.1,91.9,7.0,93.0,0.0,0.0,0.0,0.0,0.3,1.7,10.4,0.5,6.6,0.1,0.5,1.0,0.1,3604552.8,425979.2,208764.0,228590.0,1215477.6,0.0,1153452.8,100.0,9.8,9.8,10.6,9.8,10.8
10:34:2,4526.147,2987.8427457627117,4,5.9,94.1,3.7,96.3,94.0,4.1,95.9,0.0,0.0,0.0,0.0,21.1,2.7,122.4,0.9,8.1,0.0,0.9,1.8,0.4,3605392.4,425139.6,208843.6,229017.6,1215760.0,0.0,1153453.6,100.0,16.6,16.6,17.2,16.6,17.8
10:34:3,3378.014,2815.1123030303024,4,6.6,93.8,4.3,95.7,93.7,3.4,96.6,0.0,0.0,0.0,0.0,0.5,2.9,13.6,0.9,6.0,0.1,0.9,1.3,0.3,3604336.4,426195.6,209002.4,228799.2,1214943.2,0.0,1153457.6,100.0,15.9,15.9,16.3,15.9,16.9
10:34:4,3281.3959999999997,2701.2874531249995,4,6.4,95.5,2.8,97.2,93.7,4.6,95.4,0.0,0.0,0.0,0.0,22.3,2.2,128.0,0.9,4.7,0.0,0.9,1.6,0.5,3605152.4,425379.6,209127.6,228820.0,1215239.6,0.0,1153470.0,100.0,12.1,12.1,13.0,11.6,12.8
10:34:5,3306.6405999999997,2826.802782608695,4,6.9,95.1,3.7,96.3,94.1,3.9,96.1,0.1,0.0,2.4,0.3,1.9,5.1,30.8,0.8,9.8,0.1,1.1,2.2,0.7,3606634.4,423897.6,209070.4,229227.6,1217027.2,0.0,1153538.4,100.0,13.2,13.2,13.8,13.2,14.2
10:35:0,3202.6117999999997,2377.7847848101273,5,7.9,94.4,3.3,96.7,94.7,2.6,97.4,0.0,0.0,0.0,0.0,1.7,14.4,64.4,1.1,13.5,0.2,1.1,1.2,0.5,3654461.2,376070.8,210379.2,231156.8,1200130.0,0.0,1116625.6,100.0,13.5,13.5,14.2,12.9,13.8
10:35:1,2822.5813,2340.2373670886077,5,7.9,95.0,3.0,97.0,94.4,2.9,97.1,0.0,0.0,0.0,0.0,1.0,16.3,72.4,0.9,20.1,0.1,0.9,1.6,0.3,3656339.6,374192.4,210721.6,226333.2,1201337.2,0.0,1116576.0,100.0,16.7,16.7,17.5,16.1,17.5
10:35:2,2801.0054499999997,2313.602749999999,5,8.0,94.0,3.4,96.6,95.4,3.0,97.0,0.0,0.0,0.0,0.0,2.2,3.9,28.0,0.7,6.5,0.1,0.7,1.3,0.5,3657533.2,372998.8,210733.6,226456.0,1202257.6,0.0,1116581.2,100.0,12.6,12.6,13.4,12.6,13.8
10:35:3,2809.47865,2342.7913375000003,5,8.0,95.0,3.1,96.9,95.2,3.1,96.9,0.0,0.0,0.0,0.0,0.6,2.3,15.6,0.8,7.8,0.1,0.8,1.5,0.3,3657966.0,372566.0,210800.8,226475.2,1202598.8,0.0,1116583.2,100.0,14.0,14.0,14.9,13.5,14.9
10:35:4,2736.8908000000006,1981.49454347826,6,9.2,85.4,10.8,89.2,88.5,9.9,90.1,0.0,0.0,0.0,0.0,3.2,14.9,74.0,0.9,9.6,0.2,0.9,1.6,0.7,3488477.6,542062.4,166952.0,239949.2,1207709.6,0.0,1236424.4,100.0,12.1,12.1,12.6,11.5,12.2
10:35:5,2660.2644499999997,1894.129663265308,6,9.8,93.8,2.8,97.2,94.9,3.4,96.6,0.0,0.0,0.0,0.0,2.7,13.7,67.2,0.7,11.8,0.2,0.7,1.5,0.4,3493741.2,536798.8,167315.2,238072.8,1211930.8,0.0,1236384.8,100.0,16.2,16.2,17.7,15.6,17.7
10:36:0,2539.8176,1867.205852631579,6,9.5,94.3,2.9,97.1,95.1,3.6,96.4,0.0,0.0,0.0,0.0,20.1,5.3,128.8,0.6,7.2,0.2,0.6,1.1,0.5,3493706.0,536834.0,167221.2,238028.0,1211856.8,0.0,1236412.8,100.0,12.9,12.9,13.8,12.9,14.2
10:36:1,2567.82075,1886.7420106382983,6,9.4,93.8,3.5,96.5,94.4,3.6,96.4,0.0,0.0,0.0,0.0,8.4,6.9,62.8,0.9,5.6,0.1,0.9,1.1,0.3,3493173.6,537366.4,167218.0,238084.0,1211766.0,0.0,1236533.6,100.0,14.7,14.7,16.5,14.2,16.5
10:36:2,2306.7568499999998,1647.6762545454544,7,11.0,88.5,9.9,90.1,89.5,9.3,90.6,0.0,0.0,0.0,0.0,1.0,2.8,17.2,1.3,8.4,0.2,1.3,2.7,0.5,3568398.0,462142.0,263605.2,269536.4,1209576.4,0.0,1130985.6,100.0,13.5,13.5,14.2,12.3,13.3
10:36:3,2157.4405,1540.8941060606057,7,6.6,53.1,45.8,54.2,51.9,46.0,54.0,0.0,0.0,0.0,0.0,0.5,1.5,11.6,0.4,6.2,0.0,0.4,1.4,0.2,3569878.4,460661.6,263869.2,268609.6,1211015.2,0.0,1130996.4,100.0,9.9,9.9,10.2,9.9,10.6
10:36:4,1621.846,1273.6872000000003,7,3.5,42.1,55.4,44.5,39.3,58.0,42.0,0.0,0.0,0.0,0.0,0.6,2.0,12.8,0.8,6.4,0.1,0.8,1.6,0.3,3572152.0,458388.0,263945.2,268918.4,1212669.6,0.0,1131111.2,100.0,9.8,9.8,10.0,9.8,10.4
10:36:5,1453.4876,1216.5438918918917,7,3.7,43.4,54.3,45.6,40.9,57.9,41.7,0.0,0.0,0.0,0.0,4.1,5.2,40.4,1.2,7.1,0.2,1.2,1.5,0.7,3570874.4,459665.6,263963.2,268180.4,1211290.8,0.0,1131108.8,100.0,8.9,8.9,8.9,8.9,9.3
10:37:0,1543.348,1229.9172894736848,7,3.8,37.1,61.2,38.8,40.8,58.4,41.5,0.0,0.0,0.0,0.0,39.2,1.8,193.4,0.9,5.9,0.1,0.9,1.4,0.4,3569770.0,460770.0,263824.8,267904.0,1210321.2,0.0,1131121.2,100.0,6.6,6.6,6.8,6.6,7.2
10:37:1,1667.13245,1309.2944375,7,3.2,36.1,62.6,37.4,38.6,60.1,39.7,0.2,0.0,0.8,0.2,0.5,1.9,11.2,0.8,5.7,0.1,0.7,1.5,0.3,3570057.6,460482.4,263940.4,267950.8,1209571.2,0.0,1131822.4,100.0,7.4,7.4,7.6,7.4,8.0
10:37:2,1668.37165,1291.1972631578951,7,3.8,36.1,63.4,36.4,30.9,68.6,31.4,0.0,0.0,0.0,0.0,2.4,2.0,20.0,1.0,6.9,0.2,1.0,1.6,0.2,3568909.2,461630.8,264077.6,267972.0,1208319.6,0.0,1131896.4,100.0,4.6,4.6,5.0,4.1,4.6
10:37:3,1654.561,1289.0079090909092,7,3.3,37.2,60.9,39.0,41.9,56.3,43.7,0.0,0.0,0.0,0.0,0.5,1.9,11.2,0.7,5.1,0.1,0.7,1.0,0.2,3570034.0,460506.0,264144.8,268449.6,1209088.8,0.0,1131912.8,100.0,12.8,12.8,12.7,12.8,13.3
10:37:4,1566.7475499999998,1137.314447368421,6,3.8,43.4,54.9,44.9,50.2,47.9,52.0,0.0,0.0,0.0,0.0,38.9,3.7,204.0,0.9,13.5,0.2,0.9,2.0,0.4,3571192.4,459347.6,264147.6,268920.8,1210514.8,0.0,1132032.4,100.0,8.7,8.7,8.4,8.7,8.8
10:37:5,1596.1524,1182.0300789473686,6,3.8,42.9,55.6,44.3,44.9,54.5,45.5,0.0,0.0,0.0,0.0,1.7,3.6,25.6,1.4,7.9,0.2,1.4,2.0,0.9,3568618.8,461921.2,264346.4,268321.2,1208350.4,0.0,1132038.0,100.0,6.8,6.8,6.6,6.8,6.8
10:38:0,1538.4693999999997,1173.3064594594593,6,3.7,42.1,54.9,45.0,47.1,51.5,48.5,0.0,0.0,0.0,0.0,2.8,1.9,21.2,0.8,7.1,0.1,0.8,1.4,0.1,3574199.2,456340.8,264474.4,268808.4,1212712.0,0.0,1132170.4,100.0,11.5,11.5,11.1,11.5,11.7
10:38:1,1434.6092000000003,1140.9010256410256,6,3.9,47.4,51.4,48.5,46.7,52.3,47.6,0.0,0.0,0.0,0.0,0.5,2.6,14.4,1.0,8.4,0.2,1.0,1.8,0.3,3572726.4,457813.6,264530.0,268965.2,1211856.4,0.0,1132200.4,100.0,6.5,6.5,6.4,6.5,6.6
10:38:2,1457.73675,1183.5588947368421,6,3.8,45.4,52.7,47.3,48.1,49.1,50.9,0.0,0.0,0.0,0.0,42.3,3.8,214.8,1.0,10.5,0.1,1.0,1.6,0.4,3573492.0,457048.0,264564.0,268756.0,1212357.6,0.0,1132202.4,100.0,13.4,13.4,13.3,12.9,13.5
10:38:3,1357.2863499999999,1143.2828157894742,6,3.8,45.0,52.3,47.5,47.2,51.3,48.6,0.0,0.0,0.0,0.0,0.8,1.9,13.2,0.7,4.9,0.2,0.7,1.2,0.2,3570912.4,459627.6,264653.6,268675.2,1210242.8,0.0,1132201.2,100.0,9.2,9.2,9.0,9.2,9.4
10:38:4,1554.94065,1196.429025,6,4.0,39.3,60.0,39.8,44.2,55.0,45.0,0.0,0.0,0.0,0.0,1.5,2.5,20.4,1.6,8.9,0.1,1.6,2.2,0.4,3568926.4,461613.6,264665.6,268128.0,1208392.0,0.0,1132204.0,100.0,5.3,5.3,4.8,5.3,5.0
10:38:5,1563.8364,1190.8577567567565,6,3.7,49.8,49.1,50.8,43.8,53.0,46.9,0.0,0.0,0.0,0.0,33.7,5.2,177.5,0.7,8.4,0.0,0.7,2.0,1.0,3574864.0,455676.0,264810.8,269047.6,1213613.2,0.0,1132208.8,100.0,11.8,11.8,11.1,11.1,10.8
10:39:0,1567.3695500000001,1193.2604736842106,6,3.8,43.8,54.8,45.1,43.4,53.9,46.1,0.0,0.0,0.0,0.0,0.6,1.7,11.6,0.6,6.6,0.0,0.6,1.3,0.2,3575355.6,455184.4,264993.6,269070.8,1213578.0,0.0,1132337.2,100.0,9.8,9.8,10.5,9.8,10.9
10:39:1,1478.136,1195.9986216216214,6,3.7,45.8,53.5,46.5,46.5,50.8,49.2,0.2,0.0,0.8,0.2,2.9,3.1,26.0,1.0,5.0,0.1,0.9,1.1,0.4,3575192.0,455348.0,264856.4,269092.4,1213466.4,0.0,1132372.0,100.0,8.0,8.0,8.9,8.0,9.3
10:39:2,1531.6377999999997,1202.717,6,3.7,45.6,53.1,46.9,45.0,53.3,46.5,0.0,0.0,0.0,0.0,0.6,1.9,12.8,0.9,8.4,0.0,0.9,2.0,0.2,3571515.2,459024.8,264850.8,268679.2,1210028.0,0.0,1132376.0,100.0,9.1,9.1,9.6,8.6,9.4
10:39:3,1642.3043999999998,1178.9418947368422,6,1.9,11.6,88.2,11.7,15.1,84.4,15.4,0.0,0.0,0.0,0.0,39.1,2.2,193.6,0.9,5.3,0.1,0.9,1.1,0.5,3568968.8,461571.2,264894.0,268445.2,1207120.8,0.0,1132378.8,100.0,2.3,2.3,2.2,2.3,2.2
10:39:4,1630.42085,1096.7285,6,0.8,17.8,79.1,20.8,12.0,85.6,14.4,0.0,0.0,0.0,0.0,0.7,3.0,17.6,0.7,5.0,0.1,0.7,0.9,0.3,3574517.6,456022.4,265310.0,268535.6,1211767.6,0.0,1132509.6,100.0,8.2,8.2,8.6,7.5,8.3
10:39:5,1493.0799499999998,1067.96775,6,0.8,12.2,84.9,14.7,14.2,83.5,16.4,0.0,0.0,0.0,0.0,3.0,4.2,32.0,0.4,3.7,0.1,0.4,0.8,0.6,3575796.4,454743.6,265304.0,269188.8,1212908.4,0.0,1132521.2,100.0,8.2,8.2,8.4,8.2,8.8
10:40:0,1595.2312,1159.0477777777778,6,0.9,11.5,86.9,12.9,11.2,87.0,13.0,0.0,0.0,0.0,0.0,35.0,3.6,176.4,1.0,8.7,0.2,1.0,1.6,0.4,3571177.6,459362.4,265156.4,269150.4,1209214.8,0.0,1132531.6,100.0,5.7,5.7,5.7,5.7,5.9
10:40:1,1611.3105,802.8637272727273,5,1.1,13.5,84.0,15.9,16.2,81.0,19.0,0.0,0.0,0.0,0.0,0.3,1.0,6.8,0.4,4.4,0.0,0.4,1.0,0.1,3576881.2,453658.8,265261.2,270072.8,1214434.4,0.0,1132556.8,100.0,8.3,8.3,8.4,8.3,8.8
10:40:2,1629.4213499999998,1085.3175,5,0.8,16.8,80.4,19.5,20.2,78.2,21.8,0.0,0.0,0.0,0.0,0.5,2.7,14.4,1.0,8.2,0.1,1.0,2.2,0.4,3573185.2,457354.8,265297.2,268946.0,1211446.4,0.0,1132557.6,100.0,12.0,12.0,11.9,11.0,11.6
10:40:3,1608.06595,1071.57025,5,0.8,16.0,81.7,18.3,16.0,81.7,18.3,0.0,0.0,0.0,0.0,2.6,2.9,27.2,0.9,7.8,0.1,0.9,1.2,0.2,3576745.2,453794.8,265354.8,269856.0,1214383.2,0.0,1132561.6,100.0,9.6,9.6,9.4,9.6,9.8
10:40:4,1603.7586000000001,1117.1070000000002,5,0.9,10.0,89.2,10.7,10.5,88.6,11.2,0.0,0.0,0.0,0.0,39.1,3.9,202.8,1.0,10.3,0.2,1.0,1.6,0.4,3574261.6,456278.4,265380.4,269242.0,1211738.8,0.0,1132568.0,100.0,3.2,3.2,3.6,3.2,3.6
10:40:5,1478.3564999999999,784.6562727272728,4,1.1,21.3,76.1,23.9,22.8,73.3,26.2,0.0,0.0,0.0,0.0,1.6,3.9,25.6,0.7,5.8,0.1,0.7,1.3,0.5,3574596.8,455943.2,265556.4,269112.8,1211581.6,0.0,1132571.2,100.0,10.1,10.1,10.1,9.4,10.0
10:41:0,1550.479,1122.254625,4,0.8,16.4,81.1,18.9,11.7,86.1,13.8,0.0,0.0,0.0,0.0,0.7,2.8,16.8,0.8,8.9,0.0,0.8,1.9,0.3,3572245.6,458294.4,265587.2,268928.8,1209669.6,0.0,1132575.2,100.0,7.5,7.5,7.5,7.5,7.9
10:41:1,1613.53335,1136.070625,4,0.8,20.3,77.6,22.4,21.2,76.2,23.7,0.0,0.0,0.0,0.0,2.1,1.3,15.2,0.2,2.7,0.0,0.2,0.5,0.2,3572104.4,458435.6,265534.4,268768.8,1209094.4,0.0,1132613.6,100.0,7.1,7.1,6.9,7.1,7.2
10:41:2,1642.8363499999998,1175.217375,4,0.8,12.2,85.7,14.1,12.3,85.6,14.1,0.0,0.0,0.0,0.0,42.3,5.2,218.0,2.1,10.5,0.2,2.1,3.1,1.0,3573748.0,456792.0,265661.2,269251.6,1210876.0,0.0,1132731.2,100.0,9.1,9.1,9.1,8.1,8.6
11:07:4,1505.5479999999998,410.3525714285714,3,0.7,3.2,95.5,4.1,1.4,98.3,1.7,1.0,15.5,71.2,0.3,0.8,4.1,21.2,1.2,11.3,0.1,1.2,2.1,0.8,3570477.6,460062.4,265550.0,269406.4,1207331.6,0.0,1133988.0,100.0,2.6,2.6,2.4,2.6,2.4
11:10:0,33.1184,12.414000000000001,3,0.3,1.5,98.2,1.8,2.7,96.7,3.1,0.0,0.0,0.0,0.0,1.8,1.8,20.0,0.4,3.5,0.2,0.4,0.8,0.3,3571160.4,459379.6,265712.4,269271.2,1205984.0,0.0,1134470.8,100.0,1.8,1.8,2.0,1.8,2.0
11:14:1,42.80254999999998,12.78775,3,0.4,4.8,93.9,6.1,1.5,97.2,2.5,0.0,0.0,0.0,0.0,1.1,2.5,16.4,1.1,4.9,0.2,1.1,1.4,0.5,3571497.2,459042.8,265803.2,268814.8,1205614.0,0.0,1134665.6,100.0,6.8,6.8,6.5,5.6,5.6
11:14:3,0.9608999999999999,0.5416666666666666,3,0.3,2.7,96.8,3.2,0.8,98.6,1.3,0.0,0.0,0.0,0.0,0.5,2.5,12.0,0.9,6.2,0.2,0.9,1.6,0.2,3575414.8,455125.2,265954.4,269443.6,1209559.2,0.0,1134660.4,100.0,3.0,3.0,2.9,3.0,3.6
11:15:1,19.82,4.634333333333333,2,0.6,3.9,94.9,5.1,1.0,98.0,1.9,0.0,0.0,0.0,0.0,0.6,1.4,9.6,0.9,4.8,0.2,0.9,1.6,0.3,3571460.4,459079.6,266042.4,268870.8,1205828.8,0.0,1134712.8,100.0,5.4,5.4,5.2,4.4,4.4
