time, response_time_p95, response_time, worker_number, request_rate,CPU0User%, CPU0Idle%, CPU0Total%, CPU1User%, CPU1Idle%, CPU1Total%,[DSK:sda]Reads, [DSK:sda]RMerge, [DSK:sda]RKBytes, [DSK:sda]WaitR, [DSK:sda]Writes, [DSK:sda]WMerge, [DSK:sda]WKBytes, [DSK:sda]WaitW, [DSK:sda]Request, [DSK:sda]QueLen, [DSK:sda]Wait, [DSK:sda]SvcTim, [DSK:sda]Util,[NUMA:0]Used, [NUMA:0]Free, [NUMA:0]Slab, [NUMA:0]Mapped, [NUMA:0]Anon, [NUMA:0]AnonH, [NUMA:0]Inactive, [NUMA:0]Hits,[TCPD]InReceives, [TCPD]InDelivers, [TCPD]OutRequests, [TCPD]InSegs, [TCPD]OutSegs
19:35:4,13.806,13.806,1,0.1,1.3,98.6,1.3,0.0,4.0,0.6,0.2,901255.2,103456.8,85780.0,54152.0,683691.2,0.0,39386.0,100.0,0.0,0.0,3.3,0.0,0.0,0.0,0.0,0.0,3.3,2.9,0.0,0.0,0.0,0.0,0.0,0.0,0.0
19:35:5,18.937199999999997,14.196151724137929,1,14.5,7.2,90.4,9.4,0.0,12.0,0.6,0.4,905997.6,98714.4,85840.0,54300.8,687034.8,0.0,39520.0,100.0,0.0,0.0,85.1,0.0,0.0,0.0,0.0,0.0,85.1,81.6,0.0,0.0,0.0,0.0,0.0,0.0,0.0
19:36:0,13.738799999999994,12.970742957746495,1,28.4,8.1,88.4,11.5,0.0,12.8,0.9,0.3,907195.2,97516.8,85970.0,54340.0,687369.6,0.0,39630.4,100.0,0.0,0.0,153.2,0.0,0.0,0.0,0.0,0.0,153.2,150.4,0.0,0.0,0.0,0.0,0.0,0.0,0.0
19:36:1,13.1501,12.560566666666654,1,66.0,10.7,83.2,14.0,0.0,103.6,1.0,2.5,907739.2,96972.8,86309.6,54412.0,687343.2,0.0,39744.4,100.0,0.0,0.0,340.6,0.0,0.0,0.0,0.0,0.0,340.6,337.3,0.0,0.0,0.0,0.0,0.0,0.0,0.0
19:36:2,13.5498,12.58928791208791,1,45.5,9.3,87.1,12.7,0.0,72.4,0.9,0.7,908267.2,96444.8,86804.4,54490.0,687360.4,0.0,39790.0,100.0,0.0,0.0,243.1,0.0,0.0,0.0,0.0,0.0,243.1,238.4,0.0,0.0,0.0,0.0,0.0,0.0,0.0
19:37:2,15.629999999999999,13.504411764705882,1,1.7,1.1,98.6,1.2,0.0,3.2,0.8,0.4,904724.0,99988.0,86524.8,54723.2,684263.2,0.0,39933.2,100.0,0.0,0.0,0.7,0.0,0.0,0.0,0.0,0.0,0.7,0.6,0.0,0.0,0.0,0.0,0.0,0.0,0.0
19:37:5,419.4228999999999,150.05025,1,0.4,3.4,95.7,4.1,0.0,6.4,0.8,0.2,908014.4,96697.6,86613.2,57544.0,685165.6,0.0,42208.0,100.0,0.0,0.0,2.5,0.0,0.0,0.0,0.0,0.0,2.5,2.5,0.0,0.0,0.0,0.0,0.0,0.0,0.0
19:38:0,246.211,246.211,2,0.1,13.0,76.0,15.8,0.0,40.0,1.5,16.5,919951.2,84760.8,79638.8,51921.2,680212.8,0.0,63582.4,100.0,0.0,0.0,3.5,0.0,0.0,0.0,0.0,0.0,3.5,3.4,0.0,0.0,0.0,0.0,0.0,0.0,0.0
19:38:1,502.72125,368.47783333333336,3,0.6,25.7,67.1,29.5,0.0,45.2,0.5,25.3,930619.6,74092.4,79396.8,57325.2,743107.2,0.0,37487.2,100.0,0.0,0.0,4.9,0.0,0.0,0.0,0.0,0.0,4.9,5.0,0.0,0.0,0.0,0.0,0.0,0.0,0.0
19:38:2,2168.6406999999954,526.1977096774193,4,6.2,45.0,52.0,47.4,0.0,38.9,1.0,15.8,925654.4,79057.6,82045.6,49192.4,661116.4,0.0,104345.6,100.0,0.0,0.0,12.7,0.0,0.0,0.0,0.0,0.0,12.7,12.0,0.0,0.0,0.0,0.0,0.0,0.0,0.0
19:38:3,406.61599999999993,220.33351141552518,5,21.9,71.8,26.5,73.2,0.0,6.8,1.0,1.2,912611.6,92100.4,84148.4,57645.2,675463.6,0.0,46461.2,100.0,0.0,0.0,24.7,0.0,0.0,0.0,0.0,0.0,24.7,24.1,0.0,0.0,0.0,0.0,0.0,0.0,0.0
19:38:4,1833.4154,969.0345643835616,6,36.5,96.7,0.5,99.4,0.0,6.8,1.5,15.0,911241.2,93470.8,80369.2,49683.6,668275.2,0.0,65453.6,100.0,0.0,0.0,42.3,0.0,0.0,0.0,0.0,0.0,42.3,38.4,0.0,0.0,0.0,0.0,0.0,0.0,0.0
19:38:5,2105.1613000000007,1142.1433018181829,7,27.5,63.7,26.8,66.8,0.0,8.0,1.2,24.4,916244.4,88467.6,81384.4,60290.8,658297.6,0.0,77071.6,100.0,0.0,0.0,24.3,0.0,0.0,0.0,0.0,0.0,24.3,22.2,0.0,0.0,0.0,0.0,0.0,0.0,0.0
19:40:3,312.44919999999996,186.9258148148148,7,2.7,15.2,83.6,16.3,0.0,6.4,0.7,2.5,899976.0,104736.0,82554.0,58608.0,661442.8,0.0,49986.8,100.0,0.0,0.0,6.9,0.0,0.0,0.0,0.0,0.0,6.9,5.8,0.0,0.0,0.0,0.0,0.0,0.0,0.0
19:40:4,1771.7559999999999,1110.8958013468011,7,29.7,82.1,14.6,85.4,0.0,67.6,0.7,4.4,911984.0,92728.0,82832.8,59253.2,672839.6,0.0,45903.2,100.0,0.0,0.0,35.6,0.0,0.0,0.0,0.0,0.0,35.6,31.7,0.0,0.0,0.0,0.0,0.0,0.0,0.0
19:40:5,1641.512999999999,1143.461680952381,7,42.0,96.8,0.6,99.4,0.0,64.0,0.7,2.7,899612.8,105099.2,81894.0,55502.0,676812.4,0.0,41968.0,100.0,0.0,0.0,40.8,0.0,0.0,0.0,0.0,0.0,40.8,35.6,0.0,0.0,0.0,0.0,0.0,0.0,0.0
19:41:0,1603.7275,1135.8357447306803,7,42.7,96.9,1.0,99.0,0.0,6.0,0.8,2.4,900334.8,104377.2,82324.4,55121.6,675059.6,0.0,43113.6,100.0,0.0,0.0,42.8,0.0,0.0,0.0,0.0,0.0,42.8,38.5,0.0,0.0,0.0,0.0,0.0,0.0,0.0
19:41:1,1658.115,1141.6797458432309,7,42.1,97.0,0.9,99.1,0.0,6.4,0.8,0.4,896679.6,108032.4,82706.0,55753.6,670756.4,0.0,42290.8,100.0,0.0,0.0,43.8,0.0,0.0,0.0,0.0,0.0,43.8,39.2,0.0,0.0,0.0,0.0,0.0,0.0,0.0
19:41:2,1680.706,1150.5553631961263,7,41.3,96.4,0.9,99.1,0.0,101.2,1.3,0.8,900724.8,103987.2,82845.6,56291.2,674088.4,0.0,42592.4,100.0,0.0,0.0,43.4,0.0,0.0,0.0,0.0,0.0,43.4,39.6,0.0,0.0,0.0,0.0,0.0,0.0,0.0
19:41:3,1807.789,1206.3273813131318,7,39.6,96.9,0.8,99.2,0.0,6.0,0.8,1.4,899848.0,104864.0,82871.2,56080.0,673011.2,0.0,42647.6,100.0,0.0,0.0,41.0,0.0,0.0,0.0,0.0,0.0,41.0,36.5,0.0,0.0,0.0,0.0,0.0,0.0,0.0
19:41:4,1703.0493999999997,1148.6288481927702,7,41.5,97.1,0.9,99.1,0.0,10.0,0.9,0.4,900392.8,104319.2,82943.2,56551.6,673252.0,0.0,42821.6,100.0,0.0,0.0,43.8,0.0,0.0,0.0,0.0,0.0,43.8,39.7,0.0,0.0,0.0,0.0,0.0,0.0,0.0
19:42:4,1695.8865,1149.8910927152317,7,15.1,6.8,92.4,7.4,0.0,8.0,0.8,0.4,892584.4,112127.6,82642.0,56652.8,666080.0,0.0,42816.8,100.0,0.0,0.0,3.3,0.0,0.0,0.0,0.0,0.0,3.3,3.0,0.0,0.0,0.0,0.0,0.0,0.0,0.0
19:42:5,284.0077,259.642,7,0.2,11.9,86.6,13.1,0.0,56.0,0.9,0.7,894614.0,110098.0,82666.8,56703.2,668081.6,0.0,42810.8,100.0,0.0,0.0,5.2,0.0,0.0,0.0,0.0,0.0,5.2,4.7,0.0,0.0,0.0,0.0,0.0,0.0,0.0
19:43:3,214.80270000000002,209.616,7,0.3,3.0,96.5,3.2,0.0,51.6,1.1,0.4,890500.0,114212.0,82597.2,56023.6,664150.8,0.0,42998.0,100.0,0.0,0.0,1.4,0.0,0.0,0.0,0.0,0.0,1.4,1.2,0.0,0.0,0.0,0.0,0.0,0.0,0.0
19:43:4,420.42139999999995,272.54539130434785,7,2.3,12.9,85.8,14.2,0.0,6.0,0.9,0.2,893934.4,110777.6,82713.6,56792.4,666956.8,0.0,43116.8,100.0,0.0,0.0,5.9,0.0,0.0,0.0,0.0,0.0,5.9,5.5,0.0,0.0,0.0,0.0,0.0,0.0,0.0
19:43:5,282.48514999999975,189.0806515151516,7,13.2,76.0,21.1,78.9,0.0,88.2,1.0,1.5,897087.6,107624.4,82813.2,57163.6,670055.6,0.0,43099.6,100.0,0.0,0.0,33.5,0.0,0.0,0.0,0.0,0.0,33.5,30.2,0.0,0.0,0.0,0.0,0.0,0.0,0.0
19:44:0,238.34939999999995,175.55303265306125,7,24.5,90.2,8.4,91.5,0.0,10.0,0.8,0.7,898566.8,106145.2,82778.8,56766.0,671381.6,0.0,43152.8,100.0,0.0,0.0,39.3,0.0,0.0,0.0,0.0,0.0,39.3,34.7,0.0,0.0,0.0,0.0,0.0,0.0,0.0
19:44:1,284.70399999999995,188.96919469026545,7,33.9,96.8,1.6,98.4,0.0,64.4,1.1,0.5,897204.8,107507.2,82838.4,56607.6,669716.0,0.0,43223.6,100.0,0.0,0.0,45.4,0.0,0.0,0.0,0.0,0.0,45.4,40.7,0.0,0.0,0.0,0.0,0.0,0.0,0.0
19:44:2,345.37699999999967,191.87511724137923,7,14.5,81.4,17.0,83.0,0.0,8.0,0.8,0.3,897257.6,107454.4,82832.4,56620.8,669686.0,0.0,43251.6,100.0,0.0,0.0,36.2,0.0,0.0,0.0,0.0,0.0,36.2,32.3,0.0,0.0,0.0,0.0,0.0,0.0,0.0
19:44:3,216.81854999999993,173.7432666666667,7,3.0,52.5,45.6,54.2,0.0,8.0,1.1,0.3,898251.6,106460.4,82930.4,56939.2,670373.6,0.0,43406.0,100.0,0.0,0.0,21.2,0.0,0.0,0.0,0.0,0.0,21.2,19.3,0.0,0.0,0.0,0.0,0.0,0.0,0.0
19:46:0,374.21099999999996,222.80540000000002,7,0.5,6.2,92.0,7.8,0.0,2.8,0.8,0.2,896191.6,108520.4,82950.4,56651.6,668218.0,0.0,43484.0,100.0,0.0,0.0,2.5,0.0,0.0,0.0,0.0,0.0,2.5,2.6,0.0,0.0,0.0,0.0,0.0,0.0,0.0
19:46:1,267.9,267.9,7,0.1,6.2,92.0,7.8,0.0,2.8,0.8,0.2,896191.6,108520.4,82950.4,56651.6,668218.0,0.0,43484.0,100.0,0.0,0.0,2.5,0.0,0.0,0.0,0.0,0.0,2.5,2.6,0.0,0.0,0.0,0.0,0.0,0.0,0.0
19:46:2,262.2395,179.92508928571425,7,5.6,36.6,62.0,37.8,0.0,8.0,0.8,0.3,898962.8,105749.2,82988.8,57169.2,670722.4,0.0,43546.0,100.0,0.0,0.0,15.8,0.0,0.0,0.0,0.0,0.0,15.8,14.5,0.0,0.0,0.0,0.0,0.0,0.0,0.0
19:46:3,236.2748,169.93345664739888,7,17.3,90.3,8.1,91.9,0.0,12.0,0.7,0.3,899402.4,105309.6,83028.4,57202.8,671028.4,0.0,43545.2,100.0,0.0,0.0,41.2,0.0,0.0,0.0,0.0,0.0,41.2,36.7,0.0,0.0,0.0,0.0,0.0,0.0,0.0
19:46:4,228.71115,166.9527007874015,7,25.4,88.3,10.1,89.9,0.0,77.1,0.3,0.7,899360.0,105352.0,83048.4,57182.4,670871.6,0.0,43552.0,100.0,0.0,0.0,41.3,0.0,0.0,0.0,0.0,0.0,41.3,37.8,0.0,0.0,0.0,0.0,0.0,0.0,0.0
19:46:5,282.23499999999996,183.75253257790365,7,35.3,96.2,1.8,98.2,0.0,37.2,0.5,0.4,899615.6,105096.4,83133.2,56974.0,671021.2,0.0,43553.6,100.0,0.0,0.0,45.6,0.0,0.0,0.0,0.0,0.0,45.6,41.1,0.0,0.0,0.0,0.0,0.0,0.0,0.0
19:47:0,257.41849999999977,169.7092129629629,7,10.8,72.6,25.7,74.3,0.0,7.6,0.9,0.3,900151.2,104560.8,83117.2,57039.2,671325.2,0.0,43747.2,100.0,0.0,0.0,31.0,0.0,0.0,0.0,0.0,0.0,31.0,29.0,0.0,0.0,0.0,0.0,0.0,0.0,0.0
19:47:1,215.22775,185.11726666666664,7,3.0,32.7,65.7,34.2,0.0,77.2,0.9,0.3,900300.4,104411.6,83165.2,57056.0,671311.2,0.0,43767.6,100.0,0.0,0.0,12.5,0.0,0.0,0.0,0.0,0.0,12.5,11.8,0.0,0.0,0.0,0.0,0.0,0.0,0.0
19:57:1,378.38225,292.1825,7,0.2,3.6,94.5,5.3,0.0,7.2,1.2,0.3,898472.0,106240.0,83114.4,57142.4,669159.6,0.0,44413.2,100.0,0.0,0.0,1.9,0.0,0.0,0.0,0.0,0.0,1.9,1.9,0.0,0.0,0.0,0.0,0.0,0.0,0.0
