time, response_time_p95, response_time, worker_number, request_rate,CPU0User%, CPU0Idle%, CPU0Total%, CPU1User%, CPU1Idle%, CPU1Total%,[DSK:sda]Reads, [DSK:sda]RMerge, [DSK:sda]RKBytes, [DSK:sda]WaitR, [DSK:sda]Writes, [DSK:sda]WMerge, [DSK:sda]WKBytes, [DSK:sda]WaitW, [DSK:sda]Request, [DSK:sda]QueLen, [DSK:sda]Wait, [DSK:sda]SvcTim, [DSK:sda]Util,[NUMA:0]Used, [NUMA:0]Free, [NUMA:0]Slab, [NUMA:0]Mapped, [NUMA:0]Anon, [NUMA:0]AnonH, [NUMA:0]Inactive, [NUMA:0]Hits,[TCPD]InReceives, [TCPD]InDelivers, [TCPD]OutRequests, [TCPD]InSegs, [TCPD]OutSegs
10:22:0,12382.024599999999,8522.65224137931,1,2.9,94.4,4.0,96.0,94.2,4.2,95.8,1.5,0.0,14.3,0.6,5.5,12.5,79.3,1.2,6.7,0.0,1.3,1.8,1.9,3632656.8,397883.2,201383.6,229026.4,1211381.2,0.0,1176410.0,100.0,13.3,13.3,13.6,13.3,13.8
10:22:1,12416.094,12416.094,1,0.1,94.4,3.3,96.7,95.0,3.4,96.6,2.1,0.0,46.7,1.2,5.6,12.5,80.1,1.2,15.6,0.0,1.8,2.7,2.2,3637797.2,392742.8,201684.4,230651.2,1215824.4,0.0,1176458.8,100.0,18.5,18.5,19.2,17.9,19.2
10:22:2,13699.366,9620.807705882353,1,1.7,95.6,3.5,96.5,94.3,4.4,95.6,0.1,0.0,8.0,0.4,0.5,1.0,7.6,1.2,12.8,0.1,1.6,2.6,0.4,3632249.2,398290.8,201509.6,224680.0,1209888.8,0.0,1176816.4,100.0,13.2,13.2,14.3,12.7,14.1
10:22:3,11656.059,11656.059,1,0.1,95.3,3.1,96.9,94.4,4.1,95.9,0.1,0.0,8.0,0.4,0.5,1.0,7.6,1.2,12.8,0.1,1.6,2.6,0.4,3633940.0,396600.0,201621.6,224964.8,1211289.2,0.0,1176825.6,100.0,17.8,17.8,19.0,17.3,19.2
10:22:4,6808.899699999996,1786.1518333333333,2,1.2,83.9,14.0,86.0,82.9,14.7,85.3,0.1,0.0,6.4,0.4,3.3,14.3,75.6,1.0,15.1,0.1,1.2,2.3,0.8,3542106.8,488433.2,206708.8,227040.0,1194140.8,0.0,1067758.0,100.0,13.5,13.5,13.2,12.9,12.8
10:22:5,7052.889999999999,5758.3758484848495,2,3.3,94.1,4.4,95.6,94.3,3.9,96.1,0.1,0.0,0.4,0.4,0.5,4.2,20.3,0.7,7.9,0.2,1.1,1.8,0.3,3540186.0,490354.0,206806.0,221994.4,1192006.8,0.0,1067786.0,100.0,11.4,11.4,12.5,11.4,12.7
10:23:0,7188.0798,6056.059363636364,2,3.3,94.8,3.4,96.6,94.0,3.9,96.1,0.0,0.0,0.0,0.0,3.4,5.3,38.8,1.2,9.0,0.2,1.2,1.8,0.5,3542439.2,488100.8,207086.0,221999.2,1193144.4,0.0,1067870.0,100.0,12.6,12.6,13.2,12.6,13.6
10:23:1,6877.689399999999,5906.369655172414,2,2.9,94.8,3.0,97.0,93.8,4.4,95.6,0.0,0.0,0.0,0.0,23.5,2.0,132.4,0.5,6.3,0.1,0.5,1.0,0.2,3542558.4,487981.6,207240.0,221674.0,1192980.4,0.0,1067874.8,100.0,11.9,11.9,12.3,11.9,12.7
10:23:2,6619.650799999999,4478.3005,3,3.8,77.2,21.5,78.5,77.9,20.6,79.4,0.0,0.0,0.0,0.0,2.7,15.0,72.4,1.2,17.3,0.1,1.2,1.8,0.7,3487920.8,542619.2,166116.8,229688.4,1207201.6,0.0,1238884.8,100.0,14.8,14.8,15.2,13.5,14.1
10:23:3,4645.2039,3858.880425531915,3,4.7,94.9,3.6,96.4,94.6,3.6,96.4,0.0,0.0,0.0,0.0,0.7,13.3,58.0,0.8,18.1,0.1,0.8,1.5,0.3,3493803.2,536736.8,166366.4,225751.2,1211808.4,0.0,1238900.8,100.0,18.9,18.9,19.7,17.8,19.3
10:23:4,4690.5072,3790.664775510204,3,4.9,93.7,4.5,95.5,95.6,3.4,96.6,0.0,0.0,0.0,0.0,0.5,1.7,10.4,0.9,6.2,0.2,0.9,1.6,0.2,3490445.2,540094.8,166288.4,225659.6,1208674.0,0.0,1238905.6,100.0,14.5,14.5,14.5,14.5,14.9
10:23:5,4630.6586,3785.733382978723,3,4.7,95.1,4.0,96.0,95.0,4.0,96.0,0.0,0.0,0.0,0.0,0.8,2.2,15.2,0.8,9.0,0.1,0.8,2.2,0.2,3490900.4,539639.6,166447.6,225685.2,1208954.4,0.0,1238934.4,100.0,13.0,13.0,13.6,13.0,14.0
10:24:0,4293.425,2981.736163934425,4,6.1,91.0,6.8,93.1,91.2,6.3,93.7,1.4,3.0,25.6,0.6,3.0,15.2,74.0,1.4,13.6,0.1,1.7,2.8,1.4,3595675.6,434856.4,203918.8,232859.2,1215608.8,0.0,1151433.2,100.0,13.7,13.7,13.8,13.1,13.4
10:24:1,3432.49745,2861.1721093749998,4,6.4,94.2,3.6,96.4,94.2,3.2,96.8,0.2,0.0,24.8,0.3,0.4,3.9,19.6,0.4,19.1,0.1,0.6,1.3,0.2,3599359.6,431172.4,204086.0,227874.8,1217500.0,0.0,1151900.4,100.0,14.1,14.1,15.2,14.1,15.6
10:24:2,3360.5615,2848.844197183099,4,7.1,95.2,3.1,96.9,93.9,4.0,96.0,0.1,0.0,12.4,0.4,0.7,2.9,18.0,0.9,13.5,0.0,0.9,2.0,0.3,3598720.0,431812.0,204115.2,227483.6,1216205.6,0.0,1152029.6,100.0,11.9,11.9,12.0,11.9,12.4
10:24:3,3218.2732499999997,2312.4415294117657,4,3.4,64.5,33.0,67.0,63.3,32.7,67.3,0.0,0.0,0.0,0.0,2.0,4.2,26.4,1.7,9.1,0.1,1.7,2.4,0.5,3600458.0,430074.0,204410.0,228518.0,1217853.6,0.0,1152030.8,100.0,13.8,13.8,14.2,13.8,14.8
10:24:4,3295.0537999999997,2597.075917808219,4,7.3,94.6,3.6,96.4,93.8,3.6,96.4,0.0,0.0,0.0,0.0,9.5,2.6,58.0,1.0,6.3,0.0,1.0,1.6,0.4,3597010.0,433522.0,204288.8,227921.2,1214886.8,0.0,1152040.8,100.0,13.4,13.4,15.0,12.9,14.8
10:24:5,3324.2623,2864.108731343284,4,6.7,94.5,4.3,95.6,93.8,3.5,96.5,0.0,0.0,0.0,0.0,1.5,3.9,24.4,0.5,3.8,0.1,0.5,0.8,0.5,3599937.6,430594.4,204424.8,227530.4,1217074.4,0.0,1152164.0,100.0,16.1,16.1,17.4,16.1,18.0
10:25:0,3269.3446,2832.991971014494,4,6.9,94.0,3.7,96.3,93.9,4.2,95.8,0.0,0.0,0.0,0.0,8.4,6.4,63.9,0.8,8.2,0.1,0.8,1.4,0.3,3599131.2,431400.8,204404.8,227163.2,1215951.2,0.0,1152192.4,100.0,13.0,13.0,13.8,13.0,14.2
10:25:1,3345.5105,2855.6034218749996,4,6.4,94.8,3.8,96.2,93.4,3.7,96.3,0.0,0.0,0.0,0.0,0.5,2.2,12.4,0.9,7.2,0.1,0.9,1.6,0.2,3600160.0,430372.0,204549.6,227806.8,1216601.6,0.0,1152209.2,100.0,14.5,14.5,15.3,14.5,15.7
10:25:2,3315.01745,2801.8106406249995,4,6.4,94.6,3.9,96.1,94.3,4.0,96.0,0.0,0.0,0.0,0.0,29.6,2.6,162.4,1.0,8.3,0.0,1.0,2.2,0.4,3599292.8,431239.2,204464.8,227236.8,1215879.6,0.0,1152208.8,100.0,12.0,12.0,12.9,12.0,13.1
10:25:3,3380.0168,2842.8119538461538,4,6.5,94.2,3.9,96.1,93.9,4.0,96.0,0.0,0.0,0.0,0.0,2.5,2.9,27.2,0.8,7.8,0.0,0.8,1.2,0.2,3598221.6,432310.4,204413.2,227591.6,1215433.6,0.0,1152216.0,100.0,13.3,13.3,14.2,13.3,14.6
10:25:4,3266.2421999999997,2791.7163283582086,4,6.7,94.7,3.9,96.1,94.7,3.5,96.5,0.0,0.0,0.0,0.0,0.3,1.8,10.0,0.3,3.3,0.0,0.3,0.5,0.2,3599389.6,431142.4,204530.0,227320.8,1215909.6,0.0,1152227.6,100.0,15.7,15.7,17.2,14.4,16.4
10:25:5,3367.1952,2825.443895522388,4,6.7,94.4,3.7,96.3,93.8,4.2,95.8,0.0,0.0,0.0,0.0,1.8,4.5,28.0,0.8,6.0,0.2,0.8,1.3,0.5,3599156.0,431376.0,204482.0,227698.8,1215880.0,0.0,1152346.8,100.0,14.2,14.2,15.2,14.2,15.6
10:26:0,3379.2163499999997,2833.638442857144,4,7.0,90.1,8.5,91.4,89.3,9.2,90.8,0.0,0.0,0.0,0.0,28.9,3.4,172.4,0.4,5.8,0.2,0.4,0.8,0.4,3598644.8,431887.2,204532.4,227380.8,1215471.6,0.0,1152356.0,100.0,11.7,11.7,12.6,11.7,13.0
10:26:1,1394.0935,1125.561483870968,4,3.1,57.5,41.3,58.7,51.9,46.8,53.2,0.0,0.0,0.0,0.0,1.8,1.6,15.2,0.1,2.8,0.0,0.1,0.5,0.2,3599047.6,431484.4,204574.4,226998.4,1215931.2,0.0,1152373.2,100.0,10.1,10.1,10.7,10.1,11.1
10:26:2,1410.347,1148.026414634146,4,4.1,52.2,46.3,53.6,48.2,51.3,48.7,0.0,0.0,0.0,0.0,0.6,2.5,14.0,1.2,6.5,0.2,1.2,1.7,0.3,3598849.6,431682.4,204712.8,227080.4,1215588.0,0.0,1152376.0,100.0,7.0,7.0,7.6,7.0,7.8
10:26:3,1352.40525,1137.424210526316,4,3.8,47.8,50.7,49.2,52.6,45.9,54.1,0.0,0.0,0.0,0.0,0.7,3.2,18.4,1.0,11.4,0.0,1.0,2.4,0.2,3598616.4,431915.6,204860.0,227094.8,1214901.2,0.0,1152376.0,100.0,9.6,9.6,10.4,9.6,10.8
10:26:4,1367.6577,1143.7183076923077,4,3.9,48.4,50.6,49.2,50.9,48.4,51.6,0.0,0.0,0.0,0.0,31.1,3.4,180.8,1.0,9.3,0.1,1.0,1.6,0.4,3600480.8,430051.2,205071.6,227906.0,1216466.8,0.0,1152506.4,100.0,6.3,6.3,6.9,6.3,6.9
10:26:5,1367.791,1065.3794634146345,3,4.1,80.7,16.7,83.2,80.5,17.6,82.4,0.0,0.0,0.0,0.0,1.6,3.8,25.2,0.8,6.4,0.2,0.8,1.2,0.4,3600000.0,430532.0,205095.6,227535.2,1215993.6,0.0,1152511.2,100.0,16.1,16.1,16.3,15.6,16.5
10:27:0,1406.6081,1161.6029210526315,3,3.8,83.8,15.2,84.8,82.3,16.6,83.4,0.0,0.0,0.0,0.0,0.6,2.3,14.8,0.9,7.4,0.1,0.9,1.8,0.4,3598681.6,431850.4,205237.6,227165.2,1214452.0,0.0,1152521.6,100.0,11.4,11.4,12.1,11.4,12.5
10:27:1,1417.8661,1180.1176153846152,3,3.9,85.9,12.1,87.8,86.3,12.5,87.5,0.0,0.0,0.0,0.0,0.6,2.5,14.8,0.9,9.2,0.2,0.9,2.0,0.2,3601912.0,428620.0,205354.8,227568.0,1217162.0,0.0,1152552.4,100.0,14.3,14.3,14.9,14.3,15.3
10:27:2,1432.4878999999999,1174.0841282051283,3,3.9,85.2,13.3,86.6,87.4,11.4,88.6,0.0,0.0,0.0,0.0,30.8,2.4,173.2,0.4,6.3,0.0,0.4,1.0,0.3,3598899.2,431632.8,205291.2,227586.8,1214840.0,0.0,1152558.4,100.0,10.0,10.0,10.9,9.9,11.0
10:27:3,1765.11115,1161.8048421052636,2,3.8,92.8,5.0,94.9,94.0,4.7,95.3,0.0,0.0,0.0,0.0,0.7,2.8,17.2,0.5,5.0,0.0,0.5,1.2,0.4,3601604.0,428928.0,205541.6,227616.0,1216731.2,0.0,1152677.2,100.0,14.6,14.6,15.3,13.9,15.0
10:27:4,1788.8716999999997,1288.2936000000004,2,3.5,93.8,4.2,95.8,94.7,3.8,96.2,0.0,0.0,0.0,0.0,0.7,3.4,21.6,0.9,12.0,0.1,0.9,1.8,0.2,3599699.2,430832.8,205398.4,227640.4,1215098.4,0.0,1152680.8,100.0,15.7,15.7,16.4,15.7,17.0
10:27:5,1737.6528999999998,1314.153294117647,2,3.4,94.0,3.8,96.2,95.1,4.0,96.0,0.1,0.0,2.8,0.2,26.3,5.3,162.1,0.3,5.5,0.1,0.5,0.8,0.6,3600429.2,430102.8,205487.2,227264.8,1215464.4,0.0,1152686.4,100.0,13.4,13.4,13.1,12.9,13.1
10:28:0,1858.9789999999998,1319.484444444444,2,3.6,94.4,4.0,96.0,94.8,3.5,96.5,0.0,0.0,0.0,0.0,0.8,2.5,16.8,1.0,10.4,0.0,1.0,2.6,0.4,3599238.0,431294.0,205520.8,227920.4,1214371.6,0.0,1152722.8,100.0,8.9,8.9,9.5,8.9,9.5
10:28:1,2982.2794,1809.944185185185,1,2.7,95.0,3.6,96.4,94.6,4.1,95.9,0.0,0.0,0.0,0.0,0.6,2.4,14.4,0.8,7.2,0.1,0.8,1.8,0.4,3600887.2,429644.8,205634.0,227719.6,1216115.2,0.0,1152741.6,100.0,11.9,11.9,12.1,11.9,12.3
10:28:2,2938.8538,2554.1759473684206,1,1.9,94.8,4.1,95.9,94.9,3.7,96.3,0.0,0.0,0.0,0.0,0.5,2.1,12.4,1.1,7.4,0.1,1.1,2.0,0.4,3602141.6,428390.4,205684.0,227743.2,1216574.0,0.0,1152740.0,100.0,10.1,10.1,10.3,10.1,10.5
10:28:3,3164.2866,2611.156055555555,1,1.8,93.9,4.2,95.8,94.0,3.4,96.5,0.0,0.0,0.0,0.0,27.9,2.8,156.4,0.9,9.7,0.0,0.9,2.2,0.5,3602780.8,427751.2,205766.4,227965.6,1217014.8,0.0,1152748.0,100.0,15.2,15.2,15.3,15.2,15.9
10:28:4,3054.4337499999997,2568.2576111111107,1,1.8,93.9,3.8,96.2,94.7,3.7,96.3,0.0,0.0,0.0,0.0,1.0,2.9,20.4,0.8,10.4,0.0,0.8,2.0,0.3,3602437.6,428094.4,205847.6,228165.2,1216765.2,0.0,1152746.8,100.0,14.0,14.0,15.1,13.5,15.1
10:28:5,3060.8551999999995,2597.236789473684,1,1.9,94.9,3.7,96.3,94.0,3.9,96.1,0.0,0.0,0.0,0.0,1.6,4.1,27.2,0.8,6.9,0.1,0.8,1.5,0.6,3600064.0,430468.0,205793.6,227786.0,1214593.6,0.0,1152748.0,100.0,11.6,11.6,12.5,11.6,12.7
10:29:0,3105.8722,2548.009,1,1.8,88.5,9.6,90.4,85.9,11.6,88.4,0.0,0.0,0.0,0.0,30.1,2.9,170.5,1.3,9.7,0.1,1.3,1.8,0.4,3602678.0,427854.0,206109.2,227804.0,1216720.0,0.0,1152764.0,100.0,13.4,13.4,13.6,13.4,14.0
10:29:1,1347.36395,932.991625,1,0.8,51.4,47.0,53.0,53.6,45.0,54.9,0.0,0.0,0.0,0.0,1.8,4.6,28.0,1.6,12.6,0.0,1.6,2.9,0.7,3601737.6,428794.4,206058.0,227476.4,1216297.2,0.0,1152888.4,100.0,10.5,10.5,10.2,10.5,10.6
10:29:2,1370.3695,970.7452,1,1.0,48.7,50.9,49.1,51.0,48.3,51.6,0.0,0.0,0.0,0.0,0.8,2.6,16.4,1.1,8.6,0.2,1.1,1.9,0.3,3600571.6,429960.4,206058.8,227504.0,1215151.2,0.0,1152916.0,100.0,7.0,7.0,7.3,6.3,6.6
10:29:3,1483.3476,1018.6003333333333,1,0.9,47.3,51.1,48.9,54.2,44.2,55.7,0.0,0.0,0.0,0.0,24.4,2.5,141.6,0.2,2.6,0.0,0.2,0.3,0.4,3601042.4,429489.6,206208.4,227938.4,1215193.6,0.0,1152920.8,100.0,8.3,8.3,9.1,8.3,9.3
10:29:4,1265.4304,897.2928888888889,1,0.9,48.5,49.7,50.3,51.5,46.7,53.2,0.0,0.0,0.0,0.0,2.7,2.5,20.8,0.6,2.3,0.1,0.6,0.7,0.3,3600045.2,430486.8,206330.8,227951.2,1214306.8,0.0,1152928.0,100.0,9.9,9.9,10.1,9.9,10.5
10:29:5,1291.1552499999998,925.1592,1,1.0,52.3,46.1,53.9,49.4,49.4,50.4,0.0,0.0,0.0,0.0,1.6,3.7,23.6,0.8,5.8,0.1,0.8,1.2,0.4,3602072.4,428459.6,206537.2,227900.0,1215918.0,0.0,1152949.6,100.0,10.4,10.4,10.2,9.9,9.9
10:30:0,1199.2338999999997,896.2805000000001,1,1.0,50.4,46.9,53.1,54.1,45.3,54.7,0.0,0.0,0.0,0.0,1.0,2.8,20.0,0.9,10.5,0.1,0.9,2.1,0.3,3601897.6,428634.4,206638.0,227982.8,1215492.4,0.0,1153072.8,100.0,8.3,8.3,8.0,8.3,8.2
10:30:1,1386.2393,966.9843000000001,1,1.0,50.2,46.9,52.8,52.8,46.5,53.5,0.0,0.0,0.0,0.0,31.1,3.7,180.2,1.4,9.4,0.2,1.4,1.4,0.5,3604552.0,425980.0,206806.0,228575.6,1218686.8,0.0,1153102.8,100.0,9.2,9.2,8.7,9.2,8.9
10:30:2,1291.8094,896.4025555555556,1,0.9,52.8,43.7,56.3,53.6,44.1,55.8,0.0,0.0,0.0,0.0,0.5,2.3,12.8,0.9,7.4,0.2,0.9,1.6,0.2,3607166.8,423365.2,207022.8,229472.0,1220844.0,0.0,1153104.0,100.0,14.4,14.4,13.9,14.4,14.5
10:30:3,1243.0991,911.2068000000002,1,1.0,52.1,47.2,52.8,50.9,47.4,52.5,0.0,0.0,0.0,0.0,0.6,2.0,12.0,1.0,7.2,0.0,1.0,2.2,0.3,3602009.6,428522.4,206873.6,228014.0,1215680.4,0.0,1153100.4,100.0,7.0,7.0,6.8,7.0,7.0
10:30:4,1294.2448,951.6578,1,1.0,54.6,44.0,56.0,49.1,50.2,49.7,0.0,0.0,0.0,0.0,0.5,3.1,16.0,0.9,9.0,0.2,0.9,1.6,0.2,3605605.6,424926.4,207103.2,228641.6,1218858.8,0.0,1153104.8,100.0,9.4,9.4,9.2,8.9,8.9
10:30:5,1315.3072,932.7755,1,1.0,53.7,45.7,54.3,48.3,50.0,49.8,0.0,0.0,0.0,0.0,1.6,4.0,25.5,0.6,6.0,0.2,0.6,1.3,0.5,3603443.2,427088.8,207137.6,228463.2,1216537.2,0.0,1153107.2,100.0,9.0,9.0,8.8,9.0,9.1
10:31:1,1281.0354,911.1208888888891,1,0.9,2.6,95.4,4.4,5.5,92.9,7.1,0.0,0.0,0.0,0.0,0.5,1.4,9.2,0.8,5.6,0.2,0.8,1.6,0.2,3601696.8,428835.2,207191.2,228682.4,1215100.8,0.0,1153138.0,100.0,5.8,5.8,6.0,5.1,5.4
