time, response_time_p95, response_time, worker_number, request_rate,CPU0User%, CPU0Idle%, CPU0Total%, CPU1User%, CPU1Idle%, CPU1Total%,[DSK:sda]Reads, [DSK:sda]RMerge, [DSK:sda]RKBytes, [DSK:sda]WaitR, [DSK:sda]Writes, [DSK:sda]WMerge, [DSK:sda]WKBytes, [DSK:sda]WaitW, [DSK:sda]Request, [DSK:sda]QueLen, [DSK:sda]Wait, [DSK:sda]SvcTim, [DSK:sda]Util,[NUMA:0]Used, [NUMA:0]Free, [NUMA:0]Slab, [NUMA:0]Mapped, [NUMA:0]Anon, [NUMA:0]AnonH, [NUMA:0]Inactive, [NUMA:0]Hits,[TCPD]InReceives, [TCPD]InDelivers, [TCPD]OutRequests, [TCPD]InSegs, [TCPD]OutSegs
20:09:2,4471.5375,3100.154,1,0.6,94.7,2.7,97.3,95.3,2.9,97.1,0.0,0.0,0.0,0.0,1.6,2.9,19.5,0.6,2.8,0.2,0.6,0.9,0.5,3617700.8,412839.2,300208.0,268246.0,1208772.0,0.0,1121742.0,100.0,12.9,12.9,12.8,12.9,13.0
20:09:3,13784.429,10420.705153846153,1,2.6,94.2,3.9,96.1,93.7,4.4,95.6,0.0,0.0,0.0,0.0,0.4,0.7,4.4,1.0,2.2,0.0,1.0,1.6,0.4,3618964.0,411576.0,300427.2,266791.6,1208853.6,0.0,1121896.4,100.0,12.7,12.7,12.4,12.7,12.6
20:09:4,12175.429,12175.429,1,0.1,93.5,3.9,96.1,93.3,4.4,95.6,0.0,0.0,0.0,0.0,0.4,0.7,4.4,1.0,2.2,0.0,1.0,1.6,0.4,3620654.4,409885.6,300599.6,267080.4,1210227.6,0.0,1121899.2,100.0,15.4,15.4,15.3,15.4,15.9
20:09:5,14436.659399999999,10582.377944444444,1,1.8,95.0,4.0,96.0,94.0,4.7,95.3,0.0,0.0,0.0,0.0,0.5,0.9,6.8,0.7,2.9,0.1,0.7,1.1,0.3,3616850.0,413690.0,300636.8,266154.8,1206295.6,0.0,1121920.4,100.0,7.7,7.7,7.9,7.7,7.9
20:10:0,13268.212,13268.212,2,0.1,95.1,3.4,96.6,93.5,4.5,95.5,0.0,0.0,0.0,0.0,0.5,1.7,10.0,0.8,4.5,0.0,0.8,1.3,0.4,3619072.0,411468.0,300756.0,266737.2,1208233.6,0.0,1121927.2,100.0,15.0,15.0,15.4,15.0,16.0
20:10:1,11338.76095,5247.732535714286,2,2.8,94.2,4.7,95.3,94.1,4.6,95.4,0.0,0.0,0.0,0.0,1.9,2.0,18.0,0.9,6.9,0.0,0.9,1.6,0.3,3618695.2,411844.8,300512.8,266183.6,1208165.6,0.0,1121939.6,100.0,9.2,9.2,9.9,8.7,9.4
20:10:2,6908.8243999999995,5864.254147058826,2,3.4,93.1,4.4,95.6,93.7,4.8,95.2,0.0,0.0,0.0,0.0,46.8,4.6,252.0,0.9,8.3,0.1,0.9,1.5,0.8,3621874.4,408665.6,300540.4,266396.0,1211519.6,0.0,1121943.2,100.0,16.4,16.4,17.3,16.4,18.0
20:10:3,6886.0335,5823.152225806453,2,3.1,95.0,3.8,96.2,95.1,3.8,96.2,0.0,0.0,0.0,0.0,0.6,2.1,14.8,0.9,10.0,0.1,0.9,2.0,0.2,3621276.8,409263.2,300717.6,266886.8,1210659.2,0.0,1121952.0,100.0,11.0,11.0,10.8,11.0,11.2
20:10:4,6754.377799999999,4550.622631578946,3,3.8,93.8,4.4,95.6,94.9,3.3,96.7,0.0,0.0,0.0,0.0,3.1,2.6,24.8,0.6,5.6,0.0,0.6,1.3,0.4,3621411.2,409128.8,300809.6,267190.8,1210704.8,0.0,1121950.4,100.0,15.8,15.8,16.0,15.8,16.6
20:10:5,4933.0944,3976.1636603773586,3,5.3,94.5,3.7,96.3,95.2,4.1,95.9,0.0,0.0,0.0,0.0,35.9,3.5,179.5,1.1,9.3,0.1,1.1,1.4,0.5,3618840.0,411700.0,300732.4,266582.8,1208345.6,0.0,1121950.4,100.0,10.5,10.5,11.0,10.5,11.2
20:11:0,4958.6467,3972.2676750000005,3,4.0,94.0,4.2,95.8,93.3,3.6,96.3,0.0,0.0,0.0,0.0,0.5,2.6,14.0,0.7,5.9,0.0,0.7,1.1,0.3,3622051.6,408488.4,300860.4,267080.0,1211140.0,0.0,1121983.6,100.0,15.0,15.0,15.6,15.0,16.2
20:11:1,4966.873949999999,3969.026431818183,3,4.4,94.6,3.6,96.4,93.9,4.1,95.9,0.0,0.0,0.0,0.0,0.3,1.4,8.4,0.5,7.2,0.1,0.5,0.8,0.1,3620187.2,410352.8,300971.6,266774.0,1209313.6,0.0,1122110.8,100.0,12.1,12.1,12.8,12.1,13.2
20:11:2,4530.0398,3047.0584727272712,4,5.5,95.2,3.3,96.7,93.6,4.0,96.0,0.0,0.0,0.0,0.0,1.7,4.6,29.6,1.0,9.1,0.1,1.0,1.7,0.6,3618554.8,411985.2,300942.8,266752.4,1208165.6,0.0,1122113.6,100.0,15.6,15.6,16.3,15.1,16.5
20:11:3,3514.7472,2879.5718923076925,4,6.5,93.6,3.2,96.7,92.0,4.4,95.6,7.0,0.0,156.3,0.5,40.1,3.4,206.4,0.9,10.7,0.1,1.0,1.2,2.5,3568418.8,462121.2,263688.8,266339.6,1211249.6,0.0,1113853.2,100.0,14.2,14.2,15.1,13.5,14.8
20:11:4,3366.7524,2841.6662461538467,4,6.5,95.1,3.8,96.2,94.0,3.9,96.1,0.0,0.0,0.0,0.0,0.4,1.4,11.6,0.5,8.6,0.0,0.5,1.2,0.2,3564714.0,465826.0,259656.4,266264.4,1211438.8,0.0,1113402.0,100.0,12.8,12.8,13.2,12.8,13.6
20:11:5,3298.56775,2807.4978833333325,4,6.0,95.2,3.2,96.8,93.7,4.1,95.9,0.0,0.0,0.0,0.0,0.6,2.5,15.6,0.7,7.4,0.0,0.7,1.5,0.3,3563164.0,467376.0,259668.8,266296.0,1209964.0,0.0,1113401.6,100.0,15.1,15.1,15.8,15.1,16.4
20:12:0,3238.746,2291.017469135803,5,8.1,93.9,4.1,95.9,94.6,3.3,96.7,0.0,0.0,0.0,0.0,2.5,2.8,24.0,0.8,7.5,0.1,0.8,1.3,0.2,3562512.4,468027.6,260062.8,266296.4,1209546.0,0.0,1113414.8,100.0,10.8,10.8,12.5,10.8,12.7
20:12:1,2765.96625,2263.718925,5,8.0,93.0,4.3,95.7,95.7,2.7,97.3,0.0,0.0,0.0,0.0,39.3,1.9,195.2,0.5,6.3,0.0,0.5,1.2,0.4,3562205.2,468334.8,260586.4,266302.0,1208847.6,0.0,1113435.6,100.0,12.2,12.2,14.1,12.2,14.5
20:12:2,2668.2943499999997,2253.8296309523816,5,8.4,94.5,4.4,95.6,95.3,2.9,97.1,0.3,0.0,1.2,0.2,20.7,7.1,122.4,2.0,9.3,0.2,2.0,2.7,1.7,3563888.0,466652.0,260778.4,266025.2,1210182.0,0.0,1113434.8,100.0,13.9,13.9,16.5,13.4,16.5
20:12:3,2627.06805,2252.535231707316,5,8.2,94.5,3.9,96.1,93.6,4.3,95.7,0.2,0.0,0.8,0.2,2.8,2.4,25.2,1.0,8.0,0.0,1.0,2.1,0.4,3563655.6,466884.4,260696.4,266410.0,1209653.2,0.0,1113457.2,100.0,14.4,14.4,15.9,14.4,16.5
20:12:4,2600.7828,1908.8325052631574,6,9.5,95.2,3.1,96.9,94.5,3.6,96.4,0.0,0.0,0.0,0.0,0.5,1.9,11.6,0.7,5.2,0.1,0.7,1.0,0.2,3562782.4,467757.6,260610.8,266508.4,1208990.4,0.0,1113476.4,100.0,11.2,11.2,12.5,11.2,12.9
20:12:5,2534.1099,1885.908191489362,6,9.4,94.7,3.6,96.4,94.5,4.0,95.9,0.1,0.0,0.4,0.3,32.6,3.0,162.8,0.4,5.8,0.1,0.7,1.6,0.6,3562766.4,467773.6,260450.0,266558.8,1208973.6,0.0,1113590.8,100.0,12.3,12.3,13.5,12.3,13.9
20:13:0,2534.245,1908.6903917525772,6,9.7,94.8,3.6,96.4,94.9,3.4,96.6,0.2,0.0,0.8,0.5,0.5,1.2,9.2,0.3,4.9,0.0,0.8,2.1,0.3,3565361.6,465178.4,260744.8,266625.2,1210915.2,0.0,1113603.6,100.0,12.4,12.4,13.7,12.4,14.1
20:13:1,2561.7761,1899.2353052631581,6,9.5,94.6,3.9,96.1,95.6,3.3,96.7,0.0,0.0,0.0,0.0,1.8,1.0,13.2,0.5,5.2,0.0,0.5,1.0,0.1,3565340.8,465199.2,260942.0,266473.6,1210738.8,0.0,1113641.2,100.0,10.6,10.6,12.1,10.6,12.3
20:13:2,2306.8561999999997,1627.416619469026,7,11.3,94.7,4.4,95.6,95.1,3.2,96.8,0.0,0.0,0.0,0.0,0.5,2.0,12.4,0.8,7.6,0.0,0.8,1.6,0.2,3564544.8,465995.2,260902.4,266665.6,1210352.4,0.0,1113642.8,100.0,16.1,16.1,17.7,14.8,16.9
20:13:3,2046.7359500000005,1567.203989130435,7,9.2,78.2,21.0,79.0,81.0,17.8,82.2,0.0,0.0,0.0,0.0,38.1,4.2,199.2,0.5,4.9,0.1,0.5,1.0,1.1,3564963.2,465576.8,260800.8,266398.4,1210643.2,0.0,1113668.8,100.0,11.8,11.8,13.3,11.8,13.7
20:13:4,1534.6732,1246.3618717948716,7,3.9,54.0,44.9,55.0,48.3,51.1,48.9,0.0,0.0,0.0,0.0,0.7,2.3,17.6,0.8,10.2,0.1,0.8,2.0,0.3,3563794.8,466745.2,260852.4,266597.2,1209890.0,0.0,1113668.0,100.0,6.6,6.6,7.0,6.6,7.0
20:13:5,1502.5393,1223.364257142857,7,3.5,50.4,48.2,51.7,49.8,48.8,51.2,0.0,0.0,0.0,0.0,30.9,2.3,149.6,0.2,4.0,0.0,0.2,0.5,0.4,3566109.2,464430.8,260996.8,266615.2,1211522.0,0.0,1113670.4,100.0,9.4,9.4,10.1,9.4,10.5
20:14:0,1557.4806,1251.142162162162,7,3.7,50.3,48.6,51.2,51.4,48.0,52.0,0.0,0.0,0.0,0.0,0.5,2.1,12.8,0.9,7.8,0.0,0.9,1.8,0.3,3562942.8,467597.2,260898.4,266231.2,1208782.4,0.0,1113678.8,100.0,5.9,5.9,7.1,5.9,7.1
20:14:1,1600.56525,1270.816638888889,7,3.6,52.6,46.6,53.3,48.6,48.9,50.9,0.0,0.0,0.0,0.0,27.2,3.4,139.2,0.8,7.0,0.1,0.8,1.3,0.5,3566248.0,464292.0,261151.2,266276.4,1211480.0,0.0,1113700.8,100.0,11.8,11.8,12.4,11.8,13.0
20:14:2,1601.69535,1280.5586764705886,7,3.4,50.1,48.7,51.2,47.9,50.6,49.4,0.0,0.0,0.0,0.0,0.5,1.6,10.8,0.7,4.7,0.0,0.7,1.1,0.3,3564597.2,465942.8,261064.0,266294.4,1210145.6,0.0,1113708.0,100.0,10.7,10.7,11.8,10.2,11.8
20:14:3,1557.0093999999997,1255.1590270270276,7,3.7,34.7,64.9,35.1,38.6,60.7,38.9,0.0,0.0,0.0,0.0,28.3,4.1,146.9,0.6,2.8,0.2,0.6,0.9,0.6,3562061.6,468478.4,261080.8,266056.0,1208010.8,0.0,1113898.4,100.0,3.5,3.5,4.3,3.5,4.3
20:14:4,1602.9237999999998,1274.9274594594594,7,3.7,39.7,59.4,40.5,37.1,61.2,38.3,2.6,0.0,32.3,0.2,0.4,2.5,11.6,0.9,7.0,0.1,1.1,1.6,1.3,3563548.8,466991.2,261323.2,266261.6,1208614.0,0.0,1113934.8,100.0,5.5,5.5,6.3,5.5,6.5
20:14:5,1536.58225,1240.117382352941,7,3.4,40.5,56.2,43.6,38.5,58.7,41.0,2.7,0.0,32.7,0.4,0.5,2.4,12.8,0.8,8.8,0.1,1.2,2.8,1.4,3567873.6,462666.4,261497.6,267064.0,1213158.4,0.0,1114173.2,100.0,11.9,11.9,12.6,11.9,13.2
20:15:0,1666.7037,1277.4600882352938,7,3.4,39.8,58.6,41.2,36.3,62.6,37.3,0.0,0.0,0.0,0.0,34.1,3.3,171.0,0.4,2.9,0.0,0.4,0.5,0.5,3563127.2,467412.8,261481.2,266450.4,1208135.2,0.0,1114181.6,100.0,5.2,5.2,6.1,5.2,6.3
20:15:1,1607.7468,1271.2465945945946,7,3.7,39.2,58.5,41.5,38.7,60.1,39.7,0.0,0.0,0.0,0.0,0.5,2.4,13.2,0.8,7.6,0.0,0.8,1.8,0.3,3563628.8,466911.2,261344.8,266498.4,1208684.4,0.0,1114202.4,100.0,7.9,7.9,8.7,7.9,9.1
20:15:2,1530.0925,1240.6281944444445,7,3.6,38.9,60.3,39.7,40.1,57.4,42.6,0.0,0.0,0.0,0.0,27.9,2.4,137.2,0.4,6.9,0.0,0.4,1.0,0.2,3566233.6,464306.4,261415.2,266510.0,1211351.2,0.0,1114208.0,100.0,9.4,9.4,9.9,8.9,9.9
20:15:3,1625.2051999999999,1235.4578108108105,7,3.7,40.7,57.3,42.7,37.0,60.5,39.1,0.2,0.0,0.8,0.3,1.9,4.1,26.8,0.8,5.4,0.1,1.1,1.6,0.7,3568134.4,462405.6,261462.8,267112.0,1213100.4,0.0,1114233.6,100.0,8.5,8.5,8.9,8.5,9.3
20:15:4,1581.7355999999997,1228.5819999999999,7,3.7,38.4,59.2,40.8,41.4,57.3,42.5,0.0,0.0,0.0,0.0,0.5,1.6,10.0,0.9,6.0,0.1,0.9,1.8,0.3,3567718.0,462822.0,261505.2,267036.8,1212438.8,0.0,1114376.4,100.0,9.5,9.5,10.2,8.8,9.9
20:15:5,1564.5063999999995,1224.010108108108,7,3.7,40.4,58.6,41.4,42.1,55.7,44.2,0.0,0.0,0.0,0.0,2.8,2.2,23.2,1.0,8.6,0.2,1.0,1.8,0.2,3567294.4,463245.6,261478.4,267180.0,1211969.2,0.0,1114374.0,100.0,6.7,6.7,7.8,6.7,8.0
20:16:0,1578.281,1269.2700833333333,7,3.6,41.1,56.2,43.8,41.7,55.0,44.8,0.0,0.0,0.0,0.0,40.5,2.5,196.8,0.9,7.7,0.1,0.9,1.6,0.4,3570857.6,459682.4,261653.2,267933.6,1215385.2,0.0,1114379.2,100.0,11.6,11.6,12.5,11.6,13.1
20:16:1,1672.2957999999999,1262.9934324324327,7,3.7,38.7,59.9,40.1,35.1,63.2,36.5,0.0,0.0,0.0,0.0,0.5,1.7,10.4,1.3,6.2,0.2,1.3,2.0,0.3,3567977.6,462562.4,261719.6,267228.4,1212354.4,0.0,1114536.4,100.0,5.2,5.2,6.1,5.2,6.3
20:16:2,1547.11395,1233.9808823529413,7,3.4,39.8,58.3,41.6,41.8,55.7,44.1,0.0,0.0,0.0,0.0,29.5,2.7,154.4,0.8,7.4,0.1,0.8,1.4,0.4,3568816.4,461723.6,261850.8,267094.8,1213092.8,0.0,1114534.4,100.0,11.6,11.6,12.5,11.1,12.7
20:16:3,1491.5205,1206.2544193548383,7,3.1,27.9,70.3,29.5,29.8,69.1,30.8,0.0,0.0,0.0,0.0,1.5,4.4,26.8,0.7,4.7,0.1,0.7,1.3,0.5,3566764.4,463775.6,261794.8,267126.4,1211353.6,0.0,1114537.2,100.0,5.4,5.4,5.7,5.4,5.9
20:16:4,1655.4506,1110.1407777777777,7,0.9,12.1,87.3,12.7,10.5,88.9,11.0,0.0,0.0,0.0,0.0,0.5,1.8,11.2,0.8,6.8,0.1,0.8,2.2,0.4,3565919.6,464620.4,261755.6,267084.8,1210512.8,0.0,1114665.6,100.0,3.6,3.6,4.1,2.9,3.4
20:16:5,1546.7432999999999,1117.394875,7,0.8,13.1,83.6,16.4,14.5,82.1,17.6,0.0,0.0,0.0,0.0,30.8,2.6,154.5,1.2,8.3,0.1,1.2,2.0,0.6,3566551.2,463988.8,261940.0,267046.8,1210353.6,0.0,1114671.6,100.0,9.1,9.1,9.1,9.1,9.7
20:17:0,1610.3527,1059.626125,7,0.8,14.3,83.1,16.8,14.9,82.3,17.7,0.0,0.0,0.0,0.0,3.0,3.8,29.2,0.9,10.1,0.1,0.9,2.0,0.3,3568215.2,462324.8,262038.4,267000.4,1211891.6,0.0,1114683.6,100.0,6.7,6.7,6.8,6.7,7.2
20:17:1,1705.786,845.044,6,1.1,11.4,85.8,14.1,12.3,85.8,14.2,0.0,0.0,0.0,0.0,0.5,2.3,13.2,0.9,7.8,0.1,0.9,1.6,0.2,3568548.8,461991.2,262138.0,267479.2,1212570.0,0.0,1114705.6,100.0,7.2,7.2,7.6,6.7,7.5
20:17:2,1608.2148,1110.5346666666667,6,0.9,10.8,86.2,12.4,16.2,81.2,18.7,0.0,0.0,0.0,0.0,44.4,6.6,233.6,0.6,5.9,0.2,0.6,1.0,1.5,3566138.0,464402.0,262043.2,267413.2,1210659.6,0.0,1114709.2,100.0,7.3,7.3,8.0,6.8,7.8
20:17:3,1698.5465,1094.90525,6,0.8,12.6,84.9,15.0,18.1,78.3,21.7,0.0,0.0,0.0,0.0,9.5,3.3,58.4,0.7,5.6,0.1,0.7,0.6,0.3,3569128.4,461411.6,262141.2,267644.8,1213262.0,0.0,1114711.6,100.0,9.0,9.0,9.2,9.0,9.8
20:17:4,1690.3969,1120.8980000000001,6,0.8,13.8,83.6,16.2,15.0,83.5,16.5,0.0,0.0,0.0,0.0,2.0,2.1,20.8,0.8,6.0,0.0,0.8,1.0,0.2,3566446.8,464093.2,261968.4,267274.8,1210809.6,0.0,1114722.8,100.0,6.5,6.5,6.6,6.5,7.0
20:17:5,1649.092,822.7793636363637,5,1.1,13.7,84.4,15.5,13.6,84.8,15.2,0.0,0.0,0.0,0.0,0.5,2.3,13.2,0.8,7.8,0.0,0.8,1.6,0.2,3566448.4,464091.6,262045.6,267258.0,1210681.6,0.0,1114841.2,100.0,7.6,7.6,7.9,6.9,7.6
20:18:0,1662.5045499999999,1137.253375,5,0.8,14.7,82.6,17.1,17.3,80.3,19.7,0.0,0.0,0.0,0.0,37.9,3.2,194.0,1.0,9.5,0.1,1.0,1.8,0.5,3569409.6,461130.4,262201.2,267614.0,1213578.0,0.0,1114852.4,100.0,6.2,6.2,6.7,6.2,7.1
20:18:1,1700.0186999999999,1117.329,5,0.8,15.7,82.3,17.5,17.7,79.8,20.2,0.0,0.0,0.0,0.0,2.0,2.2,18.8,0.9,8.0,0.2,0.9,1.6,0.2,3566545.2,463994.8,262218.0,267152.0,1210756.0,0.0,1114868.0,100.0,6.5,6.5,6.8,6.5,7.2
20:18:2,1579.6411999999998,1108.6464444444446,5,0.9,12.1,86.5,13.1,10.4,88.0,11.9,0.0,0.0,0.0,0.0,2.1,5.1,32.4,1.2,7.8,0.1,1.2,1.9,0.6,3565523.2,465016.8,262140.8,266861.6,1209786.4,0.0,1114869.2,100.0,5.8,5.8,6.2,5.3,5.8
20:23:4,1571.1475999999998,643.6245555555556,4,0.9,2.8,96.2,3.7,1.0,98.4,1.6,0.0,0.0,0.0,0.0,0.7,2.2,15.2,0.7,7.2,0.1,0.7,1.5,0.3,3562488.8,468051.2,261966.4,267509.6,1206909.6,0.0,1115116.8,100.0,2.4,2.4,2.6,2.4,3.3
