time, response_time_p95, response_time, worker_number, request_rate,CPU0User%, CPU0Idle%, CPU0Total%, CPU1User%, CPU1Idle%, CPU1Total%,[DSK:sda]Reads, [DSK:sda]RMerge, [DSK:sda]RKBytes, [DSK:sda]WaitR, [DSK:sda]Writes, [DSK:sda]WMerge, [DSK:sda]WKBytes, [DSK:sda]WaitW, [DSK:sda]Request, [DSK:sda]QueLen, [DSK:sda]Wait, [DSK:sda]SvcTim, [DSK:sda]Util,[NUMA:0]Used, [NUMA:0]Free, [NUMA:0]Slab, [NUMA:0]Mapped, [NUMA:0]Anon, [NUMA:0]AnonH, [NUMA:0]Inactive, [NUMA:0]Hits,[TCPD]InReceives, [TCPD]InDelivers, [TCPD]OutRequests, [TCPD]InSegs, [TCPD]OutSegs
17:02:1,160.09655,94.0325,1,0.2,5.9,93.0,6.7,6.2,93.1,6.9,0.1,3.0,12.4,0.4,2.2,3.7,28.9,1.3,10.4,0.2,1.3,1.6,0.5,3581616.0,448924.0,220186.4,230319.6,1230571.6,0.0,1143041.2,100.0,3.8,3.8,3.8,3.2,3.2
17:02:2,2369.17035,1015.0157432432434,1,7.4,85.3,13.4,86.6,82.8,15.2,84.7,0.0,0.0,0.0,0.0,1.6,3.3,22.8,0.8,3.0,0.2,0.8,1.0,0.7,3580516.0,450024.0,220638.8,230324.8,1227695.2,0.0,1143044.4,100.0,38.2,38.2,34.2,38.2,34.2
17:02:3,3092.9284000000002,1551.9454666666663,2,12.0,76.5,21.9,78.0,77.3,20.5,79.5,0.0,0.0,0.0,0.0,0.8,3.9,20.4,1.2,9.8,0.1,1.2,2.1,0.4,3578917.6,451622.4,216600.4,241708.8,1226636.8,0.0,1064423.2,100.0,33.7,33.7,31.0,32.5,29.9
17:02:4,1564.674,706.5619337016575,3,18.1,71.1,27.2,72.8,69.0,29.1,70.9,0.0,0.0,0.0,0.0,1.7,1.8,17.2,1.1,5.3,0.1,1.1,1.5,0.4,3506881.6,523658.4,181262.0,229138.4,1222058.4,0.0,1228470.4,100.0,33.0,33.0,30.3,31.8,29.2
17:02:5,406.36749999999995,180.28805128205113,4,19.5,57.1,42.1,57.9,56.5,42.2,57.8,0.0,0.0,0.0,0.0,1.5,0.4,11.6,0.6,4.3,0.0,0.6,1.1,0.1,3461538.4,568993.6,211240.8,232900.0,1216614.0,0.0,1098013.6,100.0,24.7,24.7,22.5,23.5,21.4
17:03:0,245.61525,154.75086734693878,3,19.6,77.8,19.5,80.3,79.3,18.3,81.7,0.0,0.0,0.0,0.0,2.0,10.1,51.7,1.1,6.3,0.2,1.1,1.7,0.8,3465408.0,565124.0,211445.2,232908.0,1219407.2,0.0,1098020.8,100.0,31.6,31.6,29.4,31.6,29.6
17:03:1,1614.258,901.0999578313249,2,16.6,87.9,10.5,89.4,86.5,11.9,88.1,0.0,0.0,0.0,0.0,0.5,1.9,11.2,0.8,5.1,0.1,0.8,1.1,0.3,3469012.4,561519.6,211948.0,233310.8,1222585.6,0.0,1098040.0,100.0,30.9,30.9,30.5,30.9,30.5
17:03:2,1445.588699999998,500.12932631578946,3,19.0,82.2,14.9,85.1,86.8,11.1,88.9,0.0,0.0,0.0,0.0,0.7,3.0,18.4,0.9,8.3,0.1,0.9,1.7,0.4,3468376.0,562156.0,211846.0,233317.6,1221932.8,0.0,1098045.6,100.0,27.3,27.3,28.1,27.3,28.3
17:03:3,232.13875,151.6698418367347,4,19.6,69.2,28.7,71.3,69.2,30.0,69.9,0.0,0.0,0.0,0.0,28.0,4.7,148.8,0.8,9.1,0.0,0.8,1.8,0.5,3468124.4,562407.6,211872.4,233328.4,1221823.2,0.0,1098047.2,100.0,22.3,22.3,23.6,22.3,23.8
17:03:4,238.0357999999999,154.40043814432994,3,19.4,79.1,19.5,80.4,81.1,16.8,83.2,0.0,0.0,0.0,0.0,0.6,2.3,16.0,1.0,10.8,0.1,1.0,2.0,0.2,3468087.6,562444.4,211877.6,233346.4,1221687.6,0.0,1098046.0,100.0,23.8,23.8,25.4,23.8,25.4
17:03:5,1612.23045,878.48136627907,2,17.2,85.5,12.6,87.4,86.8,10.7,89.3,0.0,0.0,0.0,0.0,20.5,6.3,120.0,0.9,8.4,0.2,0.9,1.1,0.6,3469268.8,561263.2,212025.2,232968.0,1222444.4,0.0,1098052.0,100.0,29.9,29.9,31.5,29.4,31.3
17:04:0,1343.1776,593.0236243386246,3,18.9,88.0,10.2,89.8,85.6,11.7,88.3,0.0,0.0,0.0,0.0,1.8,3.9,26.0,0.7,6.4,0.1,0.7,1.4,0.5,3470563.2,559968.8,212150.0,232971.6,1223559.6,0.0,1098051.6,100.0,26.6,26.6,28.9,26.6,29.1
17:04:1,179.153,145.12041116751277,4,19.7,65.8,32.1,67.8,67.0,30.7,69.3,0.0,0.0,0.0,0.0,0.4,3.0,13.6,0.8,6.8,0.1,0.8,1.4,0.3,3467178.0,563354.0,211918.8,233369.6,1220633.6,0.0,1098078.8,100.0,20.5,20.5,22.6,20.5,22.6
17:04:2,317.02895,190.52871212121212,3,19.8,79.1,19.4,80.5,79.1,18.5,81.5,0.0,0.0,0.0,0.0,0.5,2.3,12.4,0.9,7.0,0.1,0.9,1.8,0.3,3468374.4,562157.6,211961.6,233387.2,1221672.0,0.0,1098084.4,100.0,26.8,26.8,28.6,26.1,28.1
17:04:3,1623.7989999999998,922.135921212121,2,16.5,86.2,11.4,88.6,86.8,11.4,88.6,0.0,0.0,0.0,0.0,25.8,2.5,132.8,1.0,7.4,0.0,1.0,1.8,0.4,3470212.4,560319.6,212456.0,233004.0,1222610.8,0.0,1098092.0,100.0,26.5,26.5,28.7,26.5,28.9
17:04:4,1346.7184499999985,506.5281999999999,3,19.0,84.6,12.5,87.5,84.6,13.3,86.7,0.0,0.0,0.0,0.0,0.4,2.1,13.6,1.4,9.2,0.1,1.4,2.4,0.3,3471173.2,559358.8,212460.0,233011.2,1223824.0,0.0,1098098.4,100.0,25.6,25.6,28.5,25.6,28.7
17:04:5,177.80369999999996,146.49240909090915,4,19.8,66.7,32.1,67.9,67.5,30.3,69.6,0.0,0.0,0.0,0.0,1.6,4.1,29.2,0.7,11.1,0.2,0.7,2.1,0.4,3468577.6,561954.4,212267.6,233419.6,1221835.6,0.0,1098102.8,100.0,20.1,20.1,23.8,19.6,23.4
17:05:0,277.28999999999996,165.2202385786802,3,19.7,80.3,17.5,82.5,79.1,19.5,80.5,0.0,0.0,0.0,0.0,2.7,1.9,20.4,0.2,2.7,0.0,0.2,0.5,0.2,3468075.6,562456.4,212313.6,233425.2,1221316.0,0.0,1098103.2,100.0,23.8,23.8,27.1,23.8,27.3
17:05:1,1591.073499999999,898.7776279069768,2,17.2,87.2,10.6,89.4,85.7,12.6,87.4,0.0,0.0,0.0,0.0,22.9,3.0,118.8,0.5,3.8,0.1,0.5,0.9,0.5,3470253.6,560278.4,212605.2,233044.0,1222742.4,0.0,1098128.0,100.0,24.8,24.8,28.3,24.8,28.5
17:05:2,1368.0089999999998,525.1448395721925,3,18.7,86.1,11.2,88.8,83.9,13.9,86.1,0.0,0.0,0.0,0.0,0.6,1.9,12.8,0.8,6.6,0.0,0.8,1.6,0.3,3469800.8,560731.2,212320.8,233054.8,1222607.6,0.0,1098126.8,100.0,24.5,24.5,28.7,24.5,28.9
17:05:3,233.5710999999999,155.92512060301502,4,19.9,67.1,30.8,69.0,66.3,31.5,68.5,0.0,0.0,0.0,0.0,0.7,2.2,13.6,0.9,6.9,0.0,0.9,2.0,0.3,3468552.8,561979.2,212171.6,233068.0,1222065.6,0.0,1098128.8,100.0,20.5,20.5,24.2,20.5,24.4
17:05:4,533.8072,237.9222525773195,3,19.4,81.8,16.0,84.0,80.3,18.2,81.8,0.0,0.0,0.0,0.0,1.1,3.1,20.4,0.9,9.5,0.1,0.9,1.7,0.2,3467662.8,562869.2,212194.0,233724.8,1221220.8,0.0,1098132.8,100.0,22.6,22.6,26.7,22.6,26.7
17:05:5,265.73724999999996,164.47409595959596,3,19.8,81.0,17.3,82.6,79.9,18.6,81.3,0.0,0.0,0.0,0.0,24.2,4.8,135.7,0.8,8.9,0.1,0.8,1.7,0.6,3468703.6,561828.4,212303.2,233496.8,1221863.2,0.0,1098132.4,100.0,25.8,25.8,31.5,24.6,30.6
17:06:0,1632.8357999999998,821.8473696969698,2,16.5,87.7,10.4,89.6,86.7,11.6,88.4,0.0,0.0,0.0,0.0,0.4,1.3,9.2,0.5,6.4,0.0,0.5,1.6,0.2,3470632.8,559899.2,212514.0,233532.4,1223123.2,0.0,1098141.6,100.0,25.2,25.2,30.1,25.2,30.3
17:06:1,1316.3336,500.43513227513205,3,18.9,86.7,11.3,88.7,84.5,13.1,86.8,0.0,0.0,0.0,0.0,3.0,3.1,26.0,0.9,6.5,0.2,0.9,1.2,0.3,3472463.2,558068.8,212490.0,233543.2,1224876.0,0.0,1098284.0,100.0,23.1,23.1,27.8,23.1,28.0
17:06:2,197.5231,148.49261025641027,4,19.5,68.0,30.6,69.4,68.4,29.8,70.2,0.0,0.0,0.0,0.0,0.6,1.8,12.8,0.9,6.4,0.2,0.9,1.6,0.3,3469006.4,561525.6,212382.4,233124.0,1221579.6,0.0,1098292.4,100.0,19.2,19.2,22.9,19.2,23.1
17:06:3,253.52974999999992,168.24444444444447,3,5.4,24.1,74.4,25.5,26.0,72.1,27.7,0.0,0.0,0.0,0.0,22.7,3.3,121.2,1.0,8.7,0.1,1.0,2.0,0.5,3469714.4,560817.6,212442.0,233128.0,1222623.2,0.0,1098298.8,100.0,8.5,8.5,10.4,8.5,10.6
17:06:4,389.49404999999985,222.12465789473683,2,3.8,31.7,66.9,33.1,31.7,66.7,33.1,0.0,0.0,0.0,0.0,0.6,3.2,19.6,0.7,8.9,0.1,0.7,1.4,0.2,3470859.6,559672.4,212505.6,233525.6,1223308.0,0.0,1098430.0,100.0,9.9,9.9,11.9,9.9,11.9
17:06:5,194.655,155.32335555555554,2,4.5,33.3,65.0,35.0,34.8,63.7,36.2,0.0,0.0,0.0,0.0,2.1,2.2,20.4,0.9,7.3,0.0,0.9,1.7,0.4,3468933.6,561598.4,212386.8,233532.8,1221618.8,0.0,1098425.2,100.0,13.4,13.4,15.3,12.9,15.1
17:07:0,404.8035999999997,198.2493617021277,1,4.7,61.0,36.9,63.1,62.1,36.2,63.8,0.0,0.0,0.0,0.0,0.3,1.1,7.6,0.5,5.0,0.0,0.5,1.2,0.2,3470780.8,559751.2,212638.0,233533.2,1223321.2,0.0,1098435.6,100.0,18.1,18.1,21.7,18.1,21.7
17:07:1,545.8040000000001,257.31403921568625,1,5.1,62.0,35.6,64.3,63.5,34.7,65.3,0.0,0.0,0.0,0.0,23.2,3.3,123.6,0.9,9.5,0.0,0.9,2.0,0.6,3469165.2,561366.8,212481.2,233559.6,1221763.2,0.0,1098463.2,100.0,21.4,21.4,24.1,21.4,24.3
17:07:2,287.113,181.75691999999998,1,5.0,65.0,32.6,67.4,64.9,33.4,66.5,0.0,0.0,0.0,0.0,2.8,2.3,22.4,1.0,7.3,0.1,1.0,1.8,0.3,3469768.4,560763.6,212571.6,233566.8,1222373.2,0.0,1098461.6,100.0,19.8,19.8,24.0,19.8,24.2
17:07:3,390.1106,187.84224444444445,1,4.5,56.7,42.2,57.8,57.0,41.3,58.6,0.0,0.0,0.0,0.0,0.7,2.0,15.2,0.9,8.8,0.1,0.9,1.8,0.2,3473548.8,556983.2,212721.6,234156.8,1225623.6,0.0,1098464.4,100.0,24.4,24.4,25.1,23.7,24.4
17:07:4,376.84035,206.5845416666666,1,4.8,57.1,40.6,59.4,60.1,37.7,62.2,0.0,0.0,0.0,0.0,15.7,2.6,85.3,0.7,7.7,0.1,0.7,1.3,0.2,3473374.8,557157.2,212732.4,234186.4,1225602.8,0.0,1098460.4,100.0,22.9,22.9,24.7,22.9,24.9
17:07:5,299.39425,192.46595652173914,1,4.6,54.8,43.3,56.3,55.1,42.3,57.0,0.0,0.0,0.0,0.0,16.5,5.1,98.2,0.6,7.9,0.2,0.6,1.1,1.1,3470139.2,560392.8,212709.2,233518.8,1222664.4,0.0,1098463.2,100.0,23.2,23.1,24.3,22.7,24.2
17:08:0,302.7710000000001,187.8663409090909,1,4.4,64.5,32.5,67.5,62.9,35.3,64.7,0.0,0.0,0.0,0.0,2.9,2.7,24.8,1.0,6.4,0.0,1.0,1.7,0.5,3470530.4,560001.6,212876.4,233611.2,1222346.4,0.0,1098476.4,100.0,23.7,23.8,25.9,23.7,26.0
17:08:1,398.5507999999999,212.88045999999997,1,5.0,62.4,36.0,64.0,64.0,34.8,65.2,0.0,0.0,0.0,0.0,0.6,2.3,14.4,0.8,6.9,0.1,0.8,1.3,0.2,3468397.2,562134.8,212660.0,233622.8,1220676.8,0.0,1098496.4,100.0,25.1,25.1,26.2,25.1,26.4
17:08:2,353.28975,184.99531818181822,1,4.4,57.2,41.2,58.8,56.9,42.3,57.7,0.0,0.0,0.0,0.0,14.1,2.2,76.1,0.5,7.7,0.1,0.5,1.0,0.2,3471937.2,558594.8,212795.2,233633.6,1223716.8,0.0,1098499.6,100.0,23.5,23.5,24.1,23.5,24.3
17:08:3,281.6067,173.2483404255319,1,4.7,58.7,39.5,60.5,55.6,42.9,57.0,0.0,0.0,0.0,0.0,7.3,1.3,40.8,0.5,6.1,0.0,0.5,1.2,0.2,3469693.2,560838.8,212894.4,234049.2,1222122.4,0.0,1098502.4,100.0,23.0,23.0,23.6,23.0,23.6
17:08:4,466.07349999999997,241.81464705882357,1,5.1,66.4,31.4,68.5,66.0,32.6,67.4,0.0,0.0,0.0,0.0,1.9,2.9,24.4,0.7,8.1,0.0,0.7,1.7,0.4,3470766.8,559765.2,213026.0,233674.4,1222739.2,0.0,1098497.6,100.0,24.0,24.0,25.7,24.0,25.9
17:08:5,415.23769999999996,228.24838,1,5.0,61.7,36.9,63.0,61.0,37.1,62.9,0.0,0.0,0.0,0.0,1.6,4.8,29.6,1.1,9.8,0.3,1.1,1.9,0.5,3471012.4,559519.6,213079.2,233666.4,1223026.8,0.0,1098514.0,100.0,26.2,26.2,27.8,25.7,27.6
17:09:0,306.20509999999996,190.1263958333333,1,4.8,60.7,38.1,61.9,59.9,38.3,61.7,0.0,0.0,0.0,0.0,16.6,4.2,101.6,0.7,8.3,0.1,0.7,1.5,0.6,3472712.4,557819.6,213106.4,233673.6,1224078.0,0.0,1098632.0,100.0,24.2,24.2,25.1,24.2,25.3
17:09:1,343.4171499999999,199.007875,1,4.8,62.7,35.5,64.5,63.1,35.2,64.6,0.0,0.0,0.0,0.0,9.7,2.8,52.8,1.2,6.1,0.2,1.2,1.2,0.2,3469792.0,560740.0,213116.4,233292.0,1221795.6,0.0,1098656.4,100.0,24.7,24.7,26.5,24.0,26.0
17:09:2,295.04319999999996,188.8759183673469,1,4.9,66.4,32.2,67.8,64.3,33.7,66.2,0.0,0.0,0.0,0.0,0.5,2.2,11.6,0.7,4.3,0.0,0.7,1.5,0.4,3470576.8,559955.2,213053.2,233304.0,1222542.8,0.0,1098657.6,100.0,23.2,23.2,25.4,23.2,25.6
17:09:3,171.0361,150.90013333333334,1,1.5,15.2,84.3,15.7,14.2,85.0,14.8,0.0,0.0,0.0,0.0,20.9,3.4,115.5,0.8,8.9,0.1,0.8,1.8,0.4,3471322.4,559209.6,213156.4,234278.8,1223209.2,0.0,1098668.4,100.0,10.4,10.4,10.4,9.7,9.7
17:09:4,282.5831499999998,189.7508,1,1.0,17.2,81.5,18.4,16.6,81.0,18.9,0.0,0.0,0.0,0.0,1.6,2.0,15.2,1.0,6.6,0.0,1.0,2.1,0.4,3473187.2,557344.8,213366.0,234289.6,1224691.6,0.0,1098671.2,100.0,13.5,13.5,12.9,12.8,12.4
17:09:5,195.87879999999998,168.8204,1,1.0,20.9,77.9,22.1,21.1,76.2,23.5,0.0,0.0,0.0,0.0,1.7,4.5,28.0,1.1,6.3,0.2,1.1,1.4,0.7,3472258.8,558273.2,213417.6,234197.2,1223454.8,0.0,1098678.0,100.0,16.1,16.1,15.6,15.6,15.4
17:10:0,394.94219999999996,205.85666666666668,1,1.2,19.8,78.8,21.2,19.5,78.4,21.5,0.0,0.0,0.0,0.0,0.5,1.4,10.8,0.7,7.8,0.1,0.7,1.8,0.1,3473423.6,557108.4,213356.8,234285.6,1224984.8,0.0,1098679.2,100.0,11.8,11.8,11.3,11.8,11.5
17:10:1,309.6015,201.13472727272728,1,1.1,19.8,78.7,21.3,20.7,77.8,22.0,0.0,0.0,0.0,0.0,23.0,3.1,120.4,0.9,8.9,0.0,0.9,1.8,0.4,3472534.8,557997.2,213358.8,234296.4,1224212.0,0.0,1098704.0,100.0,11.8,11.8,11.5,11.8,11.7
17:10:2,376.55150000000003,209.78471428571427,1,1.4,17.4,81.9,18.1,18.1,81.1,18.8,0.0,0.0,0.0,0.0,0.5,1.8,10.8,0.8,4.9,0.1,0.8,1.0,0.2,3471905.6,558626.4,213404.4,234124.4,1223464.8,0.0,1098706.0,100.0,12.1,12.1,11.5,12.1,11.5
17:10:3,257.3696999999999,179.08616666666668,1,1.2,19.8,79.2,20.8,18.1,81.0,18.8,0.0,0.0,0.0,0.0,2.8,3.1,27.2,0.3,3.1,0.2,0.3,0.4,0.3,3472669.2,557862.8,213479.2,233726.8,1223979.2,0.0,1098700.8,100.0,12.1,12.1,11.4,12.1,11.6
17:10:4,335.13239999999996,199.41615384615386,1,1.3,21.3,76.9,23.1,20.3,78.3,21.6,0.0,0.0,0.0,0.0,0.4,1.5,11.2,0.5,8.0,0.0,0.5,1.4,0.1,3474669.2,555862.8,213600.0,234194.8,1225286.0,0.0,1098708.0,100.0,13.6,13.6,13.2,13.6,13.4
17:10:5,350.25634999999994,211.529,1,1.2,19.2,79.8,20.2,18.1,80.8,19.1,0.0,0.0,0.0,0.0,22.7,2.9,118.8,0.9,8.5,0.2,0.9,2.0,0.4,3473608.8,556923.2,213620.0,234202.0,1224267.2,0.0,1098707.2,100.0,13.7,13.7,13.7,13.2,13.5
17:11:0,374.98229999999995,224.6924,1,1.5,20.5,78.3,21.6,19.9,79.7,20.2,0.0,0.0,0.0,0.0,2.6,0.9,17.2,0.5,6.0,0.1,0.5,1.4,0.1,3472828.8,557703.2,213632.0,234263.6,1223941.6,0.0,1098709.2,100.0,12.3,12.3,12.0,12.3,12.0
17:11:1,335.65479999999997,205.89353846153847,1,1.3,19.7,78.9,21.1,21.0,77.7,22.2,0.0,0.0,0.0,0.0,0.5,2.6,14.0,0.9,8.0,0.1,0.9,1.6,0.2,3472592.4,557939.6,213563.2,234172.4,1223470.8,0.0,1098736.0,100.0,13.3,13.3,12.3,13.3,12.5
17:11:2,366.01734999999996,217.9585833333333,1,1.2,20.5,78.7,21.3,18.4,80.6,19.3,0.0,0.0,0.0,0.0,20.0,2.1,101.7,0.8,7.3,0.0,0.8,1.8,0.4,3471814.0,558718.0,213571.6,233416.0,1222820.0,0.0,1098736.8,100.0,10.6,10.6,10.2,10.6,10.4
17:11:3,325.51885,214.19158333333337,1,1.2,21.3,77.1,22.9,22.5,76.0,23.8,0.0,0.0,0.0,0.0,0.6,3.0,17.6,1.0,10.8,0.1,1.0,2.0,0.2,3471374.0,559158.0,213677.6,234222.0,1222807.2,0.0,1098746.4,100.0,14.3,14.3,13.9,14.3,14.1
17:18:5,193.96005,193.4115,1,0.2,1.5,97.9,2.1,0.8,98.4,1.3,0.0,0.0,0.0,0.0,1.4,2.3,18.4,0.9,5.3,0.1,0.9,1.6,0.4,3468942.8,561589.2,213272.0,234305.2,1220697.6,0.0,1099090.8,100.0,2.0,2.0,2.1,2.0,2.1
17:37:3,0.882,0.882,1,0.1,1.3,97.3,2.7,3.9,94.9,4.9,0.0,0.0,0.0,0.0,1.0,1.5,11.6,0.9,5.5,0.1,0.9,2.1,0.4,3469486.4,561045.6,213494.8,233856.0,1219852.8,0.0,1100005.6,100.0,1.8,1.8,2.1,1.8,2.1
17:48:1,0.235,0.235,1,0.1,0.6,98.9,1.0,0.8,99.0,1.0,0.0,0.0,0.0,0.0,0.4,0.9,8.0,0.5,5.8,0.1,0.5,1.8,0.2,3468739.6,561792.4,213264.4,233786.8,1218750.8,0.0,1100530.8,100.0,1.5,1.5,1.4,1.5,1.4
18:25:1,0.928,0.928,1,0.1,3.8,94.8,5.2,3.2,94.6,5.0,0.0,0.0,0.0,0.0,1.6,2.3,17.9,0.7,3.3,0.1,0.7,0.9,0.6,3485369.2,545162.8,215081.2,251380.4,1224226.8,0.0,1107360.0,100.0,2.3,2.3,2.1,2.3,2.1
18:43:1,0.704,0.704,1,0.1,0.9,98.5,1.4,1.2,98.2,1.8,0.0,0.0,0.0,0.0,1.9,1.8,16.4,0.5,3.6,0.0,0.5,1.0,0.4,3487676.0,542856.0,215164.8,251744.8,1224850.8,0.0,1108188.8,100.0,1.7,1.7,1.7,1.7,1.7
18:52:3,7.458,7.458,1,0.1,2.7,96.1,3.9,0.8,99.1,0.8,0.0,0.0,0.0,0.0,0.3,0.1,3.2,0.4,2.6,0.0,0.4,1.0,0.1,3486484.0,544048.0,215016.0,251148.0,1223492.0,0.0,1108656.0,100.0,0.5,0.5,0.5,0.5,0.5
18:57:3,0.823,0.823,1,0.1,0.8,98.9,1.0,1.5,97.5,2.3,0.0,0.0,0.0,0.0,1.6,2.0,17.6,1.1,8.4,0.1,1.1,2.1,0.3,3489126.8,541405.2,215234.8,251827.6,1225324.8,0.0,1108900.4,100.0,1.9,1.9,1.9,1.9,1.9
19:09:0,0.981,0.981,1,0.1,0.7,98.5,1.3,1.4,97.7,2.3,0.0,0.0,0.0,0.0,0.8,1.4,10.8,1.0,5.5,0.2,1.0,1.5,0.3,3489013.6,541518.4,215358.4,251776.4,1224753.2,0.0,1109438.8,100.0,1.9,1.9,1.7,1.9,1.7
19:11:2,0.929,0.929,1,0.1,0.7,98.6,1.2,1.5,97.9,2.1,0.0,0.0,0.0,0.0,0.5,1.1,8.0,1.1,5.0,0.1,1.1,1.8,0.3,3490123.6,540408.4,215395.2,251822.8,1225363.6,0.0,1109580.0,100.0,2.0,2.0,2.0,2.0,2.0
19:12:1,0.672,0.672,1,0.1,0.5,99.4,0.6,0.4,99.4,0.4,0.0,0.0,0.0,0.0,2.2,1.8,18.4,1.1,6.1,0.0,1.1,1.8,0.3,3488004.0,542528.0,215309.6,251196.0,1223576.0,0.0,1109625.6,100.0,0.6,0.6,0.6,0.6,0.6
19:20:2,0.569,0.569,1,0.1,2.2,97.1,2.8,0.8,98.5,1.5,0.0,0.0,0.0,0.0,0.5,1.1,8.0,0.8,5.0,0.1,0.8,1.8,0.3,3490877.2,539654.8,215452.4,251909.6,1225805.6,0.0,1110025.2,100.0,1.8,1.8,2.0,1.8,2.0
19:41:4,0.857,0.857,1,0.1,0.7,99.3,0.7,0.4,99.3,0.5,0.0,0.0,0.0,0.0,0.5,1.1,8.0,0.9,5.0,0.0,0.9,1.6,0.2,3489272.0,541260.0,215436.0,251220.0,1223585.2,0.0,1111042.0,100.0,2.4,2.4,2.5,1.4,1.6
19:48:2,1.012,1.012,1,0.1,2.1,96.7,3.3,0.9,98.8,1.0,0.0,0.0,0.0,0.0,1.6,1.3,15.2,0.9,5.6,0.2,0.9,1.3,0.2,3490044.0,540488.0,215400.0,251228.0,1223576.0,0.0,1111372.0,100.0,0.5,0.5,0.5,0.5,0.5
20:15:4,0.915,0.915,1,0.1,0.6,99.3,0.7,0.7,98.8,1.0,0.0,0.0,0.0,0.0,0.8,1.2,10.8,0.7,5.1,0.0,0.7,1.8,0.4,3485594.0,544938.0,214841.6,233950.0,1219360.0,0.0,1111223.6,100.0,3.9,3.9,4.0,2.7,2.9
